2022-05-06 16:10:01,436: - Robot Temperature: 12 C, Obs Temperature: 12 C. date=2022 01 15


2022-05-06 16:10:01,438: - Adding extra columns to the target dataframe
2022-05-06 16:10:01,441: - Total Targets in field to tile: 661

2022-05-06 16:10:01,441: - Tile 0:
2022-05-06 16:10:01,441: - 	Remaining Targets: 661
2022-05-06 16:10:04,806: - 	Tile contains 19 galaxies, of which 0 are repeats
2022-05-06 16:10:04,806: - FINISHED TILE 0


2022-05-06 16:10:04,826: - Tile 1:
2022-05-06 16:10:04,826: - 	Remaining Targets: 642
2022-05-06 16:10:07,978: - 	Tile contains 19 galaxies, of which 0 are repeats
2022-05-06 16:10:07,978: - FINISHED TILE 1


2022-05-06 16:10:07,996: - Tile 2:
2022-05-06 16:10:07,997: - 	Remaining Targets: 623
2022-05-06 16:10:11,046: - 	Tile contains 19 galaxies, of which 0 are repeats
2022-05-06 16:10:11,046: - FINISHED TILE 2


2022-05-06 16:10:11,065: - Tile 3:
2022-05-06 16:10:11,065: - 	Remaining Targets: 604
2022-05-06 16:10:13,841: - 	Tile contains 19 galaxies, of which 0 are repeats
2022-05-06 16:10:13,842: - FINISHED TILE 3


2022-05-06 16:10:13,863: - Tile 4:
2022-05-06 16:10:13,863: - 	Remaining Targets: 585
2022-05-06 16:10:16,664: - 	Tile contains 19 galaxies, of which 0 are repeats
2022-05-06 16:10:16,665: - FINISHED TILE 4


2022-05-06 16:10:16,685: - Tile 5:
2022-05-06 16:10:16,685: - 	Remaining Targets: 566
2022-05-06 16:10:19,343: - 	Tile contains 19 galaxies, of which 0 are repeats
2022-05-06 16:10:19,343: - FINISHED TILE 5


2022-05-06 16:10:19,364: - Tile 6:
2022-05-06 16:10:19,364: - 	Remaining Targets: 547
2022-05-06 16:10:21,763: - 	Tile contains 19 galaxies, of which 0 are repeats
2022-05-06 16:10:21,763: - FINISHED TILE 6


2022-05-06 16:10:21,785: - Tile 7:
2022-05-06 16:10:21,785: - 	Remaining Targets: 528
2022-05-06 16:10:24,287: - 	Tile contains 19 galaxies, of which 0 are repeats
2022-05-06 16:10:24,287: - FINISHED TILE 7


2022-05-06 16:10:24,309: - Tile 8:
2022-05-06 16:10:24,309: - 	Remaining Targets: 509
2022-05-06 16:10:26,724: - 	Tile contains 19 galaxies, of which 0 are repeats
2022-05-06 16:10:26,724: - FINISHED TILE 8


2022-05-06 16:10:26,747: - Tile 9:
2022-05-06 16:10:26,747: - 	Remaining Targets: 490
2022-05-06 16:10:29,162: - 	Tile contains 19 galaxies, of which 0 are repeats
2022-05-06 16:10:29,162: - FINISHED TILE 9


2022-05-06 16:10:29,185: - Tile 10:
2022-05-06 16:10:29,185: - 	Remaining Targets: 471
2022-05-06 16:10:31,562: - 	Tile contains 19 galaxies, of which 0 are repeats
2022-05-06 16:10:31,562: - FINISHED TILE 10


2022-05-06 16:10:31,585: - Tile 11:
2022-05-06 16:10:31,585: - 	Remaining Targets: 452
2022-05-06 16:10:33,952: - 	Tile contains 19 galaxies, of which 0 are repeats
2022-05-06 16:10:33,952: - FINISHED TILE 11


2022-05-06 16:10:33,976: - Tile 12:
2022-05-06 16:10:33,976: - 	Remaining Targets: 433
2022-05-06 16:10:36,390: - 	Tile contains 19 galaxies, of which 0 are repeats
2022-05-06 16:10:36,390: - FINISHED TILE 12


2022-05-06 16:10:36,417: - Tile 13:
2022-05-06 16:10:36,417: - 	Remaining Targets: 414
2022-05-06 16:10:38,843: - 	Tile contains 19 galaxies, of which 0 are repeats
2022-05-06 16:10:38,844: - FINISHED TILE 13


2022-05-06 16:10:38,869: - Tile 14:
2022-05-06 16:10:38,869: - 	Remaining Targets: 395
2022-05-06 16:10:41,170: - 	Tile contains 19 galaxies, of which 0 are repeats
2022-05-06 16:10:41,171: - FINISHED TILE 14


2022-05-06 16:10:41,197: - Tile 15:
2022-05-06 16:10:41,197: - 	Remaining Targets: 376
2022-05-06 16:10:43,475: - 	Tile contains 19 galaxies, of which 0 are repeats
2022-05-06 16:10:43,475: - FINISHED TILE 15


2022-05-06 16:10:43,502: - Tile 16:
2022-05-06 16:10:43,502: - 	Remaining Targets: 357
2022-05-06 16:10:45,801: - 	Tile contains 19 galaxies, of which 0 are repeats
2022-05-06 16:10:45,801: - FINISHED TILE 16


2022-05-06 16:10:45,828: - Tile 17:
2022-05-06 16:10:45,828: - 	Remaining Targets: 338
2022-05-06 16:10:48,173: - 	Tile contains 19 galaxies, of which 0 are repeats
2022-05-06 16:10:48,173: - FINISHED TILE 17


2022-05-06 16:10:48,201: - Tile 18:
2022-05-06 16:10:48,202: - 	Remaining Targets: 319
2022-05-06 16:10:50,558: - 	Tile contains 19 galaxies, of which 0 are repeats
2022-05-06 16:10:50,558: - FINISHED TILE 18


2022-05-06 16:10:50,587: - Tile 19:
2022-05-06 16:10:50,587: - 	Remaining Targets: 300
2022-05-06 16:10:52,884: - 	Tile contains 19 galaxies, of which 0 are repeats
2022-05-06 16:10:52,884: - FINISHED TILE 19


2022-05-06 16:10:52,913: - Tile 20:
2022-05-06 16:10:52,913: - 	Remaining Targets: 281
2022-05-06 16:10:55,317: - 	Tile contains 19 galaxies, of which 0 are repeats
2022-05-06 16:10:55,318: - FINISHED TILE 20


2022-05-06 16:10:55,349: - Tile 21:
2022-05-06 16:10:55,349: - 	Remaining Targets: 262
2022-05-06 16:10:57,769: - 	Tile contains 19 galaxies, of which 1 are repeats
2022-05-06 16:10:57,769: - FINISHED TILE 21


2022-05-06 16:10:57,799: - Tile 22:
2022-05-06 16:10:57,799: - 	Remaining Targets: 244
2022-05-06 16:11:00,108: - 	Tile contains 19 galaxies, of which 1 are repeats
2022-05-06 16:11:00,108: - FINISHED TILE 22


2022-05-06 16:11:00,139: - Tile 23:
2022-05-06 16:11:00,139: - 	Remaining Targets: 226
2022-05-06 16:11:02,334: - 	Tile contains 16 galaxies, of which 0 are repeats
2022-05-06 16:11:02,334: - FINISHED TILE 23


2022-05-06 16:11:02,366: - Tile 24:
2022-05-06 16:11:02,366: - 	Remaining Targets: 210
2022-05-06 16:11:04,848: - 	Tile contains 19 galaxies, of which 4 are repeats
2022-05-06 16:11:04,848: - FINISHED TILE 24


2022-05-06 16:11:04,880: - Tile 25:
2022-05-06 16:11:04,880: - 	Remaining Targets: 195
2022-05-06 16:11:07,143: - 	Tile contains 19 galaxies, of which 7 are repeats
2022-05-06 16:11:07,144: - FINISHED TILE 25


2022-05-06 16:11:07,176: - Tile 26:
2022-05-06 16:11:07,176: - 	Remaining Targets: 183
2022-05-06 16:11:09,395: - 	Tile contains 19 galaxies, of which 5 are repeats
2022-05-06 16:11:09,395: - FINISHED TILE 26


2022-05-06 16:11:09,428: - Tile 27:
2022-05-06 16:11:09,428: - 	Remaining Targets: 169
2022-05-06 16:11:11,756: - 	Tile contains 19 galaxies, of which 5 are repeats
2022-05-06 16:11:11,757: - FINISHED TILE 27


2022-05-06 16:11:11,789: - Tile 28:
2022-05-06 16:11:11,789: - 	Remaining Targets: 155
2022-05-06 16:11:14,181: - 	Tile contains 19 galaxies, of which 6 are repeats
2022-05-06 16:11:14,181: - FINISHED TILE 28


2022-05-06 16:11:14,215: - Tile 29:
2022-05-06 16:11:14,215: - 	Remaining Targets: 142
2022-05-06 16:11:16,566: - 	Tile contains 19 galaxies, of which 6 are repeats
2022-05-06 16:11:16,566: - FINISHED TILE 29


2022-05-06 16:11:16,600: - Tile 30:
2022-05-06 16:11:16,600: - 	Remaining Targets: 129
2022-05-06 16:11:18,969: - 	Tile contains 19 galaxies, of which 6 are repeats
2022-05-06 16:11:18,969: - FINISHED TILE 30


2022-05-06 16:11:19,003: - Tile 31:
2022-05-06 16:11:19,004: - 	Remaining Targets: 116
2022-05-06 16:11:21,282: - 	Tile contains 19 galaxies, of which 8 are repeats
2022-05-06 16:11:21,282: - FINISHED TILE 31


2022-05-06 16:11:21,318: - Tile 32:
2022-05-06 16:11:21,318: - 	Remaining Targets: 105
2022-05-06 16:11:23,750: - 	Tile contains 19 galaxies, of which 9 are repeats
2022-05-06 16:11:23,750: - FINISHED TILE 32


2022-05-06 16:11:23,788: - Tile 33:
2022-05-06 16:11:23,788: - 	Remaining Targets: 95
2022-05-06 16:11:26,144: - 	Tile contains 19 galaxies, of which 10 are repeats
2022-05-06 16:11:26,144: - FINISHED TILE 33


2022-05-06 16:11:26,182: - Tile 34:
2022-05-06 16:11:26,182: - 	Remaining Targets: 86
2022-05-06 16:11:28,416: - 	Tile contains 16 galaxies, of which 8 are repeats
2022-05-06 16:11:28,417: - FINISHED TILE 34


2022-05-06 16:11:28,456: - Tile 35:
2022-05-06 16:11:28,456: - 	Remaining Targets: 78
2022-05-06 16:11:30,742: - 	Tile contains 19 galaxies, of which 12 are repeats
2022-05-06 16:11:30,742: - FINISHED TILE 35


2022-05-06 16:11:30,780: - Tile 36:
2022-05-06 16:11:30,781: - 	Remaining Targets: 71
2022-05-06 16:11:33,047: - 	Tile contains 14 galaxies, of which 7 are repeats
2022-05-06 16:11:33,047: - FINISHED TILE 36


2022-05-06 16:11:33,086: - Tile 37:
2022-05-06 16:11:33,086: - 	Remaining Targets: 64
2022-05-06 16:11:35,205: - 	Tile contains 14 galaxies, of which 8 are repeats
2022-05-06 16:11:35,206: - FINISHED TILE 37


2022-05-06 16:11:35,244: - Tile 38:
2022-05-06 16:11:35,245: - 	Remaining Targets: 58
2022-05-06 16:11:37,549: - 	Tile contains 17 galaxies, of which 10 are repeats
2022-05-06 16:11:37,550: - FINISHED TILE 38


2022-05-06 16:11:37,589: - Tile 39:
2022-05-06 16:11:37,589: - 	Remaining Targets: 51
2022-05-06 16:11:40,080: - 	Tile contains 18 galaxies, of which 12 are repeats
2022-05-06 16:11:40,081: - FINISHED TILE 39


2022-05-06 16:11:40,121: - Tile 40:
2022-05-06 16:11:40,122: - 	Remaining Targets: 45
2022-05-06 16:11:42,552: - 	Tile contains 19 galaxies, of which 14 are repeats
2022-05-06 16:11:42,552: - FINISHED TILE 40


2022-05-06 16:11:42,593: - Tile 41:
2022-05-06 16:11:42,593: - 	Remaining Targets: 40
2022-05-06 16:11:44,929: - 	Tile contains 18 galaxies, of which 14 are repeats
2022-05-06 16:11:44,929: - FINISHED TILE 41


2022-05-06 16:11:44,970: - Tile 42:
2022-05-06 16:11:44,970: - 	Remaining Targets: 36
2022-05-06 16:11:47,177: - 	Tile contains 17 galaxies, of which 13 are repeats
2022-05-06 16:11:47,177: - FINISHED TILE 42


2022-05-06 16:11:47,219: - Tile 43:
2022-05-06 16:11:47,219: - 	Remaining Targets: 32
2022-05-06 16:11:49,655: - 	Tile contains 19 galaxies, of which 15 are repeats
2022-05-06 16:11:49,655: - FINISHED TILE 43


2022-05-06 16:11:49,697: - Tile 44:
2022-05-06 16:11:49,697: - 	Remaining Targets: 28
2022-05-06 16:11:52,129: - 	Tile contains 4 galaxies, of which 1 are repeats
2022-05-06 16:11:52,129: - FINISHED TILE 44


2022-05-06 16:11:52,174: - Tile 45:
2022-05-06 16:11:52,174: - 	Remaining Targets: 25
2022-05-06 16:11:54,434: - 	Tile contains 16 galaxies, of which 12 are repeats
2022-05-06 16:11:54,434: - FINISHED TILE 45


2022-05-06 16:11:54,476: - Tile 46:
2022-05-06 16:11:54,476: - 	Remaining Targets: 21
2022-05-06 16:11:56,675: - 	Tile contains 12 galaxies, of which 9 are repeats
2022-05-06 16:11:56,676: - FINISHED TILE 46


2022-05-06 16:11:56,719: - Tile 47:
2022-05-06 16:11:56,719: - 	Remaining Targets: 18
2022-05-06 16:11:59,357: - 	Tile contains 19 galaxies, of which 16 are repeats
2022-05-06 16:11:59,357: - FINISHED TILE 47


2022-05-06 16:11:59,404: - Tile 48:
2022-05-06 16:11:59,404: - 	Remaining Targets: 15
2022-05-06 16:12:01,875: - 	Tile contains 9 galaxies, of which 7 are repeats
2022-05-06 16:12:01,875: - FINISHED TILE 48


2022-05-06 16:12:01,920: - Tile 49:
2022-05-06 16:12:01,920: - 	Remaining Targets: 13
2022-05-06 16:12:04,300: - 	Tile contains 4 galaxies, of which 2 are repeats
2022-05-06 16:12:04,300: - FINISHED TILE 49


2022-05-06 16:12:04,345: - Tile 50:
2022-05-06 16:12:04,346: - 	Remaining Targets: 11
2022-05-06 16:12:06,871: - 	Tile contains 19 galaxies, of which 16 are repeats
2022-05-06 16:12:06,871: - FINISHED TILE 50


2022-05-06 16:12:06,915: - Tile 51:
2022-05-06 16:12:06,916: - 	Remaining Targets: 8
2022-05-06 16:12:09,336: - 	Tile contains 19 galaxies, of which 17 are repeats
2022-05-06 16:12:09,336: - FINISHED TILE 51


2022-05-06 16:12:09,381: - Tile 52:
2022-05-06 16:12:09,381: - 	Remaining Targets: 6
2022-05-06 16:12:12,031: - 	Tile contains 19 galaxies, of which 18 are repeats
2022-05-06 16:12:12,032: - FINISHED TILE 52


2022-05-06 16:12:12,077: - Tile 53:
2022-05-06 16:12:12,077: - 	Remaining Targets: 5
2022-05-06 16:12:14,477: - 	Tile contains 14 galaxies, of which 13 are repeats
2022-05-06 16:12:14,477: - FINISHED TILE 53


2022-05-06 16:12:14,525: - Tile 54:
2022-05-06 16:12:14,525: - 	Remaining Targets: 4
2022-05-06 16:12:17,247: - 	Tile contains 15 galaxies, of which 14 are repeats
2022-05-06 16:12:17,248: - FINISHED TILE 54


2022-05-06 16:12:17,294: - Tile 55:
2022-05-06 16:12:17,294: - 	Remaining Targets: 3
2022-05-06 16:12:19,608: - 	Tile contains 11 galaxies, of which 10 are repeats
2022-05-06 16:12:19,608: - FINISHED TILE 55


2022-05-06 16:12:19,655: - Tile 56:
2022-05-06 16:12:19,655: - 	Remaining Targets: 2
2022-05-06 16:12:22,664: - 	Tile contains 19 galaxies, of which 18 are repeats
2022-05-06 16:12:22,664: - FINISHED TILE 56


2022-05-06 16:12:22,716: - Tile 57:
2022-05-06 16:12:22,716: - 	Remaining Targets: 1
2022-05-06 16:12:26,546: - 	Tile contains 19 galaxies, of which 18 are repeats
2022-05-06 16:12:26,547: - FINISHED TILE 57


2022-05-06 16:12:26,595: - 


2022-05-06 16:12:26,596: - Done!
