2022-04-29 11:58:01,801: - Robot Temperature: 12 C, Obs Temperature: 12 C. date=2022 01 15


2022-04-29 11:58:01,806: - Adding extra columns to the target dataframe
2022-04-29 11:58:01,810: - Total Targets in field to tile: 683

2022-04-29 11:58:01,810: - Tile 0:
2022-04-29 11:58:01,810: - 	Remaining Targets: 683
2022-04-29 11:58:02,880: - FINISHED TILE 0


2022-04-29 11:58:02,904: - Tile 1:
2022-04-29 11:58:02,904: - 	Remaining Targets: 663
2022-04-29 11:58:03,808: - FINISHED TILE 1


2022-04-29 11:58:03,831: - Tile 2:
2022-04-29 11:58:03,831: - 	Remaining Targets: 644
2022-04-29 11:58:04,692: - FINISHED TILE 2


2022-04-29 11:58:04,716: - Tile 3:
2022-04-29 11:58:04,716: - 	Remaining Targets: 625
2022-04-29 11:58:05,527: - FINISHED TILE 3


2022-04-29 11:58:05,556: - Tile 4:
2022-04-29 11:58:05,556: - 	Remaining Targets: 606
2022-04-29 11:58:06,369: - FINISHED TILE 4


2022-04-29 11:58:06,393: - Tile 5:
2022-04-29 11:58:06,393: - 	Remaining Targets: 587
2022-04-29 11:58:07,173: - FINISHED TILE 5


2022-04-29 11:58:07,197: - Tile 6:
2022-04-29 11:58:07,197: - 	Remaining Targets: 568
2022-04-29 11:58:07,955: - FINISHED TILE 6


2022-04-29 11:58:07,979: - Tile 7:
2022-04-29 11:58:07,980: - 	Remaining Targets: 549
2022-04-29 11:58:08,774: - FINISHED TILE 7


2022-04-29 11:58:08,799: - Tile 8:
2022-04-29 11:58:08,799: - 	Remaining Targets: 530
2022-04-29 11:58:09,645: - FINISHED TILE 8


2022-04-29 11:58:09,671: - Tile 9:
2022-04-29 11:58:09,672: - 	Remaining Targets: 511
2022-04-29 11:58:10,428: - FINISHED TILE 9


2022-04-29 11:58:10,455: - Tile 10:
2022-04-29 11:58:10,455: - 	Remaining Targets: 492
2022-04-29 11:58:11,224: - FINISHED TILE 10


2022-04-29 11:58:11,259: - Tile 11:
2022-04-29 11:58:11,260: - 	Remaining Targets: 473
2022-04-29 11:58:12,043: - FINISHED TILE 11


2022-04-29 11:58:12,071: - Tile 12:
2022-04-29 11:58:12,071: - 	Remaining Targets: 454
2022-04-29 11:58:12,844: - FINISHED TILE 12


2022-04-29 11:58:12,873: - Tile 13:
2022-04-29 11:58:12,874: - 	Remaining Targets: 435
2022-04-29 11:58:13,643: - FINISHED TILE 13


2022-04-29 11:58:13,674: - Tile 14:
2022-04-29 11:58:13,674: - 	Remaining Targets: 415
2022-04-29 11:58:14,464: - FINISHED TILE 14


2022-04-29 11:58:14,495: - Tile 15:
2022-04-29 11:58:14,495: - 	Remaining Targets: 396
2022-04-29 11:58:15,298: - FINISHED TILE 15


2022-04-29 11:58:15,330: - Tile 16:
2022-04-29 11:58:15,331: - 	Remaining Targets: 377
2022-04-29 11:58:16,105: - FINISHED TILE 16


2022-04-29 11:58:16,138: - Tile 17:
2022-04-29 11:58:16,138: - 	Remaining Targets: 358
2022-04-29 11:58:16,922: - FINISHED TILE 17


2022-04-29 11:58:16,958: - Tile 18:
2022-04-29 11:58:16,958: - 	Remaining Targets: 338
2022-04-29 11:58:17,752: - FINISHED TILE 18


2022-04-29 11:58:17,786: - Tile 19:
2022-04-29 11:58:17,787: - 	Remaining Targets: 319
2022-04-29 11:58:18,668: - FINISHED TILE 19


2022-04-29 11:58:18,711: - Tile 20:
2022-04-29 11:58:18,711: - 	Remaining Targets: 300
2022-04-29 11:58:19,574: - FINISHED TILE 20


2022-04-29 11:58:19,609: - Tile 21:
2022-04-29 11:58:19,609: - 	Remaining Targets: 281
2022-04-29 11:58:20,374: - FINISHED TILE 21


2022-04-29 11:58:20,411: - Tile 22:
2022-04-29 11:58:20,411: - 	Remaining Targets: 262
2022-04-29 11:58:21,175: - FINISHED TILE 22


2022-04-29 11:58:21,212: - Tile 23:
2022-04-29 11:58:21,212: - 	Remaining Targets: 243
2022-04-29 11:58:21,974: - FINISHED TILE 23


2022-04-29 11:58:22,012: - Tile 24:
2022-04-29 11:58:22,012: - 	Remaining Targets: 224
2022-04-29 11:58:22,782: - FINISHED TILE 24


2022-04-29 11:58:22,819: - Tile 25:
2022-04-29 11:58:22,819: - 	Remaining Targets: 205
2022-04-29 11:58:23,565: - FINISHED TILE 25


2022-04-29 11:58:23,614: - Tile 26:
2022-04-29 11:58:23,614: - 	Remaining Targets: 189
2022-04-29 11:58:24,407: - FINISHED TILE 26


2022-04-29 11:58:24,447: - Tile 27:
2022-04-29 11:58:24,447: - 	Remaining Targets: 173
2022-04-29 11:58:25,221: - FINISHED TILE 27


2022-04-29 11:58:25,260: - Tile 28:
2022-04-29 11:58:25,260: - 	Remaining Targets: 158
2022-04-29 11:58:26,007: - FINISHED TILE 28


2022-04-29 11:58:26,046: - Tile 29:
2022-04-29 11:58:26,046: - 	Remaining Targets: 145
2022-04-29 11:58:26,808: - FINISHED TILE 29


2022-04-29 11:58:26,850: - Tile 30:
2022-04-29 11:58:26,850: - 	Remaining Targets: 130
2022-04-29 11:58:27,580: - FINISHED TILE 30


2022-04-29 11:58:27,622: - Tile 31:
2022-04-29 11:58:27,622: - 	Remaining Targets: 117
2022-04-29 11:58:28,517: - FINISHED TILE 31


2022-04-29 11:58:28,557: - Tile 32:
2022-04-29 11:58:28,557: - 	Remaining Targets: 104
2022-04-29 11:58:29,356: - FINISHED TILE 32


2022-04-29 11:58:29,396: - Tile 33:
2022-04-29 11:58:29,396: - 	Remaining Targets: 92
2022-04-29 11:58:30,167: - FINISHED TILE 33


2022-04-29 11:58:30,213: - Tile 34:
2022-04-29 11:58:30,213: - 	Remaining Targets: 82
2022-04-29 11:58:31,012: - FINISHED TILE 34


2022-04-29 11:58:31,055: - Tile 35:
2022-04-29 11:58:31,055: - 	Remaining Targets: 72
2022-04-29 11:58:31,792: - FINISHED TILE 35


2022-04-29 11:58:31,836: - Tile 36:
2022-04-29 11:58:31,836: - 	Remaining Targets: 63
2022-04-29 11:58:32,597: - FINISHED TILE 36


2022-04-29 11:58:32,641: - Tile 37:
2022-04-29 11:58:32,641: - 	Remaining Targets: 54
2022-04-29 11:58:33,402: - FINISHED TILE 37


2022-04-29 11:58:33,448: - Tile 38:
2022-04-29 11:58:33,448: - 	Remaining Targets: 45
2022-04-29 11:58:34,236: - FINISHED TILE 38


2022-04-29 11:58:34,294: - Tile 39:
2022-04-29 11:58:34,294: - 	Remaining Targets: 38
2022-04-29 11:58:35,073: - FINISHED TILE 39


2022-04-29 11:58:35,119: - Tile 40:
2022-04-29 11:58:35,119: - 	Remaining Targets: 32
2022-04-29 11:58:35,878: - FINISHED TILE 40


2022-04-29 11:58:35,924: - Tile 41:
2022-04-29 11:58:35,925: - 	Remaining Targets: 26
2022-04-29 11:58:36,689: - FINISHED TILE 41


2022-04-29 11:58:36,738: - Tile 42:
2022-04-29 11:58:36,738: - 	Remaining Targets: 21
2022-04-29 11:58:37,500: - FINISHED TILE 42


2022-04-29 11:58:37,549: - Tile 43:
2022-04-29 11:58:37,549: - 	Remaining Targets: 17
2022-04-29 11:58:38,375: - FINISHED TILE 43


2022-04-29 11:58:38,426: - Tile 44:
2022-04-29 11:58:38,426: - 	Remaining Targets: 14
2022-04-29 11:58:38,986: - FINISHED TILE 44


2022-04-29 11:58:39,034: - Tile 45:
2022-04-29 11:58:39,034: - 	Remaining Targets: 11
2022-04-29 11:58:39,957: - FINISHED TILE 45


2022-04-29 11:58:40,007: - Tile 46:
2022-04-29 11:58:40,007: - 	Remaining Targets: 8
2022-04-29 11:58:41,147: - FINISHED TILE 46


2022-04-29 11:58:41,196: - Tile 47:
2022-04-29 11:58:41,196: - 	Remaining Targets: 7
2022-04-29 11:58:42,161: - FINISHED TILE 47


2022-04-29 11:58:42,211: - Tile 48:
2022-04-29 11:58:42,211: - 	Remaining Targets: 6
2022-04-29 11:58:43,567: - FINISHED TILE 48


2022-04-29 11:58:43,623: - Tile 49:
2022-04-29 11:58:43,623: - 	Remaining Targets: 5
2022-04-29 11:58:44,752: - FINISHED TILE 49


2022-04-29 11:58:44,802: - Tile 50:
2022-04-29 11:58:44,802: - 	Remaining Targets: 4
2022-04-29 11:58:45,737: - FINISHED TILE 50


2022-04-29 11:58:45,790: - Tile 51:
2022-04-29 11:58:45,790: - 	Remaining Targets: 3
2022-04-29 11:58:46,739: - FINISHED TILE 51


2022-04-29 11:58:46,791: - Tile 52:
2022-04-29 11:58:46,791: - 	Remaining Targets: 2
2022-04-29 11:58:47,921: - FINISHED TILE 52


2022-04-29 11:58:47,974: - Tile 53:
2022-04-29 11:58:47,974: - 	Remaining Targets: 1
2022-04-29 11:58:49,837: - FINISHED TILE 53


2022-04-29 11:58:49,890: - 


2022-04-29 11:58:49,890: - Done!
