2022-01-07 12:26:35,974: - Robot Temperature: 12 C, Obs Temperature: 12 C. date=2022 01 15


2022-01-07 12:26:35,979: - Adding extra columns to the target dataframe
2022-01-07 12:26:36,018: - Total Targets in field to tile: 306

2022-01-07 12:26:36,018: - Tile 0:
2022-01-07 12:26:36,018: - 	Remaining Targets: 306
2022-01-07 12:26:36,586: - FINISHED TILE 0


2022-01-07 12:26:36,597: - Tile 1:
2022-01-07 12:26:36,597: - 	Remaining Targets: 287
2022-01-07 12:26:36,973: - FINISHED TILE 1


2022-01-07 12:26:36,983: - Tile 2:
2022-01-07 12:26:36,983: - 	Remaining Targets: 267
2022-01-07 12:26:37,356: - FINISHED TILE 2


2022-01-07 12:26:37,368: - Tile 3:
2022-01-07 12:26:37,368: - 	Remaining Targets: 248
2022-01-07 12:26:37,711: - FINISHED TILE 3


2022-01-07 12:26:37,724: - Tile 4:
2022-01-07 12:26:37,724: - 	Remaining Targets: 229
2022-01-07 12:26:38,071: - FINISHED TILE 4


2022-01-07 12:26:38,084: - Tile 5:
2022-01-07 12:26:38,084: - 	Remaining Targets: 209
2022-01-07 12:26:38,432: - FINISHED TILE 5


2022-01-07 12:26:38,445: - Tile 6:
2022-01-07 12:26:38,446: - 	Remaining Targets: 190
2022-01-07 12:26:38,797: - FINISHED TILE 6


2022-01-07 12:26:38,812: - Tile 7:
2022-01-07 12:26:38,812: - 	Remaining Targets: 171
2022-01-07 12:26:39,155: - FINISHED TILE 7


2022-01-07 12:26:39,169: - Tile 8:
2022-01-07 12:26:39,169: - 	Remaining Targets: 151
2022-01-07 12:26:39,547: - FINISHED TILE 8


2022-01-07 12:26:39,562: - Tile 9:
2022-01-07 12:26:39,562: - 	Remaining Targets: 131
2022-01-07 12:26:39,913: - FINISHED TILE 9


2022-01-07 12:26:39,929: - Tile 10:
2022-01-07 12:26:39,929: - 	Remaining Targets: 112
2022-01-07 12:26:40,252: - FINISHED TILE 10


2022-01-07 12:26:40,268: - Tile 11:
2022-01-07 12:26:40,268: - 	Remaining Targets: 97
2022-01-07 12:26:40,609: - FINISHED TILE 11


2022-01-07 12:26:40,625: - Tile 12:
2022-01-07 12:26:40,625: - 	Remaining Targets: 88
2022-01-07 12:26:40,972: - FINISHED TILE 12


2022-01-07 12:26:40,989: - Tile 13:
2022-01-07 12:26:40,989: - 	Remaining Targets: 79
2022-01-07 12:26:41,319: - FINISHED TILE 13


2022-01-07 12:26:41,336: - Tile 14:
2022-01-07 12:26:41,336: - 	Remaining Targets: 74
2022-01-07 12:26:41,641: - FINISHED TILE 14


2022-01-07 12:26:41,659: - Tile 15:
2022-01-07 12:26:41,659: - 	Remaining Targets: 63
2022-01-07 12:26:41,981: - FINISHED TILE 15


2022-01-07 12:26:42,039: - Tile 16:
2022-01-07 12:26:42,039: - 	Remaining Targets: 56
2022-01-07 12:26:42,374: - FINISHED TILE 16


2022-01-07 12:26:42,393: - Tile 17:
2022-01-07 12:26:42,393: - 	Remaining Targets: 47
2022-01-07 12:26:42,761: - FINISHED TILE 17


2022-01-07 12:26:42,780: - Tile 18:
2022-01-07 12:26:42,780: - 	Remaining Targets: 44
2022-01-07 12:26:43,114: - FINISHED TILE 18


2022-01-07 12:26:43,133: - Tile 19:
2022-01-07 12:26:43,133: - 	Remaining Targets: 39
2022-01-07 12:26:43,527: - FINISHED TILE 19


2022-01-07 12:26:43,548: - Tile 20:
2022-01-07 12:26:43,548: - 	Remaining Targets: 37
2022-01-07 12:26:43,916: - FINISHED TILE 20


2022-01-07 12:26:43,936: - Tile 21:
2022-01-07 12:26:43,936: - 	Remaining Targets: 35
2022-01-07 12:26:44,268: - FINISHED TILE 21


2022-01-07 12:26:44,290: - Tile 22:
2022-01-07 12:26:44,290: - 	Remaining Targets: 30
2022-01-07 12:26:44,694: - FINISHED TILE 22


2022-01-07 12:26:44,715: - Tile 23:
2022-01-07 12:26:44,715: - 	Remaining Targets: 28
2022-01-07 12:26:45,084: - FINISHED TILE 23


2022-01-07 12:26:45,108: - Tile 24:
2022-01-07 12:26:45,108: - 	Remaining Targets: 26
2022-01-07 12:26:45,438: - FINISHED TILE 24


2022-01-07 12:26:45,460: - Tile 25:
2022-01-07 12:26:45,460: - 	Remaining Targets: 22
2022-01-07 12:26:45,743: - FINISHED TILE 25


2022-01-07 12:26:45,766: - Tile 26:
2022-01-07 12:26:45,766: - 	Remaining Targets: 18
2022-01-07 12:26:46,130: - FINISHED TILE 26


2022-01-07 12:26:46,153: - Tile 27:
2022-01-07 12:26:46,153: - 	Remaining Targets: 16
2022-01-07 12:26:46,455: - FINISHED TILE 27


2022-01-07 12:26:46,477: - Tile 28:
2022-01-07 12:26:46,477: - 	Remaining Targets: 13
2022-01-07 12:26:46,986: - FINISHED TILE 28


2022-01-07 12:26:47,008: - Tile 29:
2022-01-07 12:26:47,008: - 	Remaining Targets: 11
2022-01-07 12:26:47,453: - FINISHED TILE 29


2022-01-07 12:26:47,477: - Tile 30:
2022-01-07 12:26:47,477: - 	Remaining Targets: 9
2022-01-07 12:26:47,783: - FINISHED TILE 30


2022-01-07 12:26:47,810: - Tile 31:
2022-01-07 12:26:47,810: - 	Remaining Targets: 7
2022-01-07 12:26:48,222: - FINISHED TILE 31


2022-01-07 12:26:48,247: - Tile 32:
2022-01-07 12:26:48,247: - 	Remaining Targets: 5
2022-01-07 12:26:48,600: - FINISHED TILE 32


2022-01-07 12:26:48,625: - Tile 33:
2022-01-07 12:26:48,625: - 	Remaining Targets: 3
2022-01-07 12:26:49,362: - FINISHED TILE 33


2022-01-07 12:26:49,389: - Tile 34:
2022-01-07 12:26:49,389: - 	Remaining Targets: 2
2022-01-07 12:26:50,012: - FINISHED TILE 34


2022-01-07 12:26:50,037: - Tile 35:
2022-01-07 12:26:50,037: - 	Remaining Targets: 1
2022-01-07 12:26:51,882: - FINISHED TILE 35


2022-01-07 12:26:51,909: - 


2022-01-07 12:26:51,909: - Done!
