2022-05-09 12:53:34,923: - Robot Temperature: 12 C, Obs Temperature: 12 C. date=2022 01 15


2022-05-09 12:53:34,925: - Adding extra columns to the target dataframe
2022-05-09 12:53:34,929: - Total Targets in field to tile: 306

2022-05-09 12:53:34,929: - Tile 0:
2022-05-09 12:53:34,930: - 	Remaining Targets: 306
2022-05-09 12:53:37,410: - 	Tile contains 19 galaxies, of which 0 are repeats
2022-05-09 12:53:37,410: - FINISHED TILE 0


2022-05-09 12:53:37,421: - Tile 1:
2022-05-09 12:53:37,421: - 	Remaining Targets: 286
2022-05-09 12:53:39,676: - 	Tile contains 19 galaxies, of which 0 are repeats
2022-05-09 12:53:39,677: - FINISHED TILE 1


2022-05-09 12:53:39,688: - Tile 2:
2022-05-09 12:53:39,689: - 	Remaining Targets: 267
2022-05-09 12:53:41,988: - 	Tile contains 19 galaxies, of which 0 are repeats
2022-05-09 12:53:41,989: - FINISHED TILE 2


2022-05-09 12:53:42,000: - Tile 3:
2022-05-09 12:53:42,000: - 	Remaining Targets: 248
2022-05-09 12:53:44,458: - 	Tile contains 19 galaxies, of which 0 are repeats
2022-05-09 12:53:44,458: - FINISHED TILE 3


2022-05-09 12:53:44,470: - Tile 4:
2022-05-09 12:53:44,470: - 	Remaining Targets: 229
2022-05-09 12:53:46,918: - 	Tile contains 19 galaxies, of which 0 are repeats
2022-05-09 12:53:46,918: - FINISHED TILE 4


2022-05-09 12:53:46,931: - Tile 5:
2022-05-09 12:53:46,931: - 	Remaining Targets: 209
2022-05-09 12:53:49,095: - 	Tile contains 19 galaxies, of which 0 are repeats
2022-05-09 12:53:49,095: - FINISHED TILE 5


2022-05-09 12:53:49,108: - Tile 6:
2022-05-09 12:53:49,108: - 	Remaining Targets: 190
2022-05-09 12:53:51,156: - 	Tile contains 18 galaxies, of which 8 are repeats
2022-05-09 12:53:51,156: - FINISHED TILE 6


2022-05-09 12:53:51,169: - Tile 7:
2022-05-09 12:53:51,169: - 	Remaining Targets: 179
2022-05-09 12:53:53,213: - 	Tile contains 19 galaxies, of which 1 are repeats
2022-05-09 12:53:53,213: - FINISHED TILE 7


2022-05-09 12:53:53,227: - Tile 8:
2022-05-09 12:53:53,227: - 	Remaining Targets: 161
2022-05-09 12:53:55,213: - 	Tile contains 19 galaxies, of which 0 are repeats
2022-05-09 12:53:55,214: - FINISHED TILE 8


2022-05-09 12:53:55,227: - Tile 9:
2022-05-09 12:53:55,228: - 	Remaining Targets: 141
2022-05-09 12:53:57,244: - 	Tile contains 19 galaxies, of which 0 are repeats
2022-05-09 12:53:57,244: - FINISHED TILE 9


2022-05-09 12:53:57,259: - Tile 10:
2022-05-09 12:53:57,259: - 	Remaining Targets: 122
2022-05-09 12:53:59,260: - 	Tile contains 17 galaxies, of which 8 are repeats
2022-05-09 12:53:59,260: - FINISHED TILE 10


2022-05-09 12:53:59,276: - Tile 11:
2022-05-09 12:53:59,276: - 	Remaining Targets: 113
2022-05-09 12:54:01,467: - 	Tile contains 18 galaxies, of which 5 are repeats
2022-05-09 12:54:01,467: - FINISHED TILE 11


2022-05-09 12:54:01,485: - Tile 12:
2022-05-09 12:54:01,485: - 	Remaining Targets: 100
2022-05-09 12:54:03,666: - 	Tile contains 17 galaxies, of which 6 are repeats
2022-05-09 12:54:03,666: - FINISHED TILE 12


2022-05-09 12:54:03,683: - Tile 13:
2022-05-09 12:54:03,683: - 	Remaining Targets: 89
2022-05-09 12:54:05,782: - 	Tile contains 18 galaxies, of which 15 are repeats
2022-05-09 12:54:05,782: - FINISHED TILE 13


2022-05-09 12:54:05,798: - Tile 14:
2022-05-09 12:54:05,798: - 	Remaining Targets: 86
2022-05-09 12:54:07,748: - 	Tile contains 12 galaxies, of which 3 are repeats
2022-05-09 12:54:07,749: - FINISHED TILE 14


2022-05-09 12:54:07,766: - Tile 15:
2022-05-09 12:54:07,766: - 	Remaining Targets: 77
2022-05-09 12:54:09,515: - 	Tile contains 11 galaxies, of which 0 are repeats
2022-05-09 12:54:09,516: - FINISHED TILE 15


2022-05-09 12:54:09,533: - Tile 16:
2022-05-09 12:54:09,533: - 	Remaining Targets: 66
2022-05-09 12:54:11,566: - 	Tile contains 17 galaxies, of which 14 are repeats
2022-05-09 12:54:11,566: - FINISHED TILE 16


2022-05-09 12:54:11,584: - Tile 17:
2022-05-09 12:54:11,584: - 	Remaining Targets: 63
2022-05-09 12:54:13,891: - 	Tile contains 12 galaxies, of which 7 are repeats
2022-05-09 12:54:13,891: - FINISHED TILE 17


2022-05-09 12:54:13,910: - Tile 18:
2022-05-09 12:54:13,910: - 	Remaining Targets: 58
2022-05-09 12:54:15,960: - 	Tile contains 16 galaxies, of which 13 are repeats
2022-05-09 12:54:15,960: - FINISHED TILE 18


2022-05-09 12:54:15,980: - Tile 19:
2022-05-09 12:54:15,981: - 	Remaining Targets: 55
2022-05-09 12:54:18,115: - 	Tile contains 9 galaxies, of which 1 are repeats
2022-05-09 12:54:18,115: - FINISHED TILE 19


2022-05-09 12:54:18,138: - Tile 20:
2022-05-09 12:54:18,138: - 	Remaining Targets: 47
2022-05-09 12:54:20,455: - 	Tile contains 11 galaxies, of which 9 are repeats
2022-05-09 12:54:20,455: - FINISHED TILE 20


2022-05-09 12:54:20,474: - Tile 21:
2022-05-09 12:54:20,474: - 	Remaining Targets: 45
2022-05-09 12:54:22,448: - 	Tile contains 14 galaxies, of which 10 are repeats
2022-05-09 12:54:22,448: - FINISHED TILE 21


2022-05-09 12:54:22,467: - Tile 22:
2022-05-09 12:54:22,467: - 	Remaining Targets: 41
2022-05-09 12:54:24,372: - 	Tile contains 14 galaxies, of which 9 are repeats
2022-05-09 12:54:24,373: - FINISHED TILE 22


2022-05-09 12:54:24,392: - Tile 23:
2022-05-09 12:54:24,392: - 	Remaining Targets: 36
2022-05-09 12:54:26,315: - 	Tile contains 17 galaxies, of which 15 are repeats
2022-05-09 12:54:26,316: - FINISHED TILE 23


2022-05-09 12:54:26,335: - Tile 24:
2022-05-09 12:54:26,335: - 	Remaining Targets: 34
2022-05-09 12:54:28,218: - 	Tile contains 13 galaxies, of which 12 are repeats
2022-05-09 12:54:28,218: - FINISHED TILE 24


2022-05-09 12:54:28,238: - Tile 25:
2022-05-09 12:54:28,238: - 	Remaining Targets: 33
2022-05-09 12:54:30,130: - 	Tile contains 13 galaxies, of which 9 are repeats
2022-05-09 12:54:30,130: - FINISHED TILE 25


2022-05-09 12:54:30,151: - Tile 26:
2022-05-09 12:54:30,152: - 	Remaining Targets: 29
2022-05-09 12:54:32,008: - 	Tile contains 7 galaxies, of which 4 are repeats
2022-05-09 12:54:32,008: - FINISHED TILE 26


2022-05-09 12:54:32,029: - Tile 27:
2022-05-09 12:54:32,029: - 	Remaining Targets: 26
2022-05-09 12:54:33,931: - 	Tile contains 13 galaxies, of which 12 are repeats
2022-05-09 12:54:33,932: - FINISHED TILE 27


2022-05-09 12:54:33,952: - Tile 28:
2022-05-09 12:54:33,952: - 	Remaining Targets: 25
2022-05-09 12:54:35,598: - 	Tile contains 4 galaxies, of which 0 are repeats
2022-05-09 12:54:35,598: - FINISHED TILE 28


2022-05-09 12:54:35,619: - Tile 29:
2022-05-09 12:54:35,620: - 	Remaining Targets: 21
2022-05-09 12:54:37,195: - 	Tile contains 5 galaxies, of which 1 are repeats
2022-05-09 12:54:37,195: - FINISHED TILE 29


2022-05-09 12:54:37,217: - Tile 30:
2022-05-09 12:54:37,217: - 	Remaining Targets: 17
2022-05-09 12:54:39,312: - 	Tile contains 18 galaxies, of which 16 are repeats
2022-05-09 12:54:39,312: - FINISHED TILE 30


2022-05-09 12:54:39,334: - Tile 31:
2022-05-09 12:54:39,334: - 	Remaining Targets: 15
2022-05-09 12:54:40,995: - 	Tile contains 6 galaxies, of which 5 are repeats
2022-05-09 12:54:40,995: - FINISHED TILE 31


2022-05-09 12:54:41,017: - Tile 32:
2022-05-09 12:54:41,018: - 	Remaining Targets: 14
2022-05-09 12:54:42,807: - 	Tile contains 3 galaxies, of which 1 are repeats
2022-05-09 12:54:42,807: - FINISHED TILE 32


2022-05-09 12:54:42,831: - Tile 33:
2022-05-09 12:54:42,831: - 	Remaining Targets: 12
2022-05-09 12:54:44,693: - 	Tile contains 9 galaxies, of which 7 are repeats
2022-05-09 12:54:44,693: - FINISHED TILE 33


2022-05-09 12:54:44,715: - Tile 34:
2022-05-09 12:54:44,716: - 	Remaining Targets: 10
2022-05-09 12:54:46,927: - 	Tile contains 15 galaxies, of which 13 are repeats
2022-05-09 12:54:46,927: - FINISHED TILE 34


2022-05-09 12:54:46,951: - Tile 35:
2022-05-09 12:54:46,951: - 	Remaining Targets: 8
2022-05-09 12:54:48,640: - 	Tile contains 6 galaxies, of which 5 are repeats
2022-05-09 12:54:48,640: - FINISHED TILE 35


2022-05-09 12:54:48,664: - Tile 36:
2022-05-09 12:54:48,664: - 	Remaining Targets: 7
2022-05-09 12:54:50,372: - 	Tile contains 4 galaxies, of which 2 are repeats
2022-05-09 12:54:50,372: - FINISHED TILE 36


2022-05-09 12:54:50,396: - Tile 37:
2022-05-09 12:54:50,396: - 	Remaining Targets: 5
2022-05-09 12:54:52,212: - 	Tile contains 11 galaxies, of which 9 are repeats
2022-05-09 12:54:52,212: - FINISHED TILE 37


2022-05-09 12:54:52,235: - Tile 38:
2022-05-09 12:54:52,236: - 	Remaining Targets: 3
