Building DAG of jobs...
Using shell: /bin/bash
Provided cores: 1 (use --cores to define parallelism)
Rules claiming more threads will be scaled down.
Job stats:
job                   count    min threads    max threads
------------------  -------  -------------  -------------
all                       1              1              1
allocate_tile             2              1              1
check_tile                2              1              1
collect_outputs           2              1              1
get_galaxy_cutouts        2              1              1
update_header             2              1              1
total                    11              1              1

Select jobs to execute...

[Mon Sep 19 12:56:30 2022]
Job 86: Fixing the file headers

[Mon Sep 19 12:56:32 2022]
Finished job 86.
1 of 11 steps (9%) done
Select jobs to execute...

[Mon Sep 19 12:56:32 2022]
Job 85: Allocating the Hexabundles

[Mon Sep 19 12:56:44 2022]
Finished job 85.
2 of 11 steps (18%) done
Select jobs to execute...

[Mon Sep 19 12:56:44 2022]
Job 137: Checking the final files

[Mon Sep 19 12:56:45 2022]
Finished job 137.
3 of 11 steps (27%) done
Select jobs to execute...

[Mon Sep 19 12:56:45 2022]
Job 90: Fixing the file headers

[Mon Sep 19 12:56:46 2022]
Finished job 90.
4 of 11 steps (36%) done
Select jobs to execute...

[Mon Sep 19 12:56:47 2022]
Job 114: Downloading the cutouts

[Mon Sep 19 13:06:14 2022]
Finished job 114.
5 of 11 steps (45%) done
Select jobs to execute...

[Mon Sep 19 13:06:14 2022]
Job 89: Allocating the Hexabundles

[Mon Sep 19 13:06:28 2022]
Finished job 89.
6 of 11 steps (55%) done
Select jobs to execute...

[Mon Sep 19 13:06:28 2022]
Job 138: Checking the final files

[Mon Sep 19 13:06:29 2022]
Finished job 138.
7 of 11 steps (64%) done
Select jobs to execute...

[Mon Sep 19 13:06:29 2022]
Job 160: Collecting the outputs into a nice format

[Mon Sep 19 13:06:30 2022]
Finished job 160.
8 of 11 steps (73%) done
Select jobs to execute...

[Mon Sep 19 13:06:30 2022]
Job 115: Downloading the cutouts

[Mon Sep 19 13:11:53 2022]
Finished job 115.
9 of 11 steps (82%) done
Select jobs to execute...

[Mon Sep 19 13:11:53 2022]
Job 161: Collecting the outputs into a nice format

[Mon Sep 19 13:11:55 2022]
Finished job 161.
10 of 11 steps (91%) done
Select jobs to execute...

[Mon Sep 19 13:11:55 2022]
localrule all:
    input: results/20220914/TilingOutputs/H01/FinalOutputs/H01_tile_000_finished.flag, results/20220914/TilingOutputs/H01/FinalOutputs/H01_tile_003_finished.flag, results/20220914/TilingOutputs/H01/FinalOutputs/H01_tile_004_finished.flag, results/20220914/TilingOutputs/H01/FinalOutputs/H01_tile_005_finished.flag, results/20220914/TilingOutputs/H03/FinalOutputs/H03_tile_001_finished.flag, results/20220914/TilingOutputs/H03/FinalOutputs/H03_tile_002_finished.flag, results/20220914/TilingOutputs/H03/FinalOutputs/H03_tile_003_finished.flag, results/20220914/TilingOutputs/H03/FinalOutputs/H03_tile_004_finished.flag, results/20220914/TilingOutputs/H01_guide_centre/FinalOutputs/H01_guide_centre_tile_001_finished.flag, results/20220914/TilingOutputs/H01_guide_centre/FinalOutputs/H01_guide_centre_tile_002_finished.flag, results/20220914/TilingOutputs/H01_guide_centre/FinalOutputs/H01_guide_centre_tile_003_finished.flag, results/20220914/TilingOutputs/H01_guide_centre/FinalOutputs/H01_guide_centre_tile_004_finished.flag, results/20220914/TilingOutputs/H01_guide_centre/FinalOutputs/H01_guide_centre_tile_005_finished.flag, results/20220914/TilingOutputs/H03_guide_centre/FinalOutputs/H03_guide_centre_tile_001_finished.flag, results/20220914/TilingOutputs/H03_guide_centre/FinalOutputs/H03_guide_centre_tile_002_finished.flag, results/20220914/TilingOutputs/StarFields_Radial/FinalOutputs/StarFields_Radial_tile_001_finished.flag, results/20220914/TilingOutputs/StarFields_Radial/FinalOutputs/StarFields_Radial_tile_002_finished.flag, results/20220914/TilingOutputs/StarFields/FinalOutputs/StarFields_tile_001_finished.flag, results/20220914/TilingOutputs/StarFields/FinalOutputs/StarFields_tile_002_finished.flag, results/20220914/TilingOutputs/A2399_guide_centre/FinalOutputs/A2399_guide_centre_tile_001_finished.flag, results/20220914/TilingOutputs/A2399_guide_centre/FinalOutputs/A2399_guide_centre_tile_002_finished.flag, results/20220914/TilingOutputs/A2399_guide_centre/FinalOutputs/A2399_guide_centre_tile_003_finished.flag, results/20220914/TilingOutputs/A2399_guide_centre/FinalOutputs/A2399_guide_centre_tile_004_finished.flag, results/20220914/Cutouts/H01_tile_000/download_complete.flag, results/20220914/Cutouts/H01_tile_003/download_complete.flag, results/20220914/Cutouts/H01_tile_004/download_complete.flag, results/20220914/Cutouts/H01_tile_005/download_complete.flag, results/20220914/Cutouts/H03_tile_001/download_complete.flag, results/20220914/Cutouts/H03_tile_002/download_complete.flag, results/20220914/Cutouts/H03_tile_003/download_complete.flag, results/20220914/Cutouts/H03_tile_004/download_complete.flag, results/20220914/Cutouts/H01_guide_centre_tile_001/download_complete.flag, results/20220914/Cutouts/H01_guide_centre_tile_002/download_complete.flag, results/20220914/Cutouts/H01_guide_centre_tile_003/download_complete.flag, results/20220914/Cutouts/H01_guide_centre_tile_004/download_complete.flag, results/20220914/Cutouts/H01_guide_centre_tile_005/download_complete.flag, results/20220914/Cutouts/H03_guide_centre_tile_001/download_complete.flag, results/20220914/Cutouts/H03_guide_centre_tile_002/download_complete.flag, results/20220914/Cutouts/StarFields_Radial_tile_001/download_complete.flag, results/20220914/Cutouts/StarFields_Radial_tile_002/download_complete.flag, results/20220914/Cutouts/StarFields_tile_001/download_complete.flag, results/20220914/Cutouts/StarFields_tile_002/download_complete.flag, results/20220914/Cutouts/A2399_guide_centre_tile_001/download_complete.flag, results/20220914/Cutouts/A2399_guide_centre_tile_002/download_complete.flag, results/20220914/Cutouts/A2399_guide_centre_tile_003/download_complete.flag, results/20220914/Cutouts/A2399_guide_centre_tile_004/download_complete.flag, results/20220914/FileChecks/H01/H01_tile_000_checked.flag, results/20220914/FileChecks/H01/H01_tile_003_checked.flag, results/20220914/FileChecks/H01/H01_tile_004_checked.flag, results/20220914/FileChecks/H01/H01_tile_005_checked.flag, results/20220914/FileChecks/H03/H03_tile_001_checked.flag, results/20220914/FileChecks/H03/H03_tile_002_checked.flag, results/20220914/FileChecks/H03/H03_tile_003_checked.flag, results/20220914/FileChecks/H03/H03_tile_004_checked.flag, results/20220914/FileChecks/H01_guide_centre/H01_guide_centre_tile_001_checked.flag, results/20220914/FileChecks/H01_guide_centre/H01_guide_centre_tile_002_checked.flag, results/20220914/FileChecks/H01_guide_centre/H01_guide_centre_tile_003_checked.flag, results/20220914/FileChecks/H01_guide_centre/H01_guide_centre_tile_004_checked.flag, results/20220914/FileChecks/H01_guide_centre/H01_guide_centre_tile_005_checked.flag, results/20220914/FileChecks/H03_guide_centre/H03_guide_centre_tile_001_checked.flag, results/20220914/FileChecks/H03_guide_centre/H03_guide_centre_tile_002_checked.flag, results/20220914/FileChecks/StarFields_Radial/StarFields_Radial_tile_001_checked.flag, results/20220914/FileChecks/StarFields_Radial/StarFields_Radial_tile_002_checked.flag, results/20220914/FileChecks/StarFields/StarFields_tile_001_checked.flag, results/20220914/FileChecks/StarFields/StarFields_tile_002_checked.flag, results/20220914/FileChecks/A2399_guide_centre/A2399_guide_centre_tile_001_checked.flag, results/20220914/FileChecks/A2399_guide_centre/A2399_guide_centre_tile_002_checked.flag, results/20220914/FileChecks/A2399_guide_centre/A2399_guide_centre_tile_003_checked.flag, results/20220914/FileChecks/A2399_guide_centre/A2399_guide_centre_tile_004_checked.flag, results/20220914/Upload/H01_tile_000.tar.gz, results/20220914/Upload/H01_tile_003.tar.gz, results/20220914/Upload/H01_tile_004.tar.gz, results/20220914/Upload/H01_tile_005.tar.gz, results/20220914/Upload/H03_tile_001.tar.gz, results/20220914/Upload/H03_tile_002.tar.gz, results/20220914/Upload/H03_tile_003.tar.gz, results/20220914/Upload/H03_tile_004.tar.gz, results/20220914/Upload/H01_guide_centre_tile_001.tar.gz, results/20220914/Upload/H01_guide_centre_tile_002.tar.gz, results/20220914/Upload/H01_guide_centre_tile_003.tar.gz, results/20220914/Upload/H01_guide_centre_tile_004.tar.gz, results/20220914/Upload/H01_guide_centre_tile_005.tar.gz, results/20220914/Upload/H03_guide_centre_tile_001.tar.gz, results/20220914/Upload/H03_guide_centre_tile_002.tar.gz, results/20220914/Upload/StarFields_Radial_tile_001.tar.gz, results/20220914/Upload/StarFields_Radial_tile_002.tar.gz, results/20220914/Upload/StarFields_tile_001.tar.gz, results/20220914/Upload/StarFields_tile_002.tar.gz, results/20220914/Upload/A2399_guide_centre_tile_001.tar.gz, results/20220914/Upload/A2399_guide_centre_tile_002.tar.gz, results/20220914/Upload/A2399_guide_centre_tile_003.tar.gz, results/20220914/Upload/A2399_guide_centre_tile_004.tar.gz, results/20220914/FileChecks/H01/H01_tile_000_checked.flag, results/20220914/FileChecks/H01/H01_tile_003_checked.flag, results/20220914/FileChecks/H01/H01_tile_004_checked.flag, results/20220914/FileChecks/H01/H01_tile_005_checked.flag, results/20220914/FileChecks/H03/H03_tile_001_checked.flag, results/20220914/FileChecks/H03/H03_tile_002_checked.flag, results/20220914/FileChecks/H03/H03_tile_003_checked.flag, results/20220914/FileChecks/H03/H03_tile_004_checked.flag, results/20220914/FileChecks/H01_guide_centre/H01_guide_centre_tile_001_checked.flag, results/20220914/FileChecks/H01_guide_centre/H01_guide_centre_tile_002_checked.flag, results/20220914/FileChecks/H01_guide_centre/H01_guide_centre_tile_003_checked.flag, results/20220914/FileChecks/H01_guide_centre/H01_guide_centre_tile_004_checked.flag, results/20220914/FileChecks/H01_guide_centre/H01_guide_centre_tile_005_checked.flag, results/20220914/FileChecks/H03_guide_centre/H03_guide_centre_tile_001_checked.flag, results/20220914/FileChecks/H03_guide_centre/H03_guide_centre_tile_002_checked.flag, results/20220914/FileChecks/StarFields_Radial/StarFields_Radial_tile_001_checked.flag, results/20220914/FileChecks/StarFields_Radial/StarFields_Radial_tile_002_checked.flag, results/20220914/FileChecks/StarFields/StarFields_tile_001_checked.flag, results/20220914/FileChecks/StarFields/StarFields_tile_002_checked.flag, results/20220914/FileChecks/A2399_guide_centre/A2399_guide_centre_tile_001_checked.flag, results/20220914/FileChecks/A2399_guide_centre/A2399_guide_centre_tile_002_checked.flag, results/20220914/FileChecks/A2399_guide_centre/A2399_guide_centre_tile_003_checked.flag, results/20220914/FileChecks/A2399_guide_centre/A2399_guide_centre_tile_004_checked.flag
    jobid: 0
    resources: tmpdir=/var/folders/bd/ym7_px1s7_53zt92h0rfdb000000gp/T

[Mon Sep 19 13:11:55 2022]
Finished job 0.
11 of 11 steps (100%) done
Complete log: /Users/samvaughan/Science/Hector/Observing/.snakemake/log/2022-09-19T125629.616239.snakemake.log
