Building DAG of jobs...
Using shell: /bin/bash
Provided cores: 1 (use --cores to define parallelism)
Rules claiming more threads will be scaled down.
Job stats:
job                   count    min threads    max threads
------------------  -------  -------------  -------------
all                       1              1              1
allocate_tile             1              1              1
check_tile                1              1              1
collect_outputs           1              1              1
get_galaxy_cutouts        1              1              1
update_header             1              1              1
total                     6              1              1

Select jobs to execute...

[Sun Oct 16 15:33:31 2022]
Job 6: Fixing the file headers

[Sun Oct 16 15:33:34 2022]
Finished job 6.
1 of 6 steps (17%) done
Select jobs to execute...

[Sun Oct 16 15:33:34 2022]
Job 5: Allocating the Hexabundles

[Sun Oct 16 15:33:50 2022]
Finished job 5.
2 of 6 steps (33%) done
Select jobs to execute...

[Sun Oct 16 15:33:50 2022]
Job 10: Downloading the cutouts

[Sun Oct 16 15:42:45 2022]
Finished job 10.
3 of 6 steps (50%) done
Select jobs to execute...

[Sun Oct 16 15:42:45 2022]
Job 12: Checking the final files

[Sun Oct 16 15:42:47 2022]
Finished job 12.
4 of 6 steps (67%) done
Select jobs to execute...

[Sun Oct 16 15:42:47 2022]
Job 14: Collecting the outputs into a nice format

[Sun Oct 16 15:42:49 2022]
Finished job 14.
5 of 6 steps (83%) done
Select jobs to execute...

[Sun Oct 16 15:42:49 2022]
localrule all:
    input: results/20221019/TilingOutputs/H01/FinalOutputs/H01_tile_001_finished.flag, results/20221019/TilingOutputs/H03/FinalOutputs/H03_tile_001_finished.flag, results/20221019/Cutouts/H01_tile_001/download_complete.flag, results/20221019/Cutouts/H03_tile_001/download_complete.flag, results/20221019/FileChecks/H01/H01_tile_001_checked.flag, results/20221019/FileChecks/H03/H03_tile_001_checked.flag, results/20221019/Upload/H01_tile_001.tar.gz, results/20221019/Upload/H03_tile_001.tar.gz, results/20221019/FileChecks/H01/H01_tile_001_checked.flag, results/20221019/FileChecks/H03/H03_tile_001_checked.flag
    jobid: 0
    resources: tmpdir=/var/folders/bd/ym7_px1s7_53zt92h0rfdb000000gp/T

[Sun Oct 16 15:42:49 2022]
Finished job 0.
6 of 6 steps (100%) done
Complete log: /Users/samvaughan/Science/Hector/Observing/.snakemake/log/2022-10-16T153331.183005.snakemake.log
