2022-04-29 14:08:57,509: - Robot Temperature: 12 C, Obs Temperature: 12 C. date=2022 01 15


2022-04-29 14:08:57,512: - Adding extra columns to the target dataframe
2022-04-29 14:08:57,537: - Total Targets in field to tile: 477

2022-04-29 14:08:57,537: - Tile 0:
2022-04-29 14:08:57,537: - 	Remaining Targets: 477
2022-04-29 14:09:00,394: - 	Tile contains 19 galaxies, of which 0 are repeats
2022-04-29 14:09:00,394: - FINISHED TILE 0


2022-04-29 14:09:00,409: - Tile 1:
2022-04-29 14:09:00,410: - 	Remaining Targets: 458
2022-04-29 14:09:03,440: - 	Tile contains 19 galaxies, of which 0 are repeats
2022-04-29 14:09:03,440: - FINISHED TILE 1


2022-04-29 14:09:03,455: - Tile 2:
2022-04-29 14:09:03,456: - 	Remaining Targets: 436
2022-04-29 14:09:07,070: - 	Tile contains 19 galaxies, of which 0 are repeats
2022-04-29 14:09:07,070: - FINISHED TILE 2


2022-04-29 14:09:07,086: - Tile 3:
2022-04-29 14:09:07,086: - 	Remaining Targets: 417
2022-04-29 14:09:09,817: - 	Tile contains 19 galaxies, of which 0 are repeats
2022-04-29 14:09:09,817: - FINISHED TILE 3


2022-04-29 14:09:09,835: - Tile 4:
2022-04-29 14:09:09,835: - 	Remaining Targets: 397
2022-04-29 14:09:12,857: - 	Tile contains 19 galaxies, of which 0 are repeats
2022-04-29 14:09:12,857: - FINISHED TILE 4


2022-04-29 14:09:12,875: - Tile 5:
2022-04-29 14:09:12,875: - 	Remaining Targets: 378
2022-04-29 14:09:15,947: - 	Tile contains 19 galaxies, of which 0 are repeats
2022-04-29 14:09:15,948: - FINISHED TILE 5


2022-04-29 14:09:15,970: - Tile 6:
2022-04-29 14:09:15,970: - 	Remaining Targets: 359
2022-04-29 14:09:19,445: - 	Tile contains 19 galaxies, of which 0 are repeats
2022-04-29 14:09:19,445: - FINISHED TILE 6


2022-04-29 14:09:19,465: - Tile 7:
2022-04-29 14:09:19,465: - 	Remaining Targets: 340
2022-04-29 14:09:23,136: - 	Tile contains 19 galaxies, of which 0 are repeats
2022-04-29 14:09:23,137: - FINISHED TILE 7


2022-04-29 14:09:23,159: - Tile 8:
2022-04-29 14:09:23,159: - 	Remaining Targets: 321
2022-04-29 14:09:27,393: - 	Tile contains 19 galaxies, of which 1 are repeats
2022-04-29 14:09:27,393: - FINISHED TILE 8


2022-04-29 14:09:27,417: - Tile 9:
2022-04-29 14:09:27,417: - 	Remaining Targets: 303
2022-04-29 14:09:30,316: - 	Tile contains 19 galaxies, of which 0 are repeats
2022-04-29 14:09:30,316: - FINISHED TILE 9


2022-04-29 14:09:30,336: - Tile 10:
2022-04-29 14:09:30,336: - 	Remaining Targets: 284
