2022-04-29 13:30:54,421: - Robot Temperature: 12 C, Obs Temperature: 12 C. date=2022 01 15


2022-04-29 13:30:54,424: - Adding extra columns to the target dataframe
2022-04-29 13:30:54,454: - Total Targets in field to tile: 477

2022-04-29 13:30:54,454: - Tile 0:
2022-04-29 13:30:54,454: - 	Remaining Targets: 477
2022-04-29 13:30:57,589: - FINISHED TILE 0


2022-04-29 13:30:57,606: - Tile 1:
2022-04-29 13:30:57,607: - 	Remaining Targets: 456
2022-04-29 13:31:00,881: - FINISHED TILE 1


2022-04-29 13:31:00,898: - Tile 2:
2022-04-29 13:31:00,898: - 	Remaining Targets: 436
2022-04-29 13:31:04,542: - FINISHED TILE 2


2022-04-29 13:31:04,561: - Tile 3:
2022-04-29 13:31:04,561: - 	Remaining Targets: 417
2022-04-29 13:31:07,285: - FINISHED TILE 3


2022-04-29 13:31:07,302: - Tile 4:
2022-04-29 13:31:07,302: - 	Remaining Targets: 398
2022-04-29 13:31:10,668: - FINISHED TILE 4


2022-04-29 13:31:10,686: - Tile 5:
2022-04-29 13:31:10,686: - 	Remaining Targets: 379
2022-04-29 13:31:13,986: - FINISHED TILE 5


2022-04-29 13:31:14,004: - Tile 6:
2022-04-29 13:31:14,004: - 	Remaining Targets: 360
2022-04-29 13:31:17,184: - FINISHED TILE 6


2022-04-29 13:31:17,203: - Tile 7:
2022-04-29 13:31:17,203: - 	Remaining Targets: 341
2022-04-29 13:31:20,875: - FINISHED TILE 7


2022-04-29 13:31:20,896: - Tile 8:
2022-04-29 13:31:20,896: - 	Remaining Targets: 322
2022-04-29 13:31:24,054: - FINISHED TILE 8


2022-04-29 13:31:24,075: - Tile 9:
2022-04-29 13:31:24,075: - 	Remaining Targets: 302
2022-04-29 13:31:27,531: - FINISHED TILE 9


2022-04-29 13:31:27,554: - Tile 10:
2022-04-29 13:31:27,554: - 	Remaining Targets: 283
2022-04-29 13:31:30,596: - FINISHED TILE 10


2022-04-29 13:31:30,617: - Tile 11:
2022-04-29 13:31:30,617: - 	Remaining Targets: 266
2022-04-29 13:31:33,307: - FINISHED TILE 11


2022-04-29 13:31:33,329: - Tile 12:
2022-04-29 13:31:33,329: - 	Remaining Targets: 251
2022-04-29 13:31:36,846: - FINISHED TILE 12


2022-04-29 13:31:36,870: - Tile 13:
2022-04-29 13:31:36,870: - 	Remaining Targets: 235
2022-04-29 13:31:39,581: - FINISHED TILE 13


2022-04-29 13:31:39,605: - Tile 14:
2022-04-29 13:31:39,605: - 	Remaining Targets: 220
2022-04-29 13:31:43,238: - FINISHED TILE 14


2022-04-29 13:31:43,262: - Tile 15:
2022-04-29 13:31:43,262: - 	Remaining Targets: 204
2022-04-29 13:31:45,983: - FINISHED TILE 15


2022-04-29 13:31:46,009: - Tile 16:
2022-04-29 13:31:46,010: - 	Remaining Targets: 191
2022-04-29 13:31:49,130: - FINISHED TILE 16


2022-04-29 13:31:49,155: - Tile 17:
2022-04-29 13:31:49,155: - 	Remaining Targets: 179
2022-04-29 13:31:52,611: - FINISHED TILE 17


2022-04-29 13:31:52,638: - Tile 18:
2022-04-29 13:31:52,638: - 	Remaining Targets: 164
2022-04-29 13:31:55,774: - FINISHED TILE 18


2022-04-29 13:31:55,802: - Tile 19:
2022-04-29 13:31:55,802: - 	Remaining Targets: 149
2022-04-29 13:31:59,735: - FINISHED TILE 19


2022-04-29 13:31:59,763: - Tile 20:
2022-04-29 13:31:59,764: - 	Remaining Targets: 137
2022-04-29 13:32:02,890: - FINISHED TILE 20


2022-04-29 13:32:02,919: - Tile 21:
2022-04-29 13:32:02,919: - 	Remaining Targets: 126
2022-04-29 13:32:06,269: - FINISHED TILE 21


2022-04-29 13:32:06,295: - Tile 22:
2022-04-29 13:32:06,295: - 	Remaining Targets: 115
2022-04-29 13:32:09,277: - FINISHED TILE 22


2022-04-29 13:32:09,304: - Tile 23:
2022-04-29 13:32:09,304: - 	Remaining Targets: 105
2022-04-29 13:32:12,808: - FINISHED TILE 23


2022-04-29 13:32:12,838: - Tile 24:
2022-04-29 13:32:12,838: - 	Remaining Targets: 94
2022-04-29 13:32:15,912: - FINISHED TILE 24


2022-04-29 13:32:15,940: - Tile 25:
2022-04-29 13:32:15,940: - 	Remaining Targets: 86
2022-04-29 13:32:18,647: - FINISHED TILE 25


2022-04-29 13:32:18,678: - Tile 26:
2022-04-29 13:32:18,678: - 	Remaining Targets: 77
2022-04-29 13:32:21,879: - FINISHED TILE 26


2022-04-29 13:32:21,908: - Tile 27:
2022-04-29 13:32:21,909: - 	Remaining Targets: 69
2022-04-29 13:32:24,955: - FINISHED TILE 27


2022-04-29 13:32:24,987: - Tile 28:
2022-04-29 13:32:24,987: - 	Remaining Targets: 62
2022-04-29 13:32:27,732: - FINISHED TILE 28


2022-04-29 13:32:27,764: - Tile 29:
2022-04-29 13:32:27,764: - 	Remaining Targets: 55
2022-04-29 13:32:30,473: - FINISHED TILE 29


2022-04-29 13:32:30,509: - Tile 30:
2022-04-29 13:32:30,509: - 	Remaining Targets: 49
2022-04-29 13:32:33,649: - FINISHED TILE 30


2022-04-29 13:32:33,682: - Tile 31:
2022-04-29 13:32:33,682: - 	Remaining Targets: 44
2022-04-29 13:32:37,036: - FINISHED TILE 31


2022-04-29 13:32:37,069: - Tile 32:
2022-04-29 13:32:37,069: - 	Remaining Targets: 39
2022-04-29 13:32:40,162: - FINISHED TILE 32


2022-04-29 13:32:40,195: - Tile 33:
2022-04-29 13:32:40,195: - 	Remaining Targets: 35
2022-04-29 13:32:43,581: - FINISHED TILE 33


2022-04-29 13:32:43,616: - Tile 34:
2022-04-29 13:32:43,617: - 	Remaining Targets: 31
2022-04-29 13:32:46,274: - FINISHED TILE 34


2022-04-29 13:32:46,308: - Tile 35:
2022-04-29 13:32:46,308: - 	Remaining Targets: 27
2022-04-29 13:32:49,658: - FINISHED TILE 35


2022-04-29 13:32:49,694: - Tile 36:
2022-04-29 13:32:49,695: - 	Remaining Targets: 23
2022-04-29 13:32:53,255: - FINISHED TILE 36


2022-04-29 13:32:53,290: - Tile 37:
2022-04-29 13:32:53,290: - 	Remaining Targets: 20
2022-04-29 13:32:56,837: - FINISHED TILE 37


2022-04-29 13:32:56,911: - Tile 38:
2022-04-29 13:32:56,911: - 	Remaining Targets: 17
2022-04-29 13:33:00,987: - FINISHED TILE 38


2022-04-29 13:33:01,028: - Tile 39:
2022-04-29 13:33:01,028: - 	Remaining Targets: 14
2022-04-29 13:33:05,280: - FINISHED TILE 39


2022-04-29 13:33:05,323: - Tile 40:
2022-04-29 13:33:05,323: - 	Remaining Targets: 12
2022-04-29 13:33:09,526: - FINISHED TILE 40


2022-04-29 13:33:09,569: - Tile 41:
2022-04-29 13:33:09,569: - 	Remaining Targets: 10
2022-04-29 13:33:13,111: - FINISHED TILE 41


2022-04-29 13:33:13,151: - Tile 42:
2022-04-29 13:33:13,151: - 	Remaining Targets: 8
2022-04-29 13:33:15,732: - FINISHED TILE 42


2022-04-29 13:33:15,769: - Tile 43:
2022-04-29 13:33:15,769: - 	Remaining Targets: 6
2022-04-29 13:33:19,430: - FINISHED TILE 43


2022-04-29 13:33:19,470: - Tile 44:
2022-04-29 13:33:19,470: - 	Remaining Targets: 5
2022-04-29 13:33:23,118: - FINISHED TILE 44


2022-04-29 13:33:23,159: - Tile 45:
2022-04-29 13:33:23,159: - 	Remaining Targets: 4
2022-04-29 13:33:27,316: - FINISHED TILE 45


2022-04-29 13:33:27,357: - Tile 46:
2022-04-29 13:33:27,357: - 	Remaining Targets: 3
2022-04-29 13:33:31,607: - FINISHED TILE 46


2022-04-29 13:33:31,649: - Tile 47:
2022-04-29 13:33:31,649: - 	Remaining Targets: 2
2022-04-29 13:33:35,672: - FINISHED TILE 47


2022-04-29 13:33:35,714: - Tile 48:
2022-04-29 13:33:35,714: - 	Remaining Targets: 1
2022-04-29 13:33:40,889: - FINISHED TILE 48


2022-04-29 13:33:40,929: - 


2022-04-29 13:33:40,929: - Done!
