2022-06-24 12:39:16,521: - Robot Temperature: 12 C, Obs Temperature: 12 C. date=2022 01 15


2022-06-24 12:39:16,524: - Adding extra columns to the target dataframe
2022-06-24 12:39:16,531: - Total Targets in field to tile: 435

2022-06-24 12:39:16,531: - Tile 0:
2022-06-24 12:39:16,531: - 	Remaining Targets: 435
2022-06-24 12:39:18,602: - 	Tile contains 19 galaxies, of which 0 are repeats
2022-06-24 12:39:18,602: - FINISHED TILE 0


2022-06-24 12:39:18,617: - Tile 1:
2022-06-24 12:39:18,617: - 	Remaining Targets: 416
2022-06-24 12:39:20,612: - 	Tile contains 19 galaxies, of which 0 are repeats
2022-06-24 12:39:20,612: - FINISHED TILE 1


2022-06-24 12:39:20,628: - Tile 2:
2022-06-24 12:39:20,628: - 	Remaining Targets: 397
2022-06-24 12:39:22,573: - 	Tile contains 19 galaxies, of which 0 are repeats
2022-06-24 12:39:22,573: - FINISHED TILE 2


2022-06-24 12:39:22,589: - Tile 3:
2022-06-24 12:39:22,589: - 	Remaining Targets: 378
2022-06-24 12:39:24,536: - 	Tile contains 19 galaxies, of which 0 are repeats
2022-06-24 12:39:24,536: - FINISHED TILE 3


2022-06-24 12:39:24,552: - Tile 4:
2022-06-24 12:39:24,552: - 	Remaining Targets: 359
2022-06-24 12:39:26,492: - 	Tile contains 19 galaxies, of which 0 are repeats
2022-06-24 12:39:26,493: - FINISHED TILE 4


2022-06-24 12:39:26,510: - Tile 5:
2022-06-24 12:39:26,510: - 	Remaining Targets: 340
2022-06-24 12:39:28,441: - 	Tile contains 19 galaxies, of which 0 are repeats
2022-06-24 12:39:28,441: - FINISHED TILE 5


2022-06-24 12:39:28,458: - Tile 6:
2022-06-24 12:39:28,458: - 	Remaining Targets: 321
2022-06-24 12:39:30,411: - 	Tile contains 19 galaxies, of which 0 are repeats
2022-06-24 12:39:30,411: - FINISHED TILE 6


2022-06-24 12:39:30,428: - Tile 7:
2022-06-24 12:39:30,428: - 	Remaining Targets: 302
2022-06-24 12:39:32,353: - 	Tile contains 19 galaxies, of which 0 are repeats
2022-06-24 12:39:32,353: - FINISHED TILE 7


2022-06-24 12:39:32,371: - Tile 8:
2022-06-24 12:39:32,371: - 	Remaining Targets: 283
2022-06-24 12:39:34,282: - 	Tile contains 19 galaxies, of which 0 are repeats
2022-06-24 12:39:34,282: - FINISHED TILE 8


2022-06-24 12:39:34,300: - Tile 9:
2022-06-24 12:39:34,301: - 	Remaining Targets: 264
2022-06-24 12:39:36,226: - 	Tile contains 19 galaxies, of which 0 are repeats
2022-06-24 12:39:36,226: - FINISHED TILE 9


2022-06-24 12:39:36,245: - Tile 10:
2022-06-24 12:39:36,245: - 	Remaining Targets: 245
2022-06-24 12:39:38,155: - 	Tile contains 19 galaxies, of which 0 are repeats
2022-06-24 12:39:38,156: - FINISHED TILE 10


2022-06-24 12:39:38,175: - Tile 11:
2022-06-24 12:39:38,175: - 	Remaining Targets: 226
2022-06-24 12:39:40,141: - 	Tile contains 19 galaxies, of which 0 are repeats
2022-06-24 12:39:40,141: - FINISHED TILE 11


2022-06-24 12:39:40,161: - Tile 12:
2022-06-24 12:39:40,161: - 	Remaining Targets: 207
2022-06-24 12:39:42,077: - 	Tile contains 19 galaxies, of which 1 are repeats
2022-06-24 12:39:42,077: - FINISHED TILE 12


2022-06-24 12:39:42,098: - Tile 13:
2022-06-24 12:39:42,098: - 	Remaining Targets: 189
2022-06-24 12:39:44,008: - 	Tile contains 19 galaxies, of which 0 are repeats
2022-06-24 12:39:44,008: - FINISHED TILE 13


2022-06-24 12:39:44,030: - Tile 14:
2022-06-24 12:39:44,030: - 	Remaining Targets: 170
2022-06-24 12:39:45,875: - 	Tile contains 16 galaxies, of which 0 are repeats
2022-06-24 12:39:45,876: - FINISHED TILE 14


2022-06-24 12:39:45,897: - Tile 15:
2022-06-24 12:39:45,897: - 	Remaining Targets: 154
2022-06-24 12:39:47,823: - 	Tile contains 19 galaxies, of which 1 are repeats
2022-06-24 12:39:47,823: - FINISHED TILE 15


2022-06-24 12:39:47,846: - Tile 16:
2022-06-24 12:39:47,846: - 	Remaining Targets: 136
2022-06-24 12:39:49,664: - 	Tile contains 15 galaxies, of which 0 are repeats
2022-06-24 12:39:49,664: - FINISHED TILE 16


2022-06-24 12:39:49,686: - Tile 17:
2022-06-24 12:39:49,687: - 	Remaining Targets: 121
2022-06-24 12:39:51,473: - 	Tile contains 14 galaxies, of which 1 are repeats
2022-06-24 12:39:51,473: - FINISHED TILE 17


2022-06-24 12:39:51,497: - Tile 18:
2022-06-24 12:39:51,497: - 	Remaining Targets: 108
2022-06-24 12:39:53,347: - 	Tile contains 17 galaxies, of which 4 are repeats
2022-06-24 12:39:53,347: - FINISHED TILE 18


2022-06-24 12:39:53,371: - Tile 19:
2022-06-24 12:39:53,371: - 	Remaining Targets: 95
2022-06-24 12:39:55,285: - 	Tile contains 19 galaxies, of which 9 are repeats
2022-06-24 12:39:55,285: - FINISHED TILE 19


2022-06-24 12:39:55,309: - Tile 20:
2022-06-24 12:39:55,309: - 	Remaining Targets: 85
2022-06-24 12:39:57,137: - 	Tile contains 16 galaxies, of which 6 are repeats
2022-06-24 12:39:57,138: - FINISHED TILE 20


2022-06-24 12:39:57,162: - Tile 21:
2022-06-24 12:39:57,162: - 	Remaining Targets: 75
2022-06-24 12:39:59,020: - 	Tile contains 14 galaxies, of which 6 are repeats
2022-06-24 12:39:59,021: - FINISHED TILE 21


2022-06-24 12:39:59,046: - Tile 22:
2022-06-24 12:39:59,046: - 	Remaining Targets: 67
2022-06-24 12:40:00,970: - 	Tile contains 19 galaxies, of which 12 are repeats
2022-06-24 12:40:00,970: - FINISHED TILE 22


2022-06-24 12:40:00,998: - Tile 23:
2022-06-24 12:40:00,998: - 	Remaining Targets: 60
2022-06-24 12:40:02,714: - 	Tile contains 10 galaxies, of which 3 are repeats
2022-06-24 12:40:02,714: - FINISHED TILE 23


2022-06-24 12:40:02,742: - Tile 24:
2022-06-24 12:40:02,742: - 	Remaining Targets: 53
2022-06-24 12:40:04,655: - 	Tile contains 16 galaxies, of which 10 are repeats
2022-06-24 12:40:04,655: - FINISHED TILE 24


2022-06-24 12:40:04,684: - Tile 25:
2022-06-24 12:40:04,684: - 	Remaining Targets: 47
2022-06-24 12:40:06,686: - 	Tile contains 16 galaxies, of which 11 are repeats
2022-06-24 12:40:06,686: - FINISHED TILE 25


2022-06-24 12:40:06,715: - Tile 26:
2022-06-24 12:40:06,715: - 	Remaining Targets: 42
2022-06-24 12:40:08,685: - 	Tile contains 19 galaxies, of which 13 are repeats
2022-06-24 12:40:08,686: - FINISHED TILE 26


2022-06-24 12:40:08,714: - Tile 27:
2022-06-24 12:40:08,715: - 	Remaining Targets: 36
2022-06-24 12:40:10,662: - 	Tile contains 19 galaxies, of which 14 are repeats
2022-06-24 12:40:10,662: - FINISHED TILE 27


2022-06-24 12:40:10,695: - Tile 28:
2022-06-24 12:40:10,695: - 	Remaining Targets: 31
2022-06-24 12:40:12,333: - 	Tile contains 7 galaxies, of which 2 are repeats
2022-06-24 12:40:12,333: - FINISHED TILE 28


2022-06-24 12:40:12,363: - Tile 29:
2022-06-24 12:40:12,363: - 	Remaining Targets: 26
2022-06-24 12:40:14,269: - 	Tile contains 19 galaxies, of which 13 are repeats
2022-06-24 12:40:14,269: - FINISHED TILE 29


2022-06-24 12:40:14,299: - Tile 30:
2022-06-24 12:40:14,299: - 	Remaining Targets: 20
2022-06-24 12:40:16,146: - 	Tile contains 17 galaxies, of which 13 are repeats
2022-06-24 12:40:16,146: - FINISHED TILE 30


2022-06-24 12:40:16,176: - Tile 31:
2022-06-24 12:40:16,177: - 	Remaining Targets: 16
2022-06-24 12:40:17,913: - 	Tile contains 8 galaxies, of which 6 are repeats
2022-06-24 12:40:17,914: - FINISHED TILE 31


2022-06-24 12:40:17,945: - Tile 32:
2022-06-24 12:40:17,945: - 	Remaining Targets: 14
2022-06-24 12:40:19,959: - 	Tile contains 19 galaxies, of which 17 are repeats
2022-06-24 12:40:19,959: - FINISHED TILE 32


2022-06-24 12:40:19,991: - Tile 33:
2022-06-24 12:40:19,991: - 	Remaining Targets: 12
2022-06-24 12:40:22,009: - 	Tile contains 19 galaxies, of which 17 are repeats
2022-06-24 12:40:22,009: - FINISHED TILE 33


2022-06-24 12:40:22,042: - Tile 34:
2022-06-24 12:40:22,042: - 	Remaining Targets: 10
2022-06-24 12:40:23,920: - 	Tile contains 13 galaxies, of which 11 are repeats
2022-06-24 12:40:23,921: - FINISHED TILE 34


2022-06-24 12:40:23,953: - Tile 35:
2022-06-24 12:40:23,953: - 	Remaining Targets: 8
2022-06-24 12:40:25,827: - 	Tile contains 18 galaxies, of which 16 are repeats
2022-06-24 12:40:25,828: - FINISHED TILE 35


2022-06-24 12:40:25,860: - Tile 36:
2022-06-24 12:40:25,860: - 	Remaining Targets: 6
2022-06-24 12:40:27,594: - 	Tile contains 12 galaxies, of which 10 are repeats
2022-06-24 12:40:27,594: - FINISHED TILE 36


2022-06-24 12:40:27,628: - Tile 37:
2022-06-24 12:40:27,628: - 	Remaining Targets: 4
2022-06-24 12:40:29,528: - 	Tile contains 10 galaxies, of which 9 are repeats
2022-06-24 12:40:29,528: - FINISHED TILE 37


2022-06-24 12:40:29,562: - Tile 38:
2022-06-24 12:40:29,562: - 	Remaining Targets: 3
2022-06-24 12:40:31,611: - 	Tile contains 12 galaxies, of which 11 are repeats
2022-06-24 12:40:31,611: - FINISHED TILE 38


2022-06-24 12:40:31,647: - Tile 39:
2022-06-24 12:40:31,647: - 	Remaining Targets: 2
2022-06-24 12:40:33,968: - 	Tile contains 3 galaxies, of which 2 are repeats
2022-06-24 12:40:33,968: - FINISHED TILE 39


2022-06-24 12:40:34,016: - Tile 40:
2022-06-24 12:40:34,016: - 	Remaining Targets: 1
2022-06-24 12:40:37,966: - 	Tile contains 12 galaxies, of which 11 are repeats
2022-06-24 12:40:37,966: - FINISHED TILE 40


2022-06-24 12:40:38,001: - 


2022-06-24 12:40:38,001: - Done!
