2021-11-24 13:33:30,476: - Robot Temperature: 19 C, Obs Temperature: 8 C. date=2021 12 06


2021-11-24 13:33:30,478: - Adding extra columns to the target dataframe
2021-11-24 13:33:30,501: - Total Targets in field to tile: 477

2021-11-24 13:33:30,501: - Tile 0:
2021-11-24 13:33:30,501: - 	Remaining Targets: 477
2021-11-24 13:33:31,209: - 	Distortion-corrected tile saved at results/WAVES_South/H03/DistortionCorrected/DC_tile_000.fld...
2021-11-24 13:33:31,215: - FINISHED TILE 0


2021-11-24 13:33:31,233: - Tile 1:
2021-11-24 13:33:31,233: - 	Remaining Targets: 457
2021-11-24 13:33:31,815: - 	Distortion-corrected tile saved at results/WAVES_South/H03/DistortionCorrected/DC_tile_001.fld...
2021-11-24 13:33:31,822: - FINISHED TILE 1


2021-11-24 13:33:31,839: - Tile 2:
2021-11-24 13:33:31,839: - 	Remaining Targets: 436
2021-11-24 13:33:32,395: - 	Distortion-corrected tile saved at results/WAVES_South/H03/DistortionCorrected/DC_tile_002.fld...
2021-11-24 13:33:32,400: - FINISHED TILE 2


2021-11-24 13:33:32,417: - Tile 3:
2021-11-24 13:33:32,417: - 	Remaining Targets: 417
2021-11-24 13:33:32,956: - 	Distortion-corrected tile saved at results/WAVES_South/H03/DistortionCorrected/DC_tile_003.fld...
2021-11-24 13:33:32,962: - FINISHED TILE 3


2021-11-24 13:33:32,980: - Tile 4:
2021-11-24 13:33:32,980: - 	Remaining Targets: 398
2021-11-24 13:33:33,581: - 	Distortion-corrected tile saved at results/WAVES_South/H03/DistortionCorrected/DC_tile_004.fld...
2021-11-24 13:33:33,587: - FINISHED TILE 4


2021-11-24 13:33:33,605: - Tile 5:
2021-11-24 13:33:33,605: - 	Remaining Targets: 379
2021-11-24 13:33:34,159: - 	Distortion-corrected tile saved at results/WAVES_South/H03/DistortionCorrected/DC_tile_005.fld...
2021-11-24 13:33:34,164: - FINISHED TILE 5


2021-11-24 13:33:34,184: - Tile 6:
2021-11-24 13:33:34,185: - 	Remaining Targets: 360
2021-11-24 13:33:34,744: - 	Distortion-corrected tile saved at results/WAVES_South/H03/DistortionCorrected/DC_tile_006.fld...
2021-11-24 13:33:34,750: - FINISHED TILE 6


2021-11-24 13:33:34,770: - Tile 7:
2021-11-24 13:33:34,770: - 	Remaining Targets: 341
2021-11-24 13:33:35,328: - 	Distortion-corrected tile saved at results/WAVES_South/H03/DistortionCorrected/DC_tile_007.fld...
2021-11-24 13:33:35,333: - FINISHED TILE 7


2021-11-24 13:33:35,353: - Tile 8:
2021-11-24 13:33:35,354: - 	Remaining Targets: 322
2021-11-24 13:33:35,918: - 	Distortion-corrected tile saved at results/WAVES_South/H03/DistortionCorrected/DC_tile_008.fld...
2021-11-24 13:33:35,923: - FINISHED TILE 8


2021-11-24 13:33:35,944: - Tile 9:
2021-11-24 13:33:35,944: - 	Remaining Targets: 303
2021-11-24 13:33:36,567: - 	Distortion-corrected tile saved at results/WAVES_South/H03/DistortionCorrected/DC_tile_009.fld...
2021-11-24 13:33:36,572: - FINISHED TILE 9


2021-11-24 13:33:36,594: - Tile 10:
2021-11-24 13:33:36,594: - 	Remaining Targets: 284
2021-11-24 13:33:37,138: - 	Distortion-corrected tile saved at results/WAVES_South/H03/DistortionCorrected/DC_tile_010.fld...
2021-11-24 13:33:37,143: - FINISHED TILE 10


2021-11-24 13:33:37,166: - Tile 11:
2021-11-24 13:33:37,166: - 	Remaining Targets: 265
2021-11-24 13:33:37,727: - 	Distortion-corrected tile saved at results/WAVES_South/H03/DistortionCorrected/DC_tile_011.fld...
2021-11-24 13:33:37,732: - FINISHED TILE 11


2021-11-24 13:33:37,756: - Tile 12:
2021-11-24 13:33:37,756: - 	Remaining Targets: 247
2021-11-24 13:33:38,312: - 	Distortion-corrected tile saved at results/WAVES_South/H03/DistortionCorrected/DC_tile_012.fld...
2021-11-24 13:33:38,318: - FINISHED TILE 12


2021-11-24 13:33:38,341: - Tile 13:
2021-11-24 13:33:38,341: - 	Remaining Targets: 229
2021-11-24 13:33:38,891: - 	Distortion-corrected tile saved at results/WAVES_South/H03/DistortionCorrected/DC_tile_013.fld...
2021-11-24 13:33:38,896: - FINISHED TILE 13


2021-11-24 13:33:38,921: - Tile 14:
2021-11-24 13:33:38,921: - 	Remaining Targets: 211
2021-11-24 13:33:39,483: - 	Distortion-corrected tile saved at results/WAVES_South/H03/DistortionCorrected/DC_tile_014.fld...
2021-11-24 13:33:39,489: - FINISHED TILE 14


2021-11-24 13:33:39,514: - Tile 15:
2021-11-24 13:33:39,514: - 	Remaining Targets: 196
2021-11-24 13:33:40,137: - 	Distortion-corrected tile saved at results/WAVES_South/H03/DistortionCorrected/DC_tile_015.fld...
2021-11-24 13:33:40,142: - FINISHED TILE 15


2021-11-24 13:33:40,168: - Tile 16:
2021-11-24 13:33:40,168: - 	Remaining Targets: 178
2021-11-24 13:33:40,689: - 	Distortion-corrected tile saved at results/WAVES_South/H03/DistortionCorrected/DC_tile_016.fld...
2021-11-24 13:33:40,695: - FINISHED TILE 16


2021-11-24 13:33:40,722: - Tile 17:
2021-11-24 13:33:40,722: - 	Remaining Targets: 161
2021-11-24 13:33:41,271: - 	Distortion-corrected tile saved at results/WAVES_South/H03/DistortionCorrected/DC_tile_017.fld...
2021-11-24 13:33:41,277: - FINISHED TILE 17


2021-11-24 13:33:41,303: - Tile 18:
2021-11-24 13:33:41,303: - 	Remaining Targets: 147
2021-11-24 13:33:41,852: - 	Distortion-corrected tile saved at results/WAVES_South/H03/DistortionCorrected/DC_tile_018.fld...
2021-11-24 13:33:41,857: - FINISHED TILE 18


2021-11-24 13:33:41,885: - Tile 19:
2021-11-24 13:33:41,885: - 	Remaining Targets: 133
2021-11-24 13:33:42,425: - 	Distortion-corrected tile saved at results/WAVES_South/H03/DistortionCorrected/DC_tile_019.fld...
2021-11-24 13:33:42,430: - FINISHED TILE 19


2021-11-24 13:33:42,457: - Tile 20:
2021-11-24 13:33:42,457: - 	Remaining Targets: 120
2021-11-24 13:33:42,972: - 	Distortion-corrected tile saved at results/WAVES_South/H03/DistortionCorrected/DC_tile_020.fld...
2021-11-24 13:33:42,977: - FINISHED TILE 20


2021-11-24 13:33:43,006: - Tile 21:
2021-11-24 13:33:43,007: - 	Remaining Targets: 108
2021-11-24 13:33:43,523: - 	Distortion-corrected tile saved at results/WAVES_South/H03/DistortionCorrected/DC_tile_021.fld...
2021-11-24 13:33:43,529: - FINISHED TILE 21


2021-11-24 13:33:43,557: - Tile 22:
2021-11-24 13:33:43,558: - 	Remaining Targets: 96
2021-11-24 13:33:44,077: - 	Distortion-corrected tile saved at results/WAVES_South/H03/DistortionCorrected/DC_tile_022.fld...
2021-11-24 13:33:44,082: - FINISHED TILE 22


2021-11-24 13:33:44,111: - Tile 23:
2021-11-24 13:33:44,112: - 	Remaining Targets: 85
2021-11-24 13:33:44,765: - 	Distortion-corrected tile saved at results/WAVES_South/H03/DistortionCorrected/DC_tile_023.fld...
2021-11-24 13:33:44,771: - FINISHED TILE 23


2021-11-24 13:33:44,802: - Tile 24:
2021-11-24 13:33:44,802: - 	Remaining Targets: 74
2021-11-24 13:33:45,339: - 	Distortion-corrected tile saved at results/WAVES_South/H03/DistortionCorrected/DC_tile_024.fld...
2021-11-24 13:33:45,344: - FINISHED TILE 24


2021-11-24 13:33:45,376: - Tile 25:
2021-11-24 13:33:45,376: - 	Remaining Targets: 66
2021-11-24 13:33:45,911: - 	Distortion-corrected tile saved at results/WAVES_South/H03/DistortionCorrected/DC_tile_025.fld...
2021-11-24 13:33:45,916: - FINISHED TILE 25


2021-11-24 13:33:45,947: - Tile 26:
2021-11-24 13:33:45,948: - 	Remaining Targets: 58
2021-11-24 13:33:46,440: - 	Distortion-corrected tile saved at results/WAVES_South/H03/DistortionCorrected/DC_tile_026.fld...
2021-11-24 13:33:46,445: - FINISHED TILE 26


2021-11-24 13:33:46,477: - Tile 27:
2021-11-24 13:33:46,477: - 	Remaining Targets: 51
2021-11-24 13:33:47,022: - 	Distortion-corrected tile saved at results/WAVES_South/H03/DistortionCorrected/DC_tile_027.fld...
2021-11-24 13:33:47,027: - FINISHED TILE 27


2021-11-24 13:33:47,063: - Tile 28:
2021-11-24 13:33:47,063: - 	Remaining Targets: 44
2021-11-24 13:33:47,612: - 	Distortion-corrected tile saved at results/WAVES_South/H03/DistortionCorrected/DC_tile_028.fld...
2021-11-24 13:33:47,618: - FINISHED TILE 28


2021-11-24 13:33:47,652: - Tile 29:
2021-11-24 13:33:47,652: - 	Remaining Targets: 37
2021-11-24 13:33:48,159: - 	Distortion-corrected tile saved at results/WAVES_South/H03/DistortionCorrected/DC_tile_029.fld...
2021-11-24 13:33:48,164: - FINISHED TILE 29


2021-11-24 13:33:48,198: - Tile 30:
2021-11-24 13:33:48,199: - 	Remaining Targets: 31
2021-11-24 13:33:48,726: - 	Distortion-corrected tile saved at results/WAVES_South/H03/DistortionCorrected/DC_tile_030.fld...
2021-11-24 13:33:48,732: - FINISHED TILE 30


2021-11-24 13:33:48,766: - Tile 31:
2021-11-24 13:33:48,766: - 	Remaining Targets: 24
2021-11-24 13:33:49,274: - 	Distortion-corrected tile saved at results/WAVES_South/H03/DistortionCorrected/DC_tile_031.fld...
2021-11-24 13:33:49,279: - FINISHED TILE 31


2021-11-24 13:33:49,314: - Tile 32:
2021-11-24 13:33:49,314: - 	Remaining Targets: 19
2021-11-24 13:33:50,174: - 	Distortion-corrected tile saved at results/WAVES_South/H03/DistortionCorrected/DC_tile_032.fld...
2021-11-24 13:33:50,179: - FINISHED TILE 32


2021-11-24 13:33:50,215: - Tile 33:
2021-11-24 13:33:50,215: - 	Remaining Targets: 17
2021-11-24 13:33:50,836: - 	Distortion-corrected tile saved at results/WAVES_South/H03/DistortionCorrected/DC_tile_033.fld...
2021-11-24 13:33:50,841: - FINISHED TILE 33


2021-11-24 13:33:50,878: - Tile 34:
2021-11-24 13:33:50,879: - 	Remaining Targets: 15
2021-11-24 13:33:51,441: - 	Distortion-corrected tile saved at results/WAVES_South/H03/DistortionCorrected/DC_tile_034.fld...
2021-11-24 13:33:51,446: - FINISHED TILE 34


2021-11-24 13:33:51,488: - Tile 35:
2021-11-24 13:33:51,488: - 	Remaining Targets: 13
2021-11-24 13:33:52,084: - 	Distortion-corrected tile saved at results/WAVES_South/H03/DistortionCorrected/DC_tile_035.fld...
2021-11-24 13:33:52,089: - FINISHED TILE 35


2021-11-24 13:33:52,127: - Tile 36:
2021-11-24 13:33:52,128: - 	Remaining Targets: 11
2021-11-24 13:33:52,693: - 	Distortion-corrected tile saved at results/WAVES_South/H03/DistortionCorrected/DC_tile_036.fld...
2021-11-24 13:33:52,699: - FINISHED TILE 36


2021-11-24 13:33:52,740: - Tile 37:
2021-11-24 13:33:52,740: - 	Remaining Targets: 9
2021-11-24 13:33:53,324: - 	Distortion-corrected tile saved at results/WAVES_South/H03/DistortionCorrected/DC_tile_037.fld...
2021-11-24 13:33:53,329: - FINISHED TILE 37


2021-11-24 13:33:53,367: - Tile 38:
2021-11-24 13:33:53,367: - 	Remaining Targets: 7
2021-11-24 13:33:53,891: - 	Distortion-corrected tile saved at results/WAVES_South/H03/DistortionCorrected/DC_tile_038.fld...
2021-11-24 13:33:53,896: - FINISHED TILE 38


2021-11-24 13:33:53,936: - Tile 39:
2021-11-24 13:33:53,936: - 	Remaining Targets: 5
2021-11-24 13:33:54,731: - 	Distortion-corrected tile saved at results/WAVES_South/H03/DistortionCorrected/DC_tile_039.fld...
2021-11-24 13:33:54,737: - FINISHED TILE 39


2021-11-24 13:33:54,776: - Tile 40:
2021-11-24 13:33:54,776: - 	Remaining Targets: 4
2021-11-24 13:33:55,528: - 	Distortion-corrected tile saved at results/WAVES_South/H03/DistortionCorrected/DC_tile_040.fld...
2021-11-24 13:33:55,533: - FINISHED TILE 40


2021-11-24 13:33:55,573: - Tile 41:
2021-11-24 13:33:55,573: - 	Remaining Targets: 3
2021-11-24 13:33:56,396: - 	Distortion-corrected tile saved at results/WAVES_South/H03/DistortionCorrected/DC_tile_041.fld...
2021-11-24 13:33:56,401: - FINISHED TILE 41


2021-11-24 13:33:56,442: - Tile 42:
2021-11-24 13:33:56,442: - 	Remaining Targets: 2
2021-11-24 13:33:57,164: - 	Distortion-corrected tile saved at results/WAVES_South/H03/DistortionCorrected/DC_tile_042.fld...
2021-11-24 13:33:57,170: - FINISHED TILE 42


2021-11-24 13:33:57,211: - Tile 43:
2021-11-24 13:33:57,211: - 	Remaining Targets: 1
2021-11-24 13:33:59,262: - 	Distortion-corrected tile saved at results/WAVES_South/H03/DistortionCorrected/DC_tile_043.fld...
2021-11-24 13:33:59,267: - FINISHED TILE 43


2021-11-24 13:33:59,310: - 


2021-11-24 13:33:59,310: - Done!
