2022-05-06 16:08:37,003: - Robot Temperature: 12 C, Obs Temperature: 12 C. date=2022 01 15


2022-05-06 16:08:37,006: - Adding extra columns to the target dataframe
2022-05-06 16:08:37,013: - Total Targets in field to tile: 435

2022-05-06 16:08:37,013: - Tile 0:
2022-05-06 16:08:37,013: - 	Remaining Targets: 435
2022-05-06 16:08:39,022: - 	Tile contains 19 galaxies, of which 0 are repeats
2022-05-06 16:08:39,023: - FINISHED TILE 0


2022-05-06 16:08:39,038: - Tile 1:
2022-05-06 16:08:39,039: - 	Remaining Targets: 416
2022-05-06 16:08:40,938: - 	Tile contains 19 galaxies, of which 0 are repeats
2022-05-06 16:08:40,939: - FINISHED TILE 1


2022-05-06 16:08:40,952: - Tile 2:
2022-05-06 16:08:40,953: - 	Remaining Targets: 397
2022-05-06 16:08:42,856: - 	Tile contains 19 galaxies, of which 0 are repeats
2022-05-06 16:08:42,856: - FINISHED TILE 2


2022-05-06 16:08:42,870: - Tile 3:
2022-05-06 16:08:42,870: - 	Remaining Targets: 378
2022-05-06 16:08:44,795: - 	Tile contains 19 galaxies, of which 0 are repeats
2022-05-06 16:08:44,795: - FINISHED TILE 3


2022-05-06 16:08:44,810: - Tile 4:
2022-05-06 16:08:44,810: - 	Remaining Targets: 359
2022-05-06 16:08:46,693: - 	Tile contains 19 galaxies, of which 0 are repeats
2022-05-06 16:08:46,693: - FINISHED TILE 4


2022-05-06 16:08:46,708: - Tile 5:
2022-05-06 16:08:46,708: - 	Remaining Targets: 340
2022-05-06 16:08:48,572: - 	Tile contains 19 galaxies, of which 0 are repeats
2022-05-06 16:08:48,573: - FINISHED TILE 5


2022-05-06 16:08:48,588: - Tile 6:
2022-05-06 16:08:48,588: - 	Remaining Targets: 321
2022-05-06 16:08:50,438: - 	Tile contains 19 galaxies, of which 0 are repeats
2022-05-06 16:08:50,438: - FINISHED TILE 6


2022-05-06 16:08:50,454: - Tile 7:
2022-05-06 16:08:50,454: - 	Remaining Targets: 302
2022-05-06 16:08:52,307: - 	Tile contains 19 galaxies, of which 0 are repeats
2022-05-06 16:08:52,307: - FINISHED TILE 7


2022-05-06 16:08:52,323: - Tile 8:
2022-05-06 16:08:52,324: - 	Remaining Targets: 283
2022-05-06 16:08:54,168: - 	Tile contains 19 galaxies, of which 0 are repeats
2022-05-06 16:08:54,168: - FINISHED TILE 8


2022-05-06 16:08:54,185: - Tile 9:
2022-05-06 16:08:54,185: - 	Remaining Targets: 264
2022-05-06 16:08:56,039: - 	Tile contains 19 galaxies, of which 2 are repeats
2022-05-06 16:08:56,040: - FINISHED TILE 9


2022-05-06 16:08:56,057: - Tile 10:
2022-05-06 16:08:56,057: - 	Remaining Targets: 247
2022-05-06 16:08:57,814: - 	Tile contains 15 galaxies, of which 0 are repeats
2022-05-06 16:08:57,814: - FINISHED TILE 10


2022-05-06 16:08:57,833: - Tile 11:
2022-05-06 16:08:57,833: - 	Remaining Targets: 232
2022-05-06 16:08:59,680: - 	Tile contains 15 galaxies, of which 2 are repeats
2022-05-06 16:08:59,681: - FINISHED TILE 11


2022-05-06 16:08:59,699: - Tile 12:
2022-05-06 16:08:59,699: - 	Remaining Targets: 219
2022-05-06 16:09:01,558: - 	Tile contains 16 galaxies, of which 0 are repeats
2022-05-06 16:09:01,559: - FINISHED TILE 12


2022-05-06 16:09:01,577: - Tile 13:
2022-05-06 16:09:01,577: - 	Remaining Targets: 203
2022-05-06 16:09:03,433: - 	Tile contains 19 galaxies, of which 3 are repeats
2022-05-06 16:09:03,434: - FINISHED TILE 13


2022-05-06 16:09:03,454: - Tile 14:
2022-05-06 16:09:03,454: - 	Remaining Targets: 187
2022-05-06 16:09:05,301: - 	Tile contains 17 galaxies, of which 2 are repeats
2022-05-06 16:09:05,301: - FINISHED TILE 14


2022-05-06 16:09:05,321: - Tile 15:
2022-05-06 16:09:05,321: - 	Remaining Targets: 172
2022-05-06 16:09:07,051: - 	Tile contains 13 galaxies, of which 2 are repeats
2022-05-06 16:09:07,051: - FINISHED TILE 15


2022-05-06 16:09:07,071: - Tile 16:
2022-05-06 16:09:07,071: - 	Remaining Targets: 161
2022-05-06 16:09:08,924: - 	Tile contains 19 galaxies, of which 6 are repeats
2022-05-06 16:09:08,924: - FINISHED TILE 16


2022-05-06 16:09:08,945: - Tile 17:
2022-05-06 16:09:08,945: - 	Remaining Targets: 148
2022-05-06 16:09:10,637: - 	Tile contains 13 galaxies, of which 0 are repeats
2022-05-06 16:09:10,637: - FINISHED TILE 17


2022-05-06 16:09:10,659: - Tile 18:
2022-05-06 16:09:10,659: - 	Remaining Targets: 135
2022-05-06 16:09:12,412: - 	Tile contains 12 galaxies, of which 2 are repeats
2022-05-06 16:09:12,412: - FINISHED TILE 18


2022-05-06 16:09:12,435: - Tile 19:
2022-05-06 16:09:12,435: - 	Remaining Targets: 125
2022-05-06 16:09:14,326: - 	Tile contains 19 galaxies, of which 7 are repeats
2022-05-06 16:09:14,326: - FINISHED TILE 19


2022-05-06 16:09:14,348: - Tile 20:
2022-05-06 16:09:14,348: - 	Remaining Targets: 113
2022-05-06 16:09:16,007: - 	Tile contains 10 galaxies, of which 0 are repeats
2022-05-06 16:09:16,007: - FINISHED TILE 20


2022-05-06 16:09:16,029: - Tile 21:
2022-05-06 16:09:16,029: - 	Remaining Targets: 103
2022-05-06 16:09:17,854: - 	Tile contains 13 galaxies, of which 2 are repeats
2022-05-06 16:09:17,855: - FINISHED TILE 21


2022-05-06 16:09:17,877: - Tile 22:
2022-05-06 16:09:17,877: - 	Remaining Targets: 92
2022-05-06 16:09:19,580: - 	Tile contains 11 galaxies, of which 0 are repeats
2022-05-06 16:09:19,580: - FINISHED TILE 22


2022-05-06 16:09:19,603: - Tile 23:
2022-05-06 16:09:19,603: - 	Remaining Targets: 81
2022-05-06 16:09:21,353: - 	Tile contains 16 galaxies, of which 8 are repeats
2022-05-06 16:09:21,354: - FINISHED TILE 23


2022-05-06 16:09:21,377: - Tile 24:
2022-05-06 16:09:21,377: - 	Remaining Targets: 73
2022-05-06 16:09:23,270: - 	Tile contains 19 galaxies, of which 12 are repeats
2022-05-06 16:09:23,270: - FINISHED TILE 24


2022-05-06 16:09:23,294: - Tile 25:
2022-05-06 16:09:23,294: - 	Remaining Targets: 66
2022-05-06 16:09:25,009: - 	Tile contains 10 galaxies, of which 3 are repeats
2022-05-06 16:09:25,009: - FINISHED TILE 25


2022-05-06 16:09:25,064: - Tile 26:
2022-05-06 16:09:25,065: - 	Remaining Targets: 59
2022-05-06 16:09:26,840: - 	Tile contains 16 galaxies, of which 11 are repeats
2022-05-06 16:09:26,840: - FINISHED TILE 26


2022-05-06 16:09:26,865: - Tile 27:
2022-05-06 16:09:26,865: - 	Remaining Targets: 54
2022-05-06 16:09:28,717: - 	Tile contains 19 galaxies, of which 13 are repeats
2022-05-06 16:09:28,717: - FINISHED TILE 27


2022-05-06 16:09:28,744: - Tile 28:
2022-05-06 16:09:28,744: - 	Remaining Targets: 48
2022-05-06 16:09:30,432: - 	Tile contains 12 galaxies, of which 7 are repeats
2022-05-06 16:09:30,432: - FINISHED TILE 28


2022-05-06 16:09:30,459: - Tile 29:
2022-05-06 16:09:30,459: - 	Remaining Targets: 43
2022-05-06 16:09:32,094: - 	Tile contains 8 galaxies, of which 3 are repeats
2022-05-06 16:09:32,094: - FINISHED TILE 29


2022-05-06 16:09:32,121: - Tile 30:
2022-05-06 16:09:32,121: - 	Remaining Targets: 38
2022-05-06 16:09:33,919: - 	Tile contains 17 galaxies, of which 12 are repeats
2022-05-06 16:09:33,919: - FINISHED TILE 30


2022-05-06 16:09:33,947: - Tile 31:
2022-05-06 16:09:33,947: - 	Remaining Targets: 33
2022-05-06 16:09:35,529: - 	Tile contains 4 galaxies, of which 0 are repeats
2022-05-06 16:09:35,529: - FINISHED TILE 31


2022-05-06 16:09:35,558: - Tile 32:
2022-05-06 16:09:35,558: - 	Remaining Targets: 29
2022-05-06 16:09:37,232: - 	Tile contains 9 galaxies, of which 6 are repeats
2022-05-06 16:09:37,232: - FINISHED TILE 32


2022-05-06 16:09:37,260: - Tile 33:
2022-05-06 16:09:37,260: - 	Remaining Targets: 26
2022-05-06 16:09:38,803: - 	Tile contains 5 galaxies, of which 1 are repeats
2022-05-06 16:09:38,803: - FINISHED TILE 33


2022-05-06 16:09:38,831: - Tile 34:
2022-05-06 16:09:38,831: - 	Remaining Targets: 22
2022-05-06 16:09:40,570: - 	Tile contains 7 galaxies, of which 4 are repeats
2022-05-06 16:09:40,570: - FINISHED TILE 34


2022-05-06 16:09:40,598: - Tile 35:
2022-05-06 16:09:40,598: - 	Remaining Targets: 19
2022-05-06 16:09:42,408: - 	Tile contains 18 galaxies, of which 14 are repeats
2022-05-06 16:09:42,408: - FINISHED TILE 35


2022-05-06 16:09:42,437: - Tile 36:
2022-05-06 16:09:42,437: - 	Remaining Targets: 15
2022-05-06 16:09:44,331: - 	Tile contains 19 galaxies, of which 16 are repeats
2022-05-06 16:09:44,331: - FINISHED TILE 36


2022-05-06 16:09:44,359: - Tile 37:
2022-05-06 16:09:44,359: - 	Remaining Targets: 12
2022-05-06 16:09:46,035: - 	Tile contains 10 galaxies, of which 7 are repeats
2022-05-06 16:09:46,035: - FINISHED TILE 37


2022-05-06 16:09:46,064: - Tile 38:
2022-05-06 16:09:46,065: - 	Remaining Targets: 9
2022-05-06 16:09:47,639: - 	Tile contains 2 galaxies, of which 0 are repeats
2022-05-06 16:09:47,639: - FINISHED TILE 38


2022-05-06 16:09:47,668: - Tile 39:
2022-05-06 16:09:47,668: - 	Remaining Targets: 7
2022-05-06 16:09:49,319: - 	Tile contains 8 galaxies, of which 6 are repeats
2022-05-06 16:09:49,319: - FINISHED TILE 39


2022-05-06 16:09:49,348: - Tile 40:
2022-05-06 16:09:49,348: - 	Remaining Targets: 5
2022-05-06 16:09:51,000: - 	Tile contains 10 galaxies, of which 8 are repeats
2022-05-06 16:09:51,000: - FINISHED TILE 40


2022-05-06 16:09:51,030: - Tile 41:
2022-05-06 16:09:51,030: - 	Remaining Targets: 3
2022-05-06 16:09:52,815: - 	Tile contains 6 galaxies, of which 5 are repeats
2022-05-06 16:09:52,816: - FINISHED TILE 41


2022-05-06 16:09:52,845: - Tile 42:
2022-05-06 16:09:52,846: - 	Remaining Targets: 2
2022-05-06 16:09:54,945: - 	Tile contains 7 galaxies, of which 6 are repeats
2022-05-06 16:09:54,949: - FINISHED TILE 42


2022-05-06 16:09:54,979: - Tile 43:
2022-05-06 16:09:54,980: - 	Remaining Targets: 1
2022-05-06 16:09:57,844: - 	Tile contains 9 galaxies, of which 8 are repeats
2022-05-06 16:09:57,844: - FINISHED TILE 43


2022-05-06 16:09:57,875: - 


2022-05-06 16:09:57,875: - Done!
