2022-04-29 13:45:09,804: - Robot Temperature: 12 C, Obs Temperature: 12 C. date=2022 01 15


2022-04-29 13:45:09,808: - Adding extra columns to the target dataframe
2022-04-29 13:45:09,836: - Total Targets in field to tile: 477

2022-04-29 13:45:09,836: - Tile 0:
2022-04-29 13:45:09,836: - 	Remaining Targets: 477
2022-04-29 13:45:12,881: - FINISHED TILE 0


2022-04-29 13:45:12,896: - Tile 1:
2022-04-29 13:45:12,897: - 	Remaining Targets: 458
2022-04-29 13:45:16,133: - FINISHED TILE 1


2022-04-29 13:45:16,150: - Tile 2:
2022-04-29 13:45:16,151: - 	Remaining Targets: 438
2022-04-29 13:45:19,671: - FINISHED TILE 2


2022-04-29 13:45:19,688: - Tile 3:
2022-04-29 13:45:19,688: - 	Remaining Targets: 419
2022-04-29 13:45:22,520: - FINISHED TILE 3


2022-04-29 13:45:22,537: - Tile 4:
2022-04-29 13:45:22,537: - 	Remaining Targets: 399
2022-04-29 13:45:25,622: - FINISHED TILE 4


2022-04-29 13:45:25,643: - Tile 5:
2022-04-29 13:45:25,643: - 	Remaining Targets: 380
2022-04-29 13:45:28,815: - FINISHED TILE 5


2022-04-29 13:45:28,833: - Tile 6:
2022-04-29 13:45:28,833: - 	Remaining Targets: 361
2022-04-29 13:45:32,477: - FINISHED TILE 6


2022-04-29 13:45:32,497: - Tile 7:
2022-04-29 13:45:32,498: - 	Remaining Targets: 342
2022-04-29 13:45:35,639: - FINISHED TILE 7


2022-04-29 13:45:35,660: - Tile 8:
2022-04-29 13:45:35,661: - 	Remaining Targets: 323
2022-04-29 13:45:39,244: - FINISHED TILE 8


2022-04-29 13:45:39,264: - Tile 9:
2022-04-29 13:45:39,264: - 	Remaining Targets: 304
2022-04-29 13:45:42,746: - FINISHED TILE 9


2022-04-29 13:45:42,767: - Tile 10:
2022-04-29 13:45:42,767: - 	Remaining Targets: 285
2022-04-29 13:45:45,817: - FINISHED TILE 10


2022-04-29 13:45:45,839: - Tile 11:
2022-04-29 13:45:45,839: - 	Remaining Targets: 266
2022-04-29 13:45:48,582: - FINISHED TILE 11


2022-04-29 13:45:48,605: - Tile 12:
2022-04-29 13:45:48,605: - 	Remaining Targets: 252
2022-04-29 13:45:51,277: - FINISHED TILE 12


2022-04-29 13:45:51,300: - Tile 13:
2022-04-29 13:45:51,300: - 	Remaining Targets: 237
2022-04-29 13:45:54,396: - FINISHED TILE 13


2022-04-29 13:45:54,420: - Tile 14:
2022-04-29 13:45:54,420: - 	Remaining Targets: 221
2022-04-29 13:45:56,956: - FINISHED TILE 14


2022-04-29 13:45:56,999: - Tile 15:
2022-04-29 13:45:56,999: - 	Remaining Targets: 206
2022-04-29 13:45:59,960: - FINISHED TILE 15


2022-04-29 13:45:59,984: - Tile 16:
2022-04-29 13:45:59,984: - 	Remaining Targets: 190
2022-04-29 13:46:03,266: - FINISHED TILE 16


2022-04-29 13:46:03,291: - Tile 17:
2022-04-29 13:46:03,291: - 	Remaining Targets: 175
2022-04-29 13:46:06,355: - FINISHED TILE 17


2022-04-29 13:46:06,379: - Tile 18:
2022-04-29 13:46:06,379: - 	Remaining Targets: 163
2022-04-29 13:46:09,242: - FINISHED TILE 18


2022-04-29 13:46:09,267: - Tile 19:
2022-04-29 13:46:09,268: - 	Remaining Targets: 152
2022-04-29 13:46:12,714: - FINISHED TILE 19


2022-04-29 13:46:12,741: - Tile 20:
2022-04-29 13:46:12,741: - 	Remaining Targets: 139
2022-04-29 13:46:15,494: - FINISHED TILE 20


2022-04-29 13:46:15,520: - Tile 21:
2022-04-29 13:46:15,520: - 	Remaining Targets: 127
2022-04-29 13:46:19,303: - FINISHED TILE 21


2022-04-29 13:46:19,331: - Tile 22:
2022-04-29 13:46:19,331: - 	Remaining Targets: 117
2022-04-29 13:46:22,037: - FINISHED TILE 22


2022-04-29 13:46:22,064: - Tile 23:
2022-04-29 13:46:22,065: - 	Remaining Targets: 106
2022-04-29 13:46:25,149: - FINISHED TILE 23


2022-04-29 13:46:25,176: - Tile 24:
2022-04-29 13:46:25,176: - 	Remaining Targets: 97
2022-04-29 13:46:28,346: - FINISHED TILE 24


2022-04-29 13:46:28,374: - Tile 25:
2022-04-29 13:46:28,374: - 	Remaining Targets: 87
2022-04-29 13:46:31,522: - FINISHED TILE 25


2022-04-29 13:46:31,551: - Tile 26:
2022-04-29 13:46:31,551: - 	Remaining Targets: 78
2022-04-29 13:46:34,792: - FINISHED TILE 26


2022-04-29 13:46:34,821: - Tile 27:
2022-04-29 13:46:34,821: - 	Remaining Targets: 70
2022-04-29 13:46:38,016: - FINISHED TILE 27


2022-04-29 13:46:38,048: - Tile 28:
2022-04-29 13:46:38,048: - 	Remaining Targets: 62
