2022-04-29 11:58:55,735: - Robot Temperature: 12 C, Obs Temperature: 12 C. date=2022 01 15


2022-04-29 11:58:55,738: - Adding extra columns to the target dataframe
2022-04-29 11:58:55,768: - Total Targets in field to tile: 477

2022-04-29 11:58:55,769: - Tile 0:
2022-04-29 11:58:55,769: - 	Remaining Targets: 477
2022-04-29 11:58:56,701: - FINISHED TILE 0


2022-04-29 11:58:56,718: - Tile 1:
2022-04-29 11:58:56,718: - 	Remaining Targets: 456
2022-04-29 11:58:57,505: - FINISHED TILE 1


2022-04-29 11:58:57,522: - Tile 2:
2022-04-29 11:58:57,523: - 	Remaining Targets: 435
2022-04-29 11:58:58,370: - FINISHED TILE 2


2022-04-29 11:58:58,389: - Tile 3:
2022-04-29 11:58:58,389: - 	Remaining Targets: 416
2022-04-29 11:58:59,157: - FINISHED TILE 3


2022-04-29 11:58:59,176: - Tile 4:
2022-04-29 11:58:59,176: - 	Remaining Targets: 397
2022-04-29 11:59:00,002: - FINISHED TILE 4


2022-04-29 11:59:00,022: - Tile 5:
2022-04-29 11:59:00,022: - 	Remaining Targets: 377
2022-04-29 11:59:00,807: - FINISHED TILE 5


2022-04-29 11:59:00,825: - Tile 6:
2022-04-29 11:59:00,825: - 	Remaining Targets: 358
2022-04-29 11:59:01,602: - FINISHED TILE 6


2022-04-29 11:59:01,621: - Tile 7:
2022-04-29 11:59:01,621: - 	Remaining Targets: 339
2022-04-29 11:59:02,486: - FINISHED TILE 7


2022-04-29 11:59:02,507: - Tile 8:
2022-04-29 11:59:02,507: - 	Remaining Targets: 320
2022-04-29 11:59:03,293: - FINISHED TILE 8


2022-04-29 11:59:03,314: - Tile 9:
2022-04-29 11:59:03,315: - 	Remaining Targets: 301
2022-04-29 11:59:04,119: - FINISHED TILE 9


2022-04-29 11:59:04,142: - Tile 10:
2022-04-29 11:59:04,142: - 	Remaining Targets: 282
2022-04-29 11:59:04,952: - FINISHED TILE 10


2022-04-29 11:59:04,974: - Tile 11:
2022-04-29 11:59:04,974: - 	Remaining Targets: 263
2022-04-29 11:59:05,777: - FINISHED TILE 11


2022-04-29 11:59:05,801: - Tile 12:
2022-04-29 11:59:05,801: - 	Remaining Targets: 247
2022-04-29 11:59:06,536: - FINISHED TILE 12


2022-04-29 11:59:06,559: - Tile 13:
2022-04-29 11:59:06,559: - 	Remaining Targets: 230
2022-04-29 11:59:07,422: - FINISHED TILE 13


2022-04-29 11:59:07,445: - Tile 14:
2022-04-29 11:59:07,445: - 	Remaining Targets: 213
2022-04-29 11:59:08,221: - FINISHED TILE 14


2022-04-29 11:59:08,245: - Tile 15:
2022-04-29 11:59:08,245: - 	Remaining Targets: 197
2022-04-29 11:59:09,030: - FINISHED TILE 15


2022-04-29 11:59:09,057: - Tile 16:
2022-04-29 11:59:09,057: - 	Remaining Targets: 179
2022-04-29 11:59:09,798: - FINISHED TILE 16


2022-04-29 11:59:09,823: - Tile 17:
2022-04-29 11:59:09,823: - 	Remaining Targets: 161
2022-04-29 11:59:10,536: - FINISHED TILE 17


2022-04-29 11:59:10,561: - Tile 18:
2022-04-29 11:59:10,561: - 	Remaining Targets: 145
2022-04-29 11:59:11,243: - FINISHED TILE 18


2022-04-29 11:59:11,272: - Tile 19:
2022-04-29 11:59:11,272: - 	Remaining Targets: 132
2022-04-29 11:59:12,103: - FINISHED TILE 19


2022-04-29 11:59:12,132: - Tile 20:
2022-04-29 11:59:12,132: - 	Remaining Targets: 119
2022-04-29 11:59:12,997: - FINISHED TILE 20


2022-04-29 11:59:13,028: - Tile 21:
2022-04-29 11:59:13,028: - 	Remaining Targets: 107
2022-04-29 11:59:13,665: - FINISHED TILE 21


2022-04-29 11:59:13,698: - Tile 22:
2022-04-29 11:59:13,699: - 	Remaining Targets: 98
2022-04-29 11:59:14,630: - FINISHED TILE 22


2022-04-29 11:59:14,664: - Tile 23:
2022-04-29 11:59:14,664: - 	Remaining Targets: 88
2022-04-29 11:59:15,450: - FINISHED TILE 23


2022-04-29 11:59:15,486: - Tile 24:
2022-04-29 11:59:15,487: - 	Remaining Targets: 78
2022-04-29 11:59:16,439: - FINISHED TILE 24


2022-04-29 11:59:16,477: - Tile 25:
2022-04-29 11:59:16,477: - 	Remaining Targets: 70
2022-04-29 11:59:17,432: - FINISHED TILE 25


2022-04-29 11:59:17,474: - Tile 26:
2022-04-29 11:59:17,474: - 	Remaining Targets: 64
2022-04-29 11:59:18,481: - FINISHED TILE 26


2022-04-29 11:59:18,525: - Tile 27:
2022-04-29 11:59:18,525: - 	Remaining Targets: 57
2022-04-29 11:59:19,671: - FINISHED TILE 27


2022-04-29 11:59:19,720: - Tile 28:
2022-04-29 11:59:19,721: - 	Remaining Targets: 51
2022-04-29 11:59:21,024: - FINISHED TILE 28


2022-04-29 11:59:21,081: - Tile 29:
2022-04-29 11:59:21,082: - 	Remaining Targets: 46
2022-04-29 11:59:22,414: - FINISHED TILE 29


2022-04-29 11:59:22,471: - Tile 30:
2022-04-29 11:59:22,472: - 	Remaining Targets: 40
2022-04-29 11:59:23,757: - FINISHED TILE 30


2022-04-29 11:59:23,812: - Tile 31:
2022-04-29 11:59:23,812: - 	Remaining Targets: 35
2022-04-29 11:59:25,174: - FINISHED TILE 31


2022-04-29 11:59:25,240: - Tile 32:
2022-04-29 11:59:25,241: - 	Remaining Targets: 30
2022-04-29 11:59:26,190: - FINISHED TILE 32


2022-04-29 11:59:26,256: - Tile 33:
2022-04-29 11:59:26,256: - 	Remaining Targets: 25
2022-04-29 11:59:27,557: - FINISHED TILE 33


2022-04-29 11:59:27,622: - Tile 34:
2022-04-29 11:59:27,622: - 	Remaining Targets: 20
2022-04-29 11:59:28,906: - FINISHED TILE 34


2022-04-29 11:59:28,963: - Tile 35:
2022-04-29 11:59:28,964: - 	Remaining Targets: 15
2022-04-29 11:59:30,305: - FINISHED TILE 35


2022-04-29 11:59:30,368: - Tile 36:
2022-04-29 11:59:30,368: - 	Remaining Targets: 12
