2022-04-29 14:10:59,737: - Robot Temperature: 12 C, Obs Temperature: 12 C. date=2022 01 15


2022-04-29 14:10:59,739: - Adding extra columns to the target dataframe
2022-04-29 14:10:59,770: - Total Targets in field to tile: 477

2022-04-29 14:10:59,770: - Tile 0:
2022-04-29 14:10:59,770: - 	Remaining Targets: 477
2022-04-29 14:11:02,516: - 	Tile contains 19 galaxies, of which 0 are repeats
2022-04-29 14:11:02,517: - FINISHED TILE 0


2022-04-29 14:11:02,531: - Tile 1:
2022-04-29 14:11:02,531: - 	Remaining Targets: 458
2022-04-29 14:11:05,635: - 	Tile contains 19 galaxies, of which 0 are repeats
2022-04-29 14:11:05,636: - FINISHED TILE 1


2022-04-29 14:11:05,653: - Tile 2:
2022-04-29 14:11:05,653: - 	Remaining Targets: 437
2022-04-29 14:11:09,536: - 	Tile contains 19 galaxies, of which 0 are repeats
2022-04-29 14:11:09,537: - FINISHED TILE 2


2022-04-29 14:11:09,553: - Tile 3:
2022-04-29 14:11:09,553: - 	Remaining Targets: 418
2022-04-29 14:11:12,116: - 	Tile contains 19 galaxies, of which 0 are repeats
2022-04-29 14:11:12,116: - FINISHED TILE 3


2022-04-29 14:11:12,134: - Tile 4:
2022-04-29 14:11:12,134: - 	Remaining Targets: 397
2022-04-29 14:11:15,034: - 	Tile contains 19 galaxies, of which 0 are repeats
2022-04-29 14:11:15,034: - FINISHED TILE 4


2022-04-29 14:11:15,055: - Tile 5:
2022-04-29 14:11:15,055: - 	Remaining Targets: 378
2022-04-29 14:11:18,029: - 	Tile contains 19 galaxies, of which 0 are repeats
2022-04-29 14:11:18,029: - FINISHED TILE 5


2022-04-29 14:11:18,048: - Tile 6:
2022-04-29 14:11:18,048: - 	Remaining Targets: 359
2022-04-29 14:11:21,508: - 	Tile contains 19 galaxies, of which 0 are repeats
2022-04-29 14:11:21,508: - FINISHED TILE 6


2022-04-29 14:11:21,528: - Tile 7:
2022-04-29 14:11:21,528: - 	Remaining Targets: 340
2022-04-29 14:11:24,766: - 	Tile contains 19 galaxies, of which 0 are repeats
2022-04-29 14:11:24,766: - FINISHED TILE 7


2022-04-29 14:11:24,784: - Tile 8:
2022-04-29 14:11:24,784: - 	Remaining Targets: 321
2022-04-29 14:11:28,009: - 	Tile contains 19 galaxies, of which 0 are repeats
2022-04-29 14:11:28,010: - FINISHED TILE 8


2022-04-29 14:11:28,030: - Tile 9:
2022-04-29 14:11:28,030: - 	Remaining Targets: 302
2022-04-29 14:11:31,124: - 	Tile contains 19 galaxies, of which 1 are repeats
2022-04-29 14:11:31,124: - FINISHED TILE 9


2022-04-29 14:11:31,145: - Tile 10:
2022-04-29 14:11:31,145: - 	Remaining Targets: 284
2022-04-29 14:11:33,924: - 	Tile contains 19 galaxies, of which 0 are repeats
2022-04-29 14:11:33,924: - FINISHED TILE 10


2022-04-29 14:11:33,945: - Tile 11:
2022-04-29 14:11:33,945: - 	Remaining Targets: 265
