2022-04-29 13:49:33,760: - Robot Temperature: 12 C, Obs Temperature: 12 C. date=2022 01 15


2022-04-29 13:49:33,762: - Adding extra columns to the target dataframe
2022-04-29 13:49:33,794: - Total Targets in field to tile: 477

2022-04-29 13:49:33,795: - Tile 0:
2022-04-29 13:49:33,795: - 	Remaining Targets: 477
2022-04-29 13:49:36,962: - 	Tile contains 21 galaxies, of which 0 are repeats
2022-04-29 13:49:36,963: - FINISHED TILE 0


2022-04-29 13:49:36,982: - Tile 1:
2022-04-29 13:49:36,982: - 	Remaining Targets: 456
2022-04-29 13:49:40,178: - 	Tile contains 19 galaxies, of which 0 are repeats
2022-04-29 13:49:40,179: - FINISHED TILE 1


2022-04-29 13:49:40,195: - Tile 2:
2022-04-29 13:49:40,195: - 	Remaining Targets: 437
2022-04-29 13:49:43,736: - 	Tile contains 19 galaxies, of which 0 are repeats
2022-04-29 13:49:43,736: - FINISHED TILE 2


2022-04-29 13:49:43,753: - Tile 3:
2022-04-29 13:49:43,753: - 	Remaining Targets: 418
2022-04-29 13:49:46,516: - 	Tile contains 19 galaxies, of which 0 are repeats
2022-04-29 13:49:46,516: - FINISHED TILE 3


2022-04-29 13:49:46,535: - Tile 4:
2022-04-29 13:49:46,535: - 	Remaining Targets: 399
2022-04-29 13:49:49,706: - 	Tile contains 19 galaxies, of which 0 are repeats
2022-04-29 13:49:49,706: - FINISHED TILE 4


2022-04-29 13:49:49,726: - Tile 5:
2022-04-29 13:49:49,726: - 	Remaining Targets: 380
2022-04-29 13:49:53,391: - 	Tile contains 20 galaxies, of which 0 are repeats
2022-04-29 13:49:53,391: - FINISHED TILE 5


2022-04-29 13:49:53,411: - Tile 6:
2022-04-29 13:49:53,411: - 	Remaining Targets: 360
2022-04-29 13:49:56,514: - 	Tile contains 19 galaxies, of which 0 are repeats
2022-04-29 13:49:56,514: - FINISHED TILE 6


2022-04-29 13:49:56,535: - Tile 7:
2022-04-29 13:49:56,535: - 	Remaining Targets: 341
2022-04-29 13:50:00,053: - 	Tile contains 19 galaxies, of which 0 are repeats
2022-04-29 13:50:00,054: - FINISHED TILE 7


2022-04-29 13:50:00,073: - Tile 8:
2022-04-29 13:50:00,073: - 	Remaining Targets: 322
2022-04-29 13:50:03,630: - 	Tile contains 19 galaxies, of which 0 are repeats
2022-04-29 13:50:03,630: - FINISHED TILE 8


2022-04-29 13:50:03,651: - Tile 9:
2022-04-29 13:50:03,651: - 	Remaining Targets: 303
2022-04-29 13:50:07,125: - 	Tile contains 19 galaxies, of which 0 are repeats
2022-04-29 13:50:07,126: - FINISHED TILE 9


2022-04-29 13:50:07,148: - Tile 10:
2022-04-29 13:50:07,148: - 	Remaining Targets: 284
2022-04-29 13:50:10,160: - 	Tile contains 18 galaxies, of which 0 are repeats
2022-04-29 13:50:10,160: - FINISHED TILE 10


2022-04-29 13:50:10,185: - Tile 11:
2022-04-29 13:50:10,185: - 	Remaining Targets: 266
2022-04-29 13:50:13,141: - 	Tile contains 19 galaxies, of which 3 are repeats
2022-04-29 13:50:13,141: - FINISHED TILE 11


2022-04-29 13:50:13,164: - Tile 12:
2022-04-29 13:50:13,164: - 	Remaining Targets: 250
2022-04-29 13:50:16,027: - 	Tile contains 18 galaxies, of which 2 are repeats
2022-04-29 13:50:16,027: - FINISHED TILE 12


2022-04-29 13:50:16,051: - Tile 13:
2022-04-29 13:50:16,051: - 	Remaining Targets: 234
2022-04-29 13:50:18,607: - 	Tile contains 15 galaxies, of which 0 are repeats
2022-04-29 13:50:18,608: - FINISHED TILE 13


2022-04-29 13:50:18,632: - Tile 14:
2022-04-29 13:50:18,632: - 	Remaining Targets: 219
2022-04-29 13:50:21,774: - 	Tile contains 16 galaxies, of which 0 are repeats
2022-04-29 13:50:21,774: - FINISHED TILE 14


2022-04-29 13:50:21,799: - Tile 15:
2022-04-29 13:50:21,799: - 	Remaining Targets: 203
2022-04-29 13:50:25,021: - 	Tile contains 19 galaxies, of which 5 are repeats
2022-04-29 13:50:25,021: - FINISHED TILE 15


2022-04-29 13:50:25,046: - Tile 16:
2022-04-29 13:50:25,046: - 	Remaining Targets: 189
2022-04-29 13:50:28,603: - 	Tile contains 14 galaxies, of which 0 are repeats
2022-04-29 13:50:28,603: - FINISHED TILE 16


2022-04-29 13:50:28,629: - Tile 17:
2022-04-29 13:50:28,629: - 	Remaining Targets: 175
2022-04-29 13:50:31,162: - 	Tile contains 20 galaxies, of which 8 are repeats
2022-04-29 13:50:31,163: - FINISHED TILE 17


2022-04-29 13:50:31,188: - Tile 18:
2022-04-29 13:50:31,189: - 	Remaining Targets: 163
2022-04-29 13:50:34,651: - 	Tile contains 15 galaxies, of which 2 are repeats
2022-04-29 13:50:34,651: - FINISHED TILE 18


2022-04-29 13:50:34,677: - Tile 19:
2022-04-29 13:50:34,677: - 	Remaining Targets: 150
2022-04-29 13:50:37,745: - 	Tile contains 11 galaxies, of which 0 are repeats
2022-04-29 13:50:37,745: - FINISHED TILE 19


2022-04-29 13:50:37,776: - Tile 20:
2022-04-29 13:50:37,776: - 	Remaining Targets: 139
2022-04-29 13:50:40,632: - 	Tile contains 13 galaxies, of which 2 are repeats
2022-04-29 13:50:40,632: - FINISHED TILE 20


2022-04-29 13:50:40,661: - Tile 21:
2022-04-29 13:50:40,661: - 	Remaining Targets: 128
2022-04-29 13:50:44,406: - 	Tile contains 17 galaxies, of which 7 are repeats
2022-04-29 13:50:44,407: - FINISHED TILE 21


2022-04-29 13:50:44,436: - Tile 22:
2022-04-29 13:50:44,436: - 	Remaining Targets: 118
2022-04-29 13:50:47,440: - 	Tile contains 11 galaxies, of which 2 are repeats
2022-04-29 13:50:47,440: - FINISHED TILE 22


2022-04-29 13:50:47,470: - Tile 23:
2022-04-29 13:50:47,470: - 	Remaining Targets: 109
2022-04-29 13:50:50,588: - 	Tile contains 19 galaxies, of which 11 are repeats
2022-04-29 13:50:50,588: - FINISHED TILE 23


2022-04-29 13:50:50,622: - Tile 24:
2022-04-29 13:50:50,622: - 	Remaining Targets: 101
2022-04-29 13:50:53,948: - 	Tile contains 10 galaxies, of which 2 are repeats
2022-04-29 13:50:53,949: - FINISHED TILE 24


2022-04-29 13:50:53,979: - Tile 25:
2022-04-29 13:50:53,979: - 	Remaining Targets: 93
2022-04-29 13:50:56,554: - 	Tile contains 13 galaxies, of which 6 are repeats
2022-04-29 13:50:56,554: - FINISHED TILE 25


2022-04-29 13:50:56,585: - Tile 26:
2022-04-29 13:50:56,585: - 	Remaining Targets: 86
2022-04-29 13:51:00,136: - 	Tile contains 19 galaxies, of which 11 are repeats
2022-04-29 13:51:00,136: - FINISHED TILE 26


2022-04-29 13:51:00,167: - Tile 27:
2022-04-29 13:51:00,167: - 	Remaining Targets: 78
2022-04-29 13:51:02,905: - 	Tile contains 14 galaxies, of which 6 are repeats
2022-04-29 13:51:02,905: - FINISHED TILE 27


2022-04-29 13:51:02,938: - Tile 28:
2022-04-29 13:51:02,938: - 	Remaining Targets: 70
2022-04-29 13:51:06,204: - 	Tile contains 19 galaxies, of which 11 are repeats
2022-04-29 13:51:06,205: - FINISHED TILE 28


2022-04-29 13:51:06,239: - Tile 29:
2022-04-29 13:51:06,239: - 	Remaining Targets: 62
2022-04-29 13:51:09,809: - 	Tile contains 9 galaxies, of which 4 are repeats
2022-04-29 13:51:09,809: - FINISHED TILE 29


2022-04-29 13:51:09,842: - Tile 30:
2022-04-29 13:51:09,842: - 	Remaining Targets: 57
2022-04-29 13:51:12,564: - 	Tile contains 17 galaxies, of which 11 are repeats
2022-04-29 13:51:12,565: - FINISHED TILE 30


2022-04-29 13:51:12,601: - Tile 31:
2022-04-29 13:51:12,601: - 	Remaining Targets: 51
2022-04-29 13:51:15,771: - 	Tile contains 20 galaxies, of which 15 are repeats
2022-04-29 13:51:15,771: - FINISHED TILE 31


2022-04-29 13:51:15,805: - Tile 32:
2022-04-29 13:51:15,805: - 	Remaining Targets: 46
2022-04-29 13:51:18,593: - 	Tile contains 14 galaxies, of which 9 are repeats
2022-04-29 13:51:18,593: - FINISHED TILE 32


2022-04-29 13:51:18,627: - Tile 33:
2022-04-29 13:51:18,627: - 	Remaining Targets: 41
2022-04-29 13:51:22,023: - 	Tile contains 11 galaxies, of which 6 are repeats
2022-04-29 13:51:22,024: - FINISHED TILE 33


2022-04-29 13:51:22,058: - Tile 34:
2022-04-29 13:51:22,059: - 	Remaining Targets: 36
2022-04-29 13:51:25,536: - 	Tile contains 9 galaxies, of which 4 are repeats
2022-04-29 13:51:25,536: - FINISHED TILE 34


2022-04-29 13:51:25,572: - Tile 35:
2022-04-29 13:51:25,572: - 	Remaining Targets: 31
2022-04-29 13:51:29,569: - 	Tile contains 6 galaxies, of which 2 are repeats
2022-04-29 13:51:29,569: - FINISHED TILE 35


2022-04-29 13:51:29,603: - Tile 36:
2022-04-29 13:51:29,603: - 	Remaining Targets: 27
2022-04-29 13:51:32,723: - 	Tile contains 12 galaxies, of which 9 are repeats
2022-04-29 13:51:32,723: - FINISHED TILE 36


2022-04-29 13:51:32,757: - Tile 37:
2022-04-29 13:51:32,757: - 	Remaining Targets: 24
2022-04-29 13:51:36,110: - 	Tile contains 17 galaxies, of which 14 are repeats
2022-04-29 13:51:36,110: - FINISHED TILE 37


2022-04-29 13:51:36,146: - Tile 38:
2022-04-29 13:51:36,146: - 	Remaining Targets: 21
2022-04-29 13:51:39,309: - 	Tile contains 19 galaxies, of which 16 are repeats
2022-04-29 13:51:39,310: - FINISHED TILE 38


2022-04-29 13:51:39,345: - Tile 39:
2022-04-29 13:51:39,345: - 	Remaining Targets: 18
2022-04-29 13:51:42,108: - 	Tile contains 19 galaxies, of which 16 are repeats
2022-04-29 13:51:42,108: - FINISHED TILE 39


2022-04-29 13:51:42,143: - Tile 40:
2022-04-29 13:51:42,144: - 	Remaining Targets: 15
2022-04-29 13:51:45,187: - 	Tile contains 14 galaxies, of which 11 are repeats
2022-04-29 13:51:45,187: - FINISHED TILE 40


2022-04-29 13:51:45,226: - Tile 41:
2022-04-29 13:51:45,226: - 	Remaining Targets: 12
2022-04-29 13:51:48,530: - 	Tile contains 5 galaxies, of which 3 are repeats
2022-04-29 13:51:48,530: - FINISHED TILE 41


2022-04-29 13:51:48,566: - Tile 42:
2022-04-29 13:51:48,566: - 	Remaining Targets: 10
2022-04-29 13:51:51,469: - 	Tile contains 11 galaxies, of which 9 are repeats
2022-04-29 13:51:51,470: - FINISHED TILE 42


2022-04-29 13:51:51,507: - Tile 43:
2022-04-29 13:51:51,507: - 	Remaining Targets: 8
2022-04-29 13:51:55,551: - 	Tile contains 11 galaxies, of which 9 are repeats
2022-04-29 13:51:55,552: - FINISHED TILE 43


2022-04-29 13:51:55,590: - Tile 44:
2022-04-29 13:51:55,590: - 	Remaining Targets: 6
2022-04-29 13:51:59,016: - 	Tile contains 7 galaxies, of which 5 are repeats
2022-04-29 13:51:59,017: - FINISHED TILE 44


2022-04-29 13:51:59,054: - Tile 45:
2022-04-29 13:51:59,054: - 	Remaining Targets: 4
2022-04-29 13:52:02,729: - 	Tile contains 13 galaxies, of which 12 are repeats
2022-04-29 13:52:02,729: - FINISHED TILE 45


2022-04-29 13:52:02,769: - Tile 46:
2022-04-29 13:52:02,769: - 	Remaining Targets: 3
2022-04-29 13:52:05,510: - 	Tile contains 12 galaxies, of which 11 are repeats
2022-04-29 13:52:05,510: - FINISHED TILE 46


2022-04-29 13:52:05,550: - Tile 47:
2022-04-29 13:52:05,550: - 	Remaining Targets: 2
2022-04-29 13:52:10,538: - 	Tile contains 12 galaxies, of which 11 are repeats
2022-04-29 13:52:10,539: - FINISHED TILE 47


2022-04-29 13:52:10,585: - Tile 48:
2022-04-29 13:52:10,585: - 	Remaining Targets: 1
2022-04-29 13:52:15,150: - 	Tile contains 10 galaxies, of which 9 are repeats
2022-04-29 13:52:15,150: - FINISHED TILE 48


2022-04-29 13:52:15,189: - 


2022-04-29 13:52:15,189: - Done!
