2022-04-29 14:05:53,947: - Robot Temperature: 12 C, Obs Temperature: 12 C. date=2022 01 15


2022-04-29 14:05:53,951: - Adding extra columns to the target dataframe
2022-04-29 14:05:53,978: - Total Targets in field to tile: 477

2022-04-29 14:05:53,979: - Tile 0:
2022-04-29 14:05:53,979: - 	Remaining Targets: 477
2022-04-29 14:05:56,783: - 	Tile contains 19 galaxies, of which 0 are repeats
2022-04-29 14:05:56,784: - FINISHED TILE 0


2022-04-29 14:05:56,800: - Tile 1:
2022-04-29 14:05:56,800: - 	Remaining Targets: 457
2022-04-29 14:05:59,734: - 	Tile contains 19 galaxies, of which 0 are repeats
2022-04-29 14:05:59,734: - FINISHED TILE 1


2022-04-29 14:05:59,749: - Tile 2:
2022-04-29 14:05:59,749: - 	Remaining Targets: 437
2022-04-29 14:06:03,003: - 	Tile contains 19 galaxies, of which 0 are repeats
2022-04-29 14:06:03,003: - FINISHED TILE 2


2022-04-29 14:06:03,020: - Tile 3:
2022-04-29 14:06:03,020: - 	Remaining Targets: 418
2022-04-29 14:06:05,695: - 	Tile contains 19 galaxies, of which 0 are repeats
2022-04-29 14:06:05,696: - FINISHED TILE 3


2022-04-29 14:06:05,714: - Tile 4:
2022-04-29 14:06:05,714: - 	Remaining Targets: 399
2022-04-29 14:06:08,510: - 	Tile contains 19 galaxies, of which 0 are repeats
2022-04-29 14:06:08,511: - FINISHED TILE 4


2022-04-29 14:06:08,528: - Tile 5:
2022-04-29 14:06:08,528: - 	Remaining Targets: 380
2022-04-29 14:06:11,391: - 	Tile contains 19 galaxies, of which 0 are repeats
2022-04-29 14:06:11,391: - FINISHED TILE 5


2022-04-29 14:06:11,410: - Tile 6:
2022-04-29 14:06:11,410: - 	Remaining Targets: 361
2022-04-29 14:06:14,623: - 	Tile contains 19 galaxies, of which 0 are repeats
2022-04-29 14:06:14,623: - FINISHED TILE 6


2022-04-29 14:06:14,645: - Tile 7:
2022-04-29 14:06:14,645: - 	Remaining Targets: 342
2022-04-29 14:06:17,486: - 	Tile contains 19 galaxies, of which 0 are repeats
2022-04-29 14:06:17,486: - FINISHED TILE 7


2022-04-29 14:06:17,506: - Tile 8:
2022-04-29 14:06:17,506: - 	Remaining Targets: 322
2022-04-29 14:06:20,665: - 	Tile contains 19 galaxies, of which 0 are repeats
2022-04-29 14:06:20,665: - FINISHED TILE 8


2022-04-29 14:06:20,685: - Tile 9:
2022-04-29 14:06:20,685: - 	Remaining Targets: 303
2022-04-29 14:06:23,911: - 	Tile contains 19 galaxies, of which 0 are repeats
2022-04-29 14:06:23,911: - FINISHED TILE 9


2022-04-29 14:06:23,931: - Tile 10:
2022-04-29 14:06:23,931: - 	Remaining Targets: 284
2022-04-29 14:06:26,612: - 	Tile contains 19 galaxies, of which 0 are repeats
2022-04-29 14:06:26,612: - FINISHED TILE 10


2022-04-29 14:06:26,633: - Tile 11:
2022-04-29 14:06:26,633: - 	Remaining Targets: 265
2022-04-29 14:06:29,378: - 	Tile contains 19 galaxies, of which 2 are repeats
2022-04-29 14:06:29,378: - FINISHED TILE 11


2022-04-29 14:06:29,399: - Tile 12:
2022-04-29 14:06:29,399: - 	Remaining Targets: 248
