2022-07-27 13:28:08,680: - Robot Temperature: 12 C, Obs Temperature: 12 C. date=2022 01 15


2022-07-27 13:28:08,715: - Adding extra columns to the target dataframe
2022-07-27 13:28:08,782: - Total Targets in field to tile: 926

2022-07-27 13:28:08,782: - Tile 0:
2022-07-27 13:28:08,782: - 	Remaining Targets: 926
2022-07-27 13:28:13,993: - 	Tile contains 19 galaxies, of which 0 are repeats
2022-07-27 13:28:13,993: - FINISHED TILE 0


2022-07-27 13:28:14,019: - Tile 1:
2022-07-27 13:28:14,019: - 	Remaining Targets: 907
2022-07-27 13:28:19,258: - 	Tile contains 19 galaxies, of which 0 are repeats
2022-07-27 13:28:19,258: - FINISHED TILE 1


2022-07-27 13:28:19,291: - Tile 2:
2022-07-27 13:28:19,291: - 	Remaining Targets: 888
2022-07-27 13:28:24,043: - 	Tile contains 19 galaxies, of which 0 are repeats
2022-07-27 13:28:24,043: - FINISHED TILE 2


2022-07-27 13:28:24,069: - Tile 3:
2022-07-27 13:28:24,069: - 	Remaining Targets: 869
2022-07-27 13:28:28,791: - 	Tile contains 19 galaxies, of which 0 are repeats
2022-07-27 13:28:28,791: - FINISHED TILE 3


2022-07-27 13:28:28,819: - Tile 4:
2022-07-27 13:28:28,819: - 	Remaining Targets: 850
2022-07-27 13:28:33,256: - 	Tile contains 19 galaxies, of which 0 are repeats
2022-07-27 13:28:33,256: - FINISHED TILE 4


2022-07-27 13:28:33,284: - Tile 5:
2022-07-27 13:28:33,284: - 	Remaining Targets: 831
2022-07-27 13:28:37,494: - 	Tile contains 19 galaxies, of which 0 are repeats
2022-07-27 13:28:37,495: - FINISHED TILE 5


2022-07-27 13:28:37,523: - Tile 6:
2022-07-27 13:28:37,523: - 	Remaining Targets: 812
2022-07-27 13:28:41,549: - 	Tile contains 19 galaxies, of which 0 are repeats
2022-07-27 13:28:41,549: - FINISHED TILE 6


2022-07-27 13:28:41,580: - Tile 7:
2022-07-27 13:28:41,580: - 	Remaining Targets: 793
2022-07-27 13:28:45,536: - 	Tile contains 19 galaxies, of which 0 are repeats
2022-07-27 13:28:45,536: - FINISHED TILE 7


2022-07-27 13:28:45,566: - Tile 8:
2022-07-27 13:28:45,566: - 	Remaining Targets: 774
2022-07-27 13:28:49,602: - 	Tile contains 19 galaxies, of which 0 are repeats
2022-07-27 13:28:49,602: - FINISHED TILE 8


2022-07-27 13:28:49,633: - Tile 9:
2022-07-27 13:28:49,633: - 	Remaining Targets: 755
2022-07-27 13:28:53,434: - 	Tile contains 19 galaxies, of which 0 are repeats
2022-07-27 13:28:53,434: - FINISHED TILE 9


2022-07-27 13:28:53,466: - Tile 10:
2022-07-27 13:28:53,466: - 	Remaining Targets: 736
2022-07-27 13:28:56,988: - 	Tile contains 19 galaxies, of which 0 are repeats
2022-07-27 13:28:56,989: - FINISHED TILE 10


2022-07-27 13:28:57,023: - Tile 11:
2022-07-27 13:28:57,023: - 	Remaining Targets: 717
2022-07-27 13:29:00,480: - 	Tile contains 19 galaxies, of which 0 are repeats
2022-07-27 13:29:00,480: - FINISHED TILE 11


2022-07-27 13:29:00,514: - Tile 12:
2022-07-27 13:29:00,514: - 	Remaining Targets: 698
2022-07-27 13:29:03,802: - 	Tile contains 19 galaxies, of which 0 are repeats
2022-07-27 13:29:03,802: - FINISHED TILE 12


2022-07-27 13:29:03,834: - Tile 13:
2022-07-27 13:29:03,834: - 	Remaining Targets: 679
2022-07-27 13:29:06,783: - 	Tile contains 19 galaxies, of which 0 are repeats
2022-07-27 13:29:06,783: - FINISHED TILE 13


2022-07-27 13:29:06,815: - Tile 14:
2022-07-27 13:29:06,815: - 	Remaining Targets: 660
2022-07-27 13:29:09,690: - 	Tile contains 19 galaxies, of which 0 are repeats
2022-07-27 13:29:09,691: - FINISHED TILE 14


2022-07-27 13:29:09,723: - Tile 15:
2022-07-27 13:29:09,723: - 	Remaining Targets: 641
2022-07-27 13:29:12,541: - 	Tile contains 19 galaxies, of which 0 are repeats
2022-07-27 13:29:12,541: - FINISHED TILE 15


2022-07-27 13:29:12,575: - Tile 16:
2022-07-27 13:29:12,575: - 	Remaining Targets: 622
2022-07-27 13:29:15,185: - 	Tile contains 19 galaxies, of which 0 are repeats
2022-07-27 13:29:15,185: - FINISHED TILE 16


2022-07-27 13:29:15,220: - Tile 17:
2022-07-27 13:29:15,220: - 	Remaining Targets: 603
2022-07-27 13:29:17,710: - 	Tile contains 19 galaxies, of which 0 are repeats
2022-07-27 13:29:17,710: - FINISHED TILE 17


2022-07-27 13:29:17,743: - Tile 18:
2022-07-27 13:29:17,743: - 	Remaining Targets: 584
2022-07-27 13:29:20,257: - 	Tile contains 19 galaxies, of which 0 are repeats
2022-07-27 13:29:20,257: - FINISHED TILE 18


2022-07-27 13:29:20,294: - Tile 19:
2022-07-27 13:29:20,294: - 	Remaining Targets: 565
2022-07-27 13:29:22,608: - 	Tile contains 19 galaxies, of which 0 are repeats
2022-07-27 13:29:22,608: - FINISHED TILE 19


2022-07-27 13:29:22,643: - Tile 20:
2022-07-27 13:29:22,644: - 	Remaining Targets: 546
2022-07-27 13:29:24,821: - 	Tile contains 19 galaxies, of which 0 are repeats
2022-07-27 13:29:24,821: - FINISHED TILE 20


2022-07-27 13:29:24,864: - Tile 21:
2022-07-27 13:29:24,864: - 	Remaining Targets: 527
2022-07-27 13:29:26,963: - 	Tile contains 19 galaxies, of which 0 are repeats
2022-07-27 13:29:26,964: - FINISHED TILE 21


2022-07-27 13:29:27,001: - Tile 22:
2022-07-27 13:29:27,001: - 	Remaining Targets: 508
2022-07-27 13:29:29,045: - 	Tile contains 19 galaxies, of which 0 are repeats
2022-07-27 13:29:29,045: - FINISHED TILE 22


2022-07-27 13:29:29,084: - Tile 23:
2022-07-27 13:29:29,084: - 	Remaining Targets: 489
2022-07-27 13:29:31,328: - 	Tile contains 19 galaxies, of which 0 are repeats
2022-07-27 13:29:31,328: - FINISHED TILE 23


2022-07-27 13:29:31,370: - Tile 24:
2022-07-27 13:29:31,370: - 	Remaining Targets: 470
2022-07-27 13:29:33,685: - 	Tile contains 19 galaxies, of which 0 are repeats
2022-07-27 13:29:33,686: - FINISHED TILE 24


2022-07-27 13:29:33,733: - Tile 25:
2022-07-27 13:29:33,734: - 	Remaining Targets: 451
2022-07-27 13:29:36,339: - 	Tile contains 19 galaxies, of which 0 are repeats
2022-07-27 13:29:36,339: - FINISHED TILE 25


2022-07-27 13:29:36,389: - Tile 26:
2022-07-27 13:29:36,389: - 	Remaining Targets: 432
2022-07-27 13:29:38,626: - 	Tile contains 19 galaxies, of which 0 are repeats
2022-07-27 13:29:38,626: - FINISHED TILE 26


2022-07-27 13:29:38,670: - Tile 27:
2022-07-27 13:29:38,671: - 	Remaining Targets: 413
2022-07-27 13:29:40,734: - 	Tile contains 19 galaxies, of which 0 are repeats
2022-07-27 13:29:40,735: - FINISHED TILE 27


2022-07-27 13:29:40,780: - Tile 28:
2022-07-27 13:29:40,780: - 	Remaining Targets: 394
2022-07-27 13:29:43,103: - 	Tile contains 19 galaxies, of which 0 are repeats
2022-07-27 13:29:43,103: - FINISHED TILE 28


2022-07-27 13:29:43,148: - Tile 29:
2022-07-27 13:29:43,148: - 	Remaining Targets: 375
2022-07-27 13:29:45,556: - 	Tile contains 19 galaxies, of which 0 are repeats
2022-07-27 13:29:45,556: - FINISHED TILE 29


2022-07-27 13:29:45,598: - Tile 30:
2022-07-27 13:29:45,598: - 	Remaining Targets: 356
2022-07-27 13:29:48,199: - 	Tile contains 19 galaxies, of which 0 are repeats
2022-07-27 13:29:48,199: - FINISHED TILE 30


2022-07-27 13:29:48,254: - Tile 31:
2022-07-27 13:29:48,254: - 	Remaining Targets: 337
2022-07-27 13:29:50,400: - 	Tile contains 19 galaxies, of which 0 are repeats
2022-07-27 13:29:50,400: - FINISHED TILE 31


2022-07-27 13:29:50,443: - Tile 32:
2022-07-27 13:29:50,443: - 	Remaining Targets: 318
2022-07-27 13:29:52,525: - 	Tile contains 19 galaxies, of which 0 are repeats
2022-07-27 13:29:52,525: - FINISHED TILE 32


2022-07-27 13:29:52,570: - Tile 33:
2022-07-27 13:29:52,571: - 	Remaining Targets: 299
2022-07-27 13:29:54,939: - 	Tile contains 19 galaxies, of which 0 are repeats
2022-07-27 13:29:54,940: - FINISHED TILE 33


2022-07-27 13:29:55,000: - Tile 34:
2022-07-27 13:29:55,000: - 	Remaining Targets: 280
2022-07-27 13:29:58,058: - 	Tile contains 19 galaxies, of which 0 are repeats
2022-07-27 13:29:58,059: - FINISHED TILE 34


2022-07-27 13:29:58,112: - Tile 35:
2022-07-27 13:29:58,112: - 	Remaining Targets: 261
2022-07-27 13:30:00,282: - 	Tile contains 19 galaxies, of which 0 are repeats
2022-07-27 13:30:00,282: - FINISHED TILE 35


2022-07-27 13:30:00,331: - Tile 36:
2022-07-27 13:30:00,332: - 	Remaining Targets: 242
2022-07-27 13:30:02,510: - 	Tile contains 19 galaxies, of which 0 are repeats
2022-07-27 13:30:02,510: - FINISHED TILE 36


2022-07-27 13:30:02,558: - Tile 37:
2022-07-27 13:30:02,558: - 	Remaining Targets: 223
2022-07-27 13:30:04,751: - 	Tile contains 19 galaxies, of which 3 are repeats
2022-07-27 13:30:04,751: - FINISHED TILE 37


2022-07-27 13:30:04,797: - Tile 38:
2022-07-27 13:30:04,797: - 	Remaining Targets: 207
2022-07-27 13:30:06,944: - 	Tile contains 19 galaxies, of which 1 are repeats
2022-07-27 13:30:06,944: - FINISHED TILE 38


2022-07-27 13:30:06,993: - Tile 39:
2022-07-27 13:30:06,993: - 	Remaining Targets: 189
2022-07-27 13:30:09,356: - 	Tile contains 19 galaxies, of which 1 are repeats
2022-07-27 13:30:09,357: - FINISHED TILE 39


2022-07-27 13:30:09,409: - Tile 40:
2022-07-27 13:30:09,409: - 	Remaining Targets: 171
2022-07-27 13:30:11,669: - 	Tile contains 19 galaxies, of which 1 are repeats
2022-07-27 13:30:11,670: - FINISHED TILE 40


2022-07-27 13:30:11,724: - Tile 41:
2022-07-27 13:30:11,725: - 	Remaining Targets: 153
2022-07-27 13:30:13,888: - 	Tile contains 19 galaxies, of which 3 are repeats
2022-07-27 13:30:13,888: - FINISHED TILE 41


2022-07-27 13:30:13,937: - Tile 42:
2022-07-27 13:30:13,938: - 	Remaining Targets: 137
2022-07-27 13:30:15,921: - 	Tile contains 19 galaxies, of which 4 are repeats
2022-07-27 13:30:15,921: - FINISHED TILE 42


2022-07-27 13:30:15,971: - Tile 43:
2022-07-27 13:30:15,972: - 	Remaining Targets: 122
2022-07-27 13:30:18,204: - 	Tile contains 19 galaxies, of which 4 are repeats
2022-07-27 13:30:18,205: - FINISHED TILE 43


2022-07-27 13:30:18,256: - Tile 44:
2022-07-27 13:30:18,256: - 	Remaining Targets: 107
2022-07-27 13:30:20,326: - 	Tile contains 19 galaxies, of which 5 are repeats
2022-07-27 13:30:20,326: - FINISHED TILE 44


2022-07-27 13:30:20,376: - Tile 45:
2022-07-27 13:30:20,376: - 	Remaining Targets: 93
2022-07-27 13:30:22,298: - 	Tile contains 19 galaxies, of which 5 are repeats
2022-07-27 13:30:22,298: - FINISHED TILE 45


2022-07-27 13:30:22,348: - Tile 46:
2022-07-27 13:30:22,348: - 	Remaining Targets: 79
2022-07-27 13:30:24,356: - 	Tile contains 19 galaxies, of which 9 are repeats
2022-07-27 13:30:24,357: - FINISHED TILE 46


2022-07-27 13:30:24,416: - Tile 47:
2022-07-27 13:30:24,417: - 	Remaining Targets: 69
2022-07-27 13:30:26,425: - 	Tile contains 19 galaxies, of which 9 are repeats
2022-07-27 13:30:26,425: - FINISHED TILE 47


2022-07-27 13:30:26,478: - Tile 48:
2022-07-27 13:30:26,478: - 	Remaining Targets: 59
2022-07-27 13:30:28,494: - 	Tile contains 19 galaxies, of which 11 are repeats
2022-07-27 13:30:28,494: - FINISHED TILE 48


2022-07-27 13:30:28,547: - Tile 49:
2022-07-27 13:30:28,547: - 	Remaining Targets: 51
2022-07-27 13:30:30,604: - 	Tile contains 19 galaxies, of which 12 are repeats
2022-07-27 13:30:30,605: - FINISHED TILE 49


2022-07-27 13:30:30,662: - Tile 50:
2022-07-27 13:30:30,662: - 	Remaining Targets: 44
2022-07-27 13:30:32,744: - 	Tile contains 19 galaxies, of which 15 are repeats
2022-07-27 13:30:32,745: - FINISHED TILE 50


2022-07-27 13:30:32,799: - Tile 51:
2022-07-27 13:30:32,799: - 	Remaining Targets: 40
2022-07-27 13:30:34,751: - 	Tile contains 19 galaxies, of which 13 are repeats
2022-07-27 13:30:34,752: - FINISHED TILE 51


2022-07-27 13:30:34,804: - Tile 52:
2022-07-27 13:30:34,805: - 	Remaining Targets: 34
2022-07-27 13:30:36,722: - 	Tile contains 19 galaxies, of which 15 are repeats
2022-07-27 13:30:36,723: - FINISHED TILE 52


2022-07-27 13:30:36,776: - Tile 53:
2022-07-27 13:30:36,776: - 	Remaining Targets: 30
2022-07-27 13:30:38,563: - 	Tile contains 12 galaxies, of which 7 are repeats
2022-07-27 13:30:38,563: - FINISHED TILE 53


2022-07-27 13:30:38,618: - Tile 54:
2022-07-27 13:30:38,618: - 	Remaining Targets: 25
2022-07-27 13:30:40,615: - 	Tile contains 19 galaxies, of which 15 are repeats
2022-07-27 13:30:40,615: - FINISHED TILE 54


2022-07-27 13:30:40,672: - Tile 55:
2022-07-27 13:30:40,672: - 	Remaining Targets: 21
2022-07-27 13:30:42,754: - 	Tile contains 19 galaxies, of which 15 are repeats
2022-07-27 13:30:42,754: - FINISHED TILE 55


2022-07-27 13:30:42,814: - Tile 56:
2022-07-27 13:30:42,814: - 	Remaining Targets: 17
2022-07-27 13:30:44,869: - 	Tile contains 19 galaxies, of which 15 are repeats
2022-07-27 13:30:44,869: - FINISHED TILE 56


2022-07-27 13:30:44,928: - Tile 57:
2022-07-27 13:30:44,929: - 	Remaining Targets: 13
2022-07-27 13:30:46,889: - 	Tile contains 19 galaxies, of which 16 are repeats
2022-07-27 13:30:46,889: - FINISHED TILE 57


2022-07-27 13:30:46,946: - Tile 58:
2022-07-27 13:30:46,946: - 	Remaining Targets: 10
2022-07-27 13:30:48,801: - 	Tile contains 16 galaxies, of which 13 are repeats
2022-07-27 13:30:48,801: - FINISHED TILE 58


2022-07-27 13:30:48,857: - Tile 59:
2022-07-27 13:30:48,857: - 	Remaining Targets: 7
2022-07-27 13:30:50,803: - 	Tile contains 19 galaxies, of which 17 are repeats
2022-07-27 13:30:50,803: - FINISHED TILE 59


2022-07-27 13:30:50,865: - Tile 60:
2022-07-27 13:30:50,865: - 	Remaining Targets: 5
2022-07-27 13:30:53,069: - 	Tile contains 19 galaxies, of which 17 are repeats
2022-07-27 13:30:53,069: - FINISHED TILE 60


2022-07-27 13:30:53,140: - Tile 61:
2022-07-27 13:30:53,140: - 	Remaining Targets: 3
2022-07-27 13:30:55,312: - 	Tile contains 19 galaxies, of which 17 are repeats
2022-07-27 13:30:55,312: - FINISHED TILE 61


2022-07-27 13:30:55,378: - Tile 62:
2022-07-27 13:30:55,378: - 	Remaining Targets: 1
2022-07-27 13:30:58,350: - 	Tile contains 8 galaxies, of which 7 are repeats
2022-07-27 13:30:58,350: - FINISHED TILE 62


2022-07-27 13:30:58,415: - 


2022-07-27 13:30:58,416: - Done!
