2022-05-18 16:48:53,531: - Robot Temperature: 12 C, Obs Temperature: 12 C. date=2022 01 15


2022-05-18 16:48:53,533: - Adding extra columns to the target dataframe
2022-05-18 16:48:53,544: - Total Targets in field to tile: 694

2022-05-18 16:48:53,544: - Tile 0:
2022-05-18 16:48:53,545: - 	Remaining Targets: 694
2022-05-18 16:48:58,104: - 	Tile contains 19 galaxies, of which 0 are repeats
2022-05-18 16:48:58,104: - FINISHED TILE 0


2022-05-18 16:48:58,126: - Tile 1:
2022-05-18 16:48:58,126: - 	Remaining Targets: 670
2022-05-18 16:49:02,514: - 	Tile contains 19 galaxies, of which 0 are repeats
2022-05-18 16:49:02,514: - FINISHED TILE 1


2022-05-18 16:49:02,536: - Tile 2:
2022-05-18 16:49:02,537: - 	Remaining Targets: 648
2022-05-18 16:49:06,169: - 	Tile contains 19 galaxies, of which 0 are repeats
2022-05-18 16:49:06,169: - FINISHED TILE 2


2022-05-18 16:49:06,191: - Tile 3:
2022-05-18 16:49:06,191: - 	Remaining Targets: 626
2022-05-18 16:49:09,718: - 	Tile contains 19 galaxies, of which 0 are repeats
2022-05-18 16:49:09,718: - FINISHED TILE 3


2022-05-18 16:49:09,740: - Tile 4:
2022-05-18 16:49:09,740: - 	Remaining Targets: 606
2022-05-18 16:49:12,990: - 	Tile contains 19 galaxies, of which 0 are repeats
2022-05-18 16:49:12,990: - FINISHED TILE 4


2022-05-18 16:49:13,013: - Tile 5:
2022-05-18 16:49:13,013: - 	Remaining Targets: 587
2022-05-18 16:49:15,964: - 	Tile contains 19 galaxies, of which 0 are repeats
2022-05-18 16:49:15,964: - FINISHED TILE 5


2022-05-18 16:49:15,987: - Tile 6:
2022-05-18 16:49:15,987: - 	Remaining Targets: 567
2022-05-18 16:49:18,883: - 	Tile contains 19 galaxies, of which 0 are repeats
2022-05-18 16:49:18,883: - FINISHED TILE 6


2022-05-18 16:49:18,909: - Tile 7:
2022-05-18 16:49:18,909: - 	Remaining Targets: 547
2022-05-18 16:49:21,636: - 	Tile contains 19 galaxies, of which 0 are repeats
2022-05-18 16:49:21,636: - FINISHED TILE 7


2022-05-18 16:49:21,661: - Tile 8:
2022-05-18 16:49:21,661: - 	Remaining Targets: 527
2022-05-18 16:49:24,348: - 	Tile contains 19 galaxies, of which 0 are repeats
2022-05-18 16:49:24,348: - FINISHED TILE 8


2022-05-18 16:49:24,375: - Tile 9:
2022-05-18 16:49:24,375: - 	Remaining Targets: 507
2022-05-18 16:49:26,841: - 	Tile contains 19 galaxies, of which 0 are repeats
2022-05-18 16:49:26,841: - FINISHED TILE 9


2022-05-18 16:49:26,867: - Tile 10:
2022-05-18 16:49:26,867: - 	Remaining Targets: 486
2022-05-18 16:49:29,274: - 	Tile contains 19 galaxies, of which 0 are repeats
2022-05-18 16:49:29,275: - FINISHED TILE 10


2022-05-18 16:49:29,303: - Tile 11:
2022-05-18 16:49:29,303: - 	Remaining Targets: 464
2022-05-18 16:49:31,628: - 	Tile contains 19 galaxies, of which 0 are repeats
2022-05-18 16:49:31,628: - FINISHED TILE 11


2022-05-18 16:49:31,656: - Tile 12:
2022-05-18 16:49:31,657: - 	Remaining Targets: 444
2022-05-18 16:49:34,002: - 	Tile contains 19 galaxies, of which 0 are repeats
2022-05-18 16:49:34,002: - FINISHED TILE 12


2022-05-18 16:49:34,028: - Tile 13:
2022-05-18 16:49:34,028: - 	Remaining Targets: 423
2022-05-18 16:49:36,292: - 	Tile contains 19 galaxies, of which 0 are repeats
2022-05-18 16:49:36,292: - FINISHED TILE 13


2022-05-18 16:49:36,321: - Tile 14:
2022-05-18 16:49:36,321: - 	Remaining Targets: 403
2022-05-18 16:49:38,533: - 	Tile contains 19 galaxies, of which 0 are repeats
2022-05-18 16:49:38,533: - FINISHED TILE 14


2022-05-18 16:49:38,562: - Tile 15:
2022-05-18 16:49:38,562: - 	Remaining Targets: 383
2022-05-18 16:49:40,783: - 	Tile contains 19 galaxies, of which 0 are repeats
2022-05-18 16:49:40,784: - FINISHED TILE 15


2022-05-18 16:49:40,814: - Tile 16:
2022-05-18 16:49:40,814: - 	Remaining Targets: 360
2022-05-18 16:49:43,073: - 	Tile contains 19 galaxies, of which 0 are repeats
2022-05-18 16:49:43,073: - FINISHED TILE 16


2022-05-18 16:49:43,108: - Tile 17:
2022-05-18 16:49:43,108: - 	Remaining Targets: 340
2022-05-18 16:49:45,329: - 	Tile contains 19 galaxies, of which 0 are repeats
2022-05-18 16:49:45,330: - FINISHED TILE 17


2022-05-18 16:49:45,362: - Tile 18:
2022-05-18 16:49:45,362: - 	Remaining Targets: 320
2022-05-18 16:49:47,616: - 	Tile contains 19 galaxies, of which 0 are repeats
2022-05-18 16:49:47,616: - FINISHED TILE 18


2022-05-18 16:49:47,648: - Tile 19:
2022-05-18 16:49:47,648: - 	Remaining Targets: 298
2022-05-18 16:49:49,787: - 	Tile contains 19 galaxies, of which 0 are repeats
2022-05-18 16:49:49,787: - FINISHED TILE 19


2022-05-18 16:49:49,820: - Tile 20:
2022-05-18 16:49:49,820: - 	Remaining Targets: 279
2022-05-18 16:49:52,184: - 	Tile contains 19 galaxies, of which 3 are repeats
2022-05-18 16:49:52,184: - FINISHED TILE 20


2022-05-18 16:49:52,217: - Tile 21:
2022-05-18 16:49:52,217: - 	Remaining Targets: 262
2022-05-18 16:49:54,615: - 	Tile contains 19 galaxies, of which 3 are repeats
2022-05-18 16:49:54,615: - FINISHED TILE 21


2022-05-18 16:49:54,648: - Tile 22:
2022-05-18 16:49:54,649: - 	Remaining Targets: 246
2022-05-18 16:49:56,988: - 	Tile contains 19 galaxies, of which 6 are repeats
2022-05-18 16:49:56,988: - FINISHED TILE 22


2022-05-18 16:49:57,022: - Tile 23:
2022-05-18 16:49:57,023: - 	Remaining Targets: 233
2022-05-18 16:49:59,499: - 	Tile contains 19 galaxies, of which 7 are repeats
2022-05-18 16:49:59,500: - FINISHED TILE 23


2022-05-18 16:49:59,534: - Tile 24:
2022-05-18 16:49:59,534: - 	Remaining Targets: 220
2022-05-18 16:50:01,576: - 	Tile contains 17 galaxies, of which 0 are repeats
2022-05-18 16:50:01,576: - FINISHED TILE 24


2022-05-18 16:50:01,611: - Tile 25:
2022-05-18 16:50:01,611: - 	Remaining Targets: 203
2022-05-18 16:50:03,504: - 	Tile contains 14 galaxies, of which 0 are repeats
2022-05-18 16:50:03,505: - FINISHED TILE 25


2022-05-18 16:50:03,540: - Tile 26:
2022-05-18 16:50:03,540: - 	Remaining Targets: 189
2022-05-18 16:50:05,905: - 	Tile contains 19 galaxies, of which 9 are repeats
2022-05-18 16:50:05,905: - FINISHED TILE 26


2022-05-18 16:50:05,944: - Tile 27:
2022-05-18 16:50:05,944: - 	Remaining Targets: 177
2022-05-18 16:50:08,353: - 	Tile contains 18 galaxies, of which 1 are repeats
2022-05-18 16:50:08,353: - FINISHED TILE 27


2022-05-18 16:50:08,394: - Tile 28:
2022-05-18 16:50:08,394: - 	Remaining Targets: 160
2022-05-18 16:50:10,515: - 	Tile contains 14 galaxies, of which 1 are repeats
2022-05-18 16:50:10,515: - FINISHED TILE 28


2022-05-18 16:50:10,555: - Tile 29:
2022-05-18 16:50:10,555: - 	Remaining Targets: 146
2022-05-18 16:50:13,003: - 	Tile contains 17 galaxies, of which 10 are repeats
2022-05-18 16:50:13,003: - FINISHED TILE 29


2022-05-18 16:50:13,041: - Tile 30:
2022-05-18 16:50:13,041: - 	Remaining Targets: 139
2022-05-18 16:50:15,591: - 	Tile contains 19 galaxies, of which 12 are repeats
2022-05-18 16:50:15,591: - FINISHED TILE 30


2022-05-18 16:50:15,628: - Tile 31:
2022-05-18 16:50:15,628: - 	Remaining Targets: 132
2022-05-18 16:50:17,503: - 	Tile contains 11 galaxies, of which 0 are repeats
2022-05-18 16:50:17,503: - FINISHED TILE 31


2022-05-18 16:50:17,541: - Tile 32:
2022-05-18 16:50:17,541: - 	Remaining Targets: 121
2022-05-18 16:50:19,375: - 	Tile contains 12 galaxies, of which 1 are repeats
2022-05-18 16:50:19,375: - FINISHED TILE 32


2022-05-18 16:50:19,413: - Tile 33:
2022-05-18 16:50:19,413: - 	Remaining Targets: 110
2022-05-18 16:50:21,209: - 	Tile contains 11 galaxies, of which 2 are repeats
2022-05-18 16:50:21,209: - FINISHED TILE 33


2022-05-18 16:50:21,248: - Tile 34:
2022-05-18 16:50:21,248: - 	Remaining Targets: 101
2022-05-18 16:50:23,685: - 	Tile contains 12 galaxies, of which 8 are repeats
2022-05-18 16:50:23,686: - FINISHED TILE 34


2022-05-18 16:50:23,728: - Tile 35:
2022-05-18 16:50:23,728: - 	Remaining Targets: 97
2022-05-18 16:50:25,475: - 	Tile contains 8 galaxies, of which 2 are repeats
2022-05-18 16:50:25,475: - FINISHED TILE 35


2022-05-18 16:50:25,517: - Tile 36:
2022-05-18 16:50:25,518: - 	Remaining Targets: 91
2022-05-18 16:50:27,483: - 	Tile contains 14 galaxies, of which 7 are repeats
2022-05-18 16:50:27,484: - FINISHED TILE 36


2022-05-18 16:50:27,525: - Tile 37:
2022-05-18 16:50:27,525: - 	Remaining Targets: 83
2022-05-18 16:50:29,283: - 	Tile contains 8 galaxies, of which 0 are repeats
2022-05-18 16:50:29,283: - FINISHED TILE 37


2022-05-18 16:50:29,325: - Tile 38:
2022-05-18 16:50:29,325: - 	Remaining Targets: 75
2022-05-18 16:50:31,698: - 	Tile contains 15 galaxies, of which 13 are repeats
2022-05-18 16:50:31,699: - FINISHED TILE 38


2022-05-18 16:50:31,739: - Tile 39:
2022-05-18 16:50:31,739: - 	Remaining Targets: 73
2022-05-18 16:50:33,738: - 	Tile contains 14 galaxies, of which 8 are repeats
2022-05-18 16:50:33,738: - FINISHED TILE 39


2022-05-18 16:50:33,782: - Tile 40:
2022-05-18 16:50:33,782: - 	Remaining Targets: 67
2022-05-18 16:50:35,723: - 	Tile contains 8 galaxies, of which 2 are repeats
2022-05-18 16:50:35,723: - FINISHED TILE 40


2022-05-18 16:50:35,768: - Tile 41:
2022-05-18 16:50:35,768: - 	Remaining Targets: 61
2022-05-18 16:50:38,023: - 	Tile contains 10 galaxies, of which 7 are repeats
2022-05-18 16:50:38,023: - FINISHED TILE 41


2022-05-18 16:50:38,067: - Tile 42:
2022-05-18 16:50:38,067: - 	Remaining Targets: 58
2022-05-18 16:50:40,088: - 	Tile contains 15 galaxies, of which 9 are repeats
2022-05-18 16:50:40,088: - FINISHED TILE 42


2022-05-18 16:50:40,131: - Tile 43:
2022-05-18 16:50:40,131: - 	Remaining Targets: 52
2022-05-18 16:50:42,616: - 	Tile contains 19 galaxies, of which 18 are repeats
2022-05-18 16:50:42,616: - FINISHED TILE 43


2022-05-18 16:50:42,660: - Tile 44:
2022-05-18 16:50:42,660: - 	Remaining Targets: 51
2022-05-18 16:50:44,413: - 	Tile contains 7 galaxies, of which 2 are repeats
2022-05-18 16:50:44,414: - FINISHED TILE 44


2022-05-18 16:50:44,459: - Tile 45:
2022-05-18 16:50:44,459: - 	Remaining Targets: 46
2022-05-18 16:50:46,294: - 	Tile contains 5 galaxies, of which 0 are repeats
2022-05-18 16:50:46,294: - FINISHED TILE 45


2022-05-18 16:50:46,343: - Tile 46:
2022-05-18 16:50:46,343: - 	Remaining Targets: 41
2022-05-18 16:50:48,515: - 	Tile contains 15 galaxies, of which 14 are repeats
2022-05-18 16:50:48,515: - FINISHED TILE 46


2022-05-18 16:50:48,559: - Tile 47:
2022-05-18 16:50:48,559: - 	Remaining Targets: 40
2022-05-18 16:50:50,264: - 	Tile contains 5 galaxies, of which 1 are repeats
2022-05-18 16:50:50,264: - FINISHED TILE 47


2022-05-18 16:50:50,308: - Tile 48:
2022-05-18 16:50:50,308: - 	Remaining Targets: 36
2022-05-18 16:50:51,981: - 	Tile contains 3 galaxies, of which 0 are repeats
2022-05-18 16:50:51,981: - FINISHED TILE 48


2022-05-18 16:50:52,027: - Tile 49:
2022-05-18 16:50:52,027: - 	Remaining Targets: 33
2022-05-18 16:50:53,939: - 	Tile contains 5 galaxies, of which 3 are repeats
2022-05-18 16:50:53,939: - FINISHED TILE 49


2022-05-18 16:50:53,988: - Tile 50:
2022-05-18 16:50:53,988: - 	Remaining Targets: 31
2022-05-18 16:50:56,250: - 	Tile contains 12 galaxies, of which 10 are repeats
2022-05-18 16:50:56,250: - FINISHED TILE 50


2022-05-18 16:50:56,296: - Tile 51:
2022-05-18 16:50:56,296: - 	Remaining Targets: 29
2022-05-18 16:50:58,527: - 	Tile contains 12 galaxies, of which 11 are repeats
2022-05-18 16:50:58,527: - FINISHED TILE 51


2022-05-18 16:50:58,573: - Tile 52:
2022-05-18 16:50:58,574: - 	Remaining Targets: 28
2022-05-18 16:51:00,461: - 	Tile contains 10 galaxies, of which 7 are repeats
2022-05-18 16:51:00,462: - FINISHED TILE 52


2022-05-18 16:51:00,507: - Tile 53:
2022-05-18 16:51:00,508: - 	Remaining Targets: 25
2022-05-18 16:51:02,473: - 	Tile contains 12 galaxies, of which 9 are repeats
2022-05-18 16:51:02,474: - FINISHED TILE 53


2022-05-18 16:51:02,520: - Tile 54:
2022-05-18 16:51:02,520: - 	Remaining Targets: 22
2022-05-18 16:51:04,261: - 	Tile contains 7 galaxies, of which 4 are repeats
2022-05-18 16:51:04,261: - FINISHED TILE 54


2022-05-18 16:51:04,307: - Tile 55:
2022-05-18 16:51:04,307: - 	Remaining Targets: 19
2022-05-18 16:51:06,086: - 	Tile contains 10 galaxies, of which 7 are repeats
2022-05-18 16:51:06,086: - FINISHED TILE 55


2022-05-18 16:51:06,134: - Tile 56:
2022-05-18 16:51:06,134: - 	Remaining Targets: 16
2022-05-18 16:51:08,485: - 	Tile contains 14 galaxies, of which 13 are repeats
2022-05-18 16:51:08,485: - FINISHED TILE 56


2022-05-18 16:51:08,531: - Tile 57:
2022-05-18 16:51:08,531: - 	Remaining Targets: 15
2022-05-18 16:51:10,219: - 	Tile contains 2 galaxies, of which 0 are repeats
2022-05-18 16:51:10,220: - FINISHED TILE 57


2022-05-18 16:51:10,267: - Tile 58:
2022-05-18 16:51:10,267: - 	Remaining Targets: 13
2022-05-18 16:51:11,946: - 	Tile contains 2 galaxies, of which 0 are repeats
2022-05-18 16:51:11,946: - FINISHED TILE 58


2022-05-18 16:51:11,994: - Tile 59:
2022-05-18 16:51:11,994: - 	Remaining Targets: 11
2022-05-18 16:51:13,909: - 	Tile contains 10 galaxies, of which 8 are repeats
2022-05-18 16:51:13,909: - FINISHED TILE 59


2022-05-18 16:51:13,958: - Tile 60:
2022-05-18 16:51:13,958: - 	Remaining Targets: 9
2022-05-18 16:51:15,602: - 	Tile contains 2 galaxies, of which 0 are repeats
2022-05-18 16:51:15,602: - FINISHED TILE 60


2022-05-18 16:51:15,649: - Tile 61:
2022-05-18 16:51:15,649: - 	Remaining Targets: 7
2022-05-18 16:51:17,734: - 	Tile contains 6 galaxies, of which 5 are repeats
2022-05-18 16:51:17,734: - FINISHED TILE 61


2022-05-18 16:51:17,781: - Tile 62:
2022-05-18 16:51:17,781: - 	Remaining Targets: 6
2022-05-18 16:51:19,897: - 	Tile contains 9 galaxies, of which 8 are repeats
2022-05-18 16:51:19,897: - FINISHED TILE 62


2022-05-18 16:51:19,945: - Tile 63:
2022-05-18 16:51:19,945: - 	Remaining Targets: 5
2022-05-18 16:51:22,663: - 	Tile contains 15 galaxies, of which 14 are repeats
2022-05-18 16:51:22,663: - FINISHED TILE 63


2022-05-18 16:51:22,711: - Tile 64:
2022-05-18 16:51:22,711: - 	Remaining Targets: 4
2022-05-18 16:51:25,913: - 	Tile contains 15 galaxies, of which 14 are repeats
2022-05-18 16:51:25,913: - FINISHED TILE 64


2022-05-18 16:51:25,960: - Tile 65:
2022-05-18 16:51:25,961: - 	Remaining Targets: 3
2022-05-18 16:51:27,951: - 	Tile contains 6 galaxies, of which 5 are repeats
2022-05-18 16:51:27,951: - FINISHED TILE 65


2022-05-18 16:51:28,000: - Tile 66:
2022-05-18 16:51:28,000: - 	Remaining Targets: 2
2022-05-18 16:51:30,199: - 	Tile contains 3 galaxies, of which 2 are repeats
2022-05-18 16:51:30,199: - FINISHED TILE 66


2022-05-18 16:51:30,247: - Tile 67:
2022-05-18 16:51:30,248: - 	Remaining Targets: 1
2022-05-18 16:51:33,231: - 	Tile contains 3 galaxies, of which 2 are repeats
2022-05-18 16:51:33,231: - FINISHED TILE 67


2022-05-18 16:51:33,278: - 


2022-05-18 16:51:33,278: - Done!
