2022-05-18 16:27:46,069: - Robot Temperature: 12 C, Obs Temperature: 12 C. date=2022 01 15


2022-05-18 16:27:46,072: - Adding extra columns to the target dataframe
2022-05-18 16:27:46,084: - Total Targets in field to tile: 694

2022-05-18 16:27:46,085: - Tile 0:
2022-05-18 16:27:46,085: - 	Remaining Targets: 694
2022-05-18 16:27:52,850: - 	Tile contains 19 galaxies, of which 0 are repeats
2022-05-18 16:27:52,851: - FINISHED TILE 0


2022-05-18 16:27:52,876: - Tile 1:
2022-05-18 16:27:52,876: - 	Remaining Targets: 674
2022-05-18 16:27:59,070: - 	Tile contains 19 galaxies, of which 0 are repeats
2022-05-18 16:27:59,070: - FINISHED TILE 1


2022-05-18 16:27:59,093: - Tile 2:
2022-05-18 16:27:59,093: - 	Remaining Targets: 655
2022-05-18 16:28:04,900: - 	Tile contains 19 galaxies, of which 0 are repeats
2022-05-18 16:28:04,900: - FINISHED TILE 2


2022-05-18 16:28:04,922: - Tile 3:
2022-05-18 16:28:04,922: - 	Remaining Targets: 633
2022-05-18 16:28:10,065: - 	Tile contains 19 galaxies, of which 0 are repeats
2022-05-18 16:28:10,065: - FINISHED TILE 3


2022-05-18 16:28:10,088: - Tile 4:
2022-05-18 16:28:10,088: - 	Remaining Targets: 612
2022-05-18 16:28:16,045: - 	Tile contains 19 galaxies, of which 0 are repeats
2022-05-18 16:28:16,045: - FINISHED TILE 4


2022-05-18 16:28:16,070: - Tile 5:
2022-05-18 16:28:16,071: - 	Remaining Targets: 591
2022-05-18 16:28:22,141: - 	Tile contains 19 galaxies, of which 0 are repeats
2022-05-18 16:28:22,142: - FINISHED TILE 5


2022-05-18 16:28:22,171: - Tile 6:
2022-05-18 16:28:22,171: - 	Remaining Targets: 570
2022-05-18 16:28:29,967: - 	Tile contains 19 galaxies, of which 0 are repeats
2022-05-18 16:28:29,968: - FINISHED TILE 6


2022-05-18 16:28:29,995: - Tile 7:
2022-05-18 16:28:29,995: - 	Remaining Targets: 547
2022-05-18 16:28:35,629: - 	Tile contains 19 galaxies, of which 0 are repeats
2022-05-18 16:28:35,630: - FINISHED TILE 7


2022-05-18 16:28:35,667: - Tile 8:
2022-05-18 16:28:35,667: - 	Remaining Targets: 525
2022-05-18 16:28:41,755: - 	Tile contains 19 galaxies, of which 0 are repeats
2022-05-18 16:28:41,756: - FINISHED TILE 8


2022-05-18 16:28:41,797: - Tile 9:
2022-05-18 16:28:41,798: - 	Remaining Targets: 505
2022-05-18 16:28:47,118: - 	Tile contains 19 galaxies, of which 0 are repeats
2022-05-18 16:28:47,118: - FINISHED TILE 9


2022-05-18 16:28:47,145: - Tile 10:
2022-05-18 16:28:47,146: - 	Remaining Targets: 485
2022-05-18 16:28:53,138: - 	Tile contains 19 galaxies, of which 0 are repeats
2022-05-18 16:28:53,138: - FINISHED TILE 10


2022-05-18 16:28:53,183: - Tile 11:
2022-05-18 16:28:53,184: - 	Remaining Targets: 464
2022-05-18 16:28:58,118: - 	Tile contains 19 galaxies, of which 0 are repeats
2022-05-18 16:28:58,118: - FINISHED TILE 11


2022-05-18 16:28:58,149: - Tile 12:
2022-05-18 16:28:58,149: - 	Remaining Targets: 443
2022-05-18 16:29:03,388: - 	Tile contains 19 galaxies, of which 0 are repeats
2022-05-18 16:29:03,389: - FINISHED TILE 12


2022-05-18 16:29:03,440: - Tile 13:
2022-05-18 16:29:03,440: - 	Remaining Targets: 422
2022-05-18 16:29:07,534: - 	Tile contains 19 galaxies, of which 0 are repeats
2022-05-18 16:29:07,534: - FINISHED TILE 13


2022-05-18 16:29:07,563: - Tile 14:
2022-05-18 16:29:07,563: - 	Remaining Targets: 402
2022-05-18 16:29:12,043: - 	Tile contains 19 galaxies, of which 0 are repeats
2022-05-18 16:29:12,043: - FINISHED TILE 14


2022-05-18 16:29:12,074: - Tile 15:
2022-05-18 16:29:12,074: - 	Remaining Targets: 381
2022-05-18 16:29:16,114: - 	Tile contains 19 galaxies, of which 0 are repeats
2022-05-18 16:29:16,114: - FINISHED TILE 15


2022-05-18 16:29:16,148: - Tile 16:
2022-05-18 16:29:16,148: - 	Remaining Targets: 361
2022-05-18 16:29:21,301: - 	Tile contains 19 galaxies, of which 0 are repeats
2022-05-18 16:29:21,301: - FINISHED TILE 16


2022-05-18 16:29:21,331: - Tile 17:
2022-05-18 16:29:21,331: - 	Remaining Targets: 339
2022-05-18 16:29:24,984: - 	Tile contains 19 galaxies, of which 0 are repeats
2022-05-18 16:29:24,985: - FINISHED TILE 17


2022-05-18 16:29:25,016: - Tile 18:
2022-05-18 16:29:25,016: - 	Remaining Targets: 319
2022-05-18 16:29:28,962: - 	Tile contains 19 galaxies, of which 0 are repeats
2022-05-18 16:29:28,963: - FINISHED TILE 18


2022-05-18 16:29:28,993: - Tile 19:
2022-05-18 16:29:28,994: - 	Remaining Targets: 299
2022-05-18 16:29:33,259: - 	Tile contains 19 galaxies, of which 0 are repeats
2022-05-18 16:29:33,260: - FINISHED TILE 19


2022-05-18 16:29:33,292: - Tile 20:
2022-05-18 16:29:33,292: - 	Remaining Targets: 280
2022-05-18 16:29:37,087: - 	Tile contains 19 galaxies, of which 0 are repeats
2022-05-18 16:29:37,087: - FINISHED TILE 20


2022-05-18 16:29:37,119: - Tile 21:
2022-05-18 16:29:37,120: - 	Remaining Targets: 260
2022-05-18 16:29:41,619: - 	Tile contains 19 galaxies, of which 4 are repeats
2022-05-18 16:29:41,619: - FINISHED TILE 21


2022-05-18 16:29:41,655: - Tile 22:
2022-05-18 16:29:41,655: - 	Remaining Targets: 243
2022-05-18 16:29:45,609: - 	Tile contains 19 galaxies, of which 8 are repeats
2022-05-18 16:29:45,610: - FINISHED TILE 22


2022-05-18 16:29:45,645: - Tile 23:
2022-05-18 16:29:45,646: - 	Remaining Targets: 232
2022-05-18 16:29:49,407: - 	Tile contains 14 galaxies, of which 1 are repeats
2022-05-18 16:29:49,408: - FINISHED TILE 23


2022-05-18 16:29:49,445: - Tile 24:
2022-05-18 16:29:49,445: - 	Remaining Targets: 219
2022-05-18 16:29:54,205: - 	Tile contains 18 galaxies, of which 9 are repeats
2022-05-18 16:29:54,205: - FINISHED TILE 24


2022-05-18 16:29:54,240: - Tile 25:
2022-05-18 16:29:54,241: - 	Remaining Targets: 210
2022-05-18 16:29:58,012: - 	Tile contains 18 galaxies, of which 8 are repeats
2022-05-18 16:29:58,012: - FINISHED TILE 25


2022-05-18 16:29:58,051: - Tile 26:
2022-05-18 16:29:58,052: - 	Remaining Targets: 200
2022-05-18 16:30:03,054: - 	Tile contains 17 galaxies, of which 1 are repeats
2022-05-18 16:30:03,054: - FINISHED TILE 26


2022-05-18 16:30:03,091: - Tile 27:
2022-05-18 16:30:03,091: - 	Remaining Targets: 183
2022-05-18 16:30:07,886: - 	Tile contains 18 galaxies, of which 0 are repeats
2022-05-18 16:30:07,886: - FINISHED TILE 27


2022-05-18 16:30:07,922: - Tile 28:
2022-05-18 16:30:07,922: - 	Remaining Targets: 164
2022-05-18 16:30:11,554: - 	Tile contains 14 galaxies, of which 1 are repeats
2022-05-18 16:30:11,554: - FINISHED TILE 28


2022-05-18 16:30:11,590: - Tile 29:
2022-05-18 16:30:11,590: - 	Remaining Targets: 150
2022-05-18 16:30:16,341: - 	Tile contains 14 galaxies, of which 6 are repeats
2022-05-18 16:30:16,341: - FINISHED TILE 29


2022-05-18 16:30:16,379: - Tile 30:
2022-05-18 16:30:16,379: - 	Remaining Targets: 142
2022-05-18 16:30:20,678: - 	Tile contains 14 galaxies, of which 8 are repeats
2022-05-18 16:30:20,679: - FINISHED TILE 30


2022-05-18 16:30:20,714: - Tile 31:
2022-05-18 16:30:20,715: - 	Remaining Targets: 136
2022-05-18 16:30:24,766: - 	Tile contains 16 galaxies, of which 7 are repeats
2022-05-18 16:30:24,766: - FINISHED TILE 31


2022-05-18 16:30:24,802: - Tile 32:
2022-05-18 16:30:24,803: - 	Remaining Targets: 127
2022-05-18 16:30:28,788: - 	Tile contains 12 galaxies, of which 1 are repeats
2022-05-18 16:30:28,789: - FINISHED TILE 32


2022-05-18 16:30:28,825: - Tile 33:
2022-05-18 16:30:28,826: - 	Remaining Targets: 116
2022-05-18 16:30:32,437: - 	Tile contains 19 galaxies, of which 14 are repeats
2022-05-18 16:30:32,437: - FINISHED TILE 33


2022-05-18 16:30:32,475: - Tile 34:
2022-05-18 16:30:32,475: - 	Remaining Targets: 111
2022-05-18 16:30:35,743: - 	Tile contains 12 galaxies, of which 2 are repeats
2022-05-18 16:30:35,743: - FINISHED TILE 34


2022-05-18 16:30:35,783: - Tile 35:
2022-05-18 16:30:35,783: - 	Remaining Targets: 101
2022-05-18 16:30:40,047: - 	Tile contains 17 galaxies, of which 12 are repeats
2022-05-18 16:30:40,047: - FINISHED TILE 35


2022-05-18 16:30:40,087: - Tile 36:
2022-05-18 16:30:40,087: - 	Remaining Targets: 95
2022-05-18 16:30:43,726: - 	Tile contains 7 galaxies, of which 1 are repeats
2022-05-18 16:30:43,726: - FINISHED TILE 36


2022-05-18 16:30:43,767: - Tile 37:
2022-05-18 16:30:43,768: - 	Remaining Targets: 89
2022-05-18 16:30:47,714: - 	Tile contains 8 galaxies, of which 0 are repeats
2022-05-18 16:30:47,714: - FINISHED TILE 37


2022-05-18 16:30:47,756: - Tile 38:
2022-05-18 16:30:47,756: - 	Remaining Targets: 81
2022-05-18 16:30:52,231: - 	Tile contains 18 galaxies, of which 16 are repeats
2022-05-18 16:30:52,231: - FINISHED TILE 38


2022-05-18 16:30:52,272: - Tile 39:
2022-05-18 16:30:52,272: - 	Remaining Targets: 79
2022-05-18 16:30:56,332: - 	Tile contains 10 galaxies, of which 4 are repeats
2022-05-18 16:30:56,333: - FINISHED TILE 39


2022-05-18 16:30:56,374: - Tile 40:
2022-05-18 16:30:56,374: - 	Remaining Targets: 73
2022-05-18 16:31:00,771: - 	Tile contains 15 galaxies, of which 8 are repeats
2022-05-18 16:31:00,772: - FINISHED TILE 40


2022-05-18 16:31:00,813: - Tile 41:
2022-05-18 16:31:00,813: - 	Remaining Targets: 66
2022-05-18 16:31:04,657: - 	Tile contains 8 galaxies, of which 2 are repeats
2022-05-18 16:31:04,658: - FINISHED TILE 41


2022-05-18 16:31:04,700: - Tile 42:
2022-05-18 16:31:04,700: - 	Remaining Targets: 60
2022-05-18 16:31:10,146: - 	Tile contains 10 galaxies, of which 4 are repeats
2022-05-18 16:31:10,147: - FINISHED TILE 42


2022-05-18 16:31:10,193: - Tile 43:
2022-05-18 16:31:10,193: - 	Remaining Targets: 54
2022-05-18 16:31:14,486: - 	Tile contains 19 galaxies, of which 18 are repeats
2022-05-18 16:31:14,486: - FINISHED TILE 43


2022-05-18 16:31:14,532: - Tile 44:
2022-05-18 16:31:14,532: - 	Remaining Targets: 53
2022-05-18 16:31:19,201: - 	Tile contains 16 galaxies, of which 14 are repeats
2022-05-18 16:31:19,201: - FINISHED TILE 44


2022-05-18 16:31:19,246: - Tile 45:
2022-05-18 16:31:19,246: - 	Remaining Targets: 51
2022-05-18 16:31:23,040: - 	Tile contains 6 galaxies, of which 1 are repeats
2022-05-18 16:31:23,041: - FINISHED TILE 45


2022-05-18 16:31:23,085: - Tile 46:
2022-05-18 16:31:23,085: - 	Remaining Targets: 46
2022-05-18 16:31:27,179: - 	Tile contains 18 galaxies, of which 17 are repeats
2022-05-18 16:31:27,179: - FINISHED TILE 46


2022-05-18 16:31:27,225: - Tile 47:
2022-05-18 16:31:27,225: - 	Remaining Targets: 45
2022-05-18 16:31:31,608: - 	Tile contains 5 galaxies, of which 1 are repeats
2022-05-18 16:31:31,608: - FINISHED TILE 47


2022-05-18 16:31:31,656: - Tile 48:
2022-05-18 16:31:31,657: - 	Remaining Targets: 41
2022-05-18 16:31:35,721: - 	Tile contains 7 galaxies, of which 3 are repeats
2022-05-18 16:31:35,721: - FINISHED TILE 48


2022-05-18 16:31:35,782: - Tile 49:
2022-05-18 16:31:35,782: - 	Remaining Targets: 37
2022-05-18 16:31:41,499: - 	Tile contains 8 galaxies, of which 5 are repeats
2022-05-18 16:31:41,499: - FINISHED TILE 49


2022-05-18 16:31:41,545: - Tile 50:
2022-05-18 16:31:41,545: - 	Remaining Targets: 34
2022-05-18 16:31:43,650: - 	Tile contains 3 galaxies, of which 0 are repeats
2022-05-18 16:31:43,651: - FINISHED TILE 50


2022-05-18 16:31:43,695: - Tile 51:
2022-05-18 16:31:43,695: - 	Remaining Targets: 31
2022-05-18 16:31:49,139: - 	Tile contains 9 galaxies, of which 7 are repeats
2022-05-18 16:31:49,139: - FINISHED TILE 51


2022-05-18 16:31:49,185: - Tile 52:
2022-05-18 16:31:49,185: - 	Remaining Targets: 29
2022-05-18 16:31:53,593: - 	Tile contains 8 galaxies, of which 5 are repeats
2022-05-18 16:31:53,593: - FINISHED TILE 52


2022-05-18 16:31:53,647: - Tile 53:
2022-05-18 16:31:53,648: - 	Remaining Targets: 26
2022-05-18 16:31:57,778: - 	Tile contains 18 galaxies, of which 17 are repeats
2022-05-18 16:31:57,778: - FINISHED TILE 53


2022-05-18 16:31:57,825: - Tile 54:
2022-05-18 16:31:57,825: - 	Remaining Targets: 25
2022-05-18 16:32:01,160: - 	Tile contains 3 galaxies, of which 1 are repeats
2022-05-18 16:32:01,160: - FINISHED TILE 54


2022-05-18 16:32:01,207: - Tile 55:
2022-05-18 16:32:01,207: - 	Remaining Targets: 23
2022-05-18 16:32:03,186: - 	Tile contains 2 galaxies, of which 0 are repeats
2022-05-18 16:32:03,187: - FINISHED TILE 55


2022-05-18 16:32:03,232: - Tile 56:
2022-05-18 16:32:03,232: - 	Remaining Targets: 21
2022-05-18 16:32:06,885: - 	Tile contains 8 galaxies, of which 5 are repeats
2022-05-18 16:32:06,885: - FINISHED TILE 56


2022-05-18 16:32:06,933: - Tile 57:
2022-05-18 16:32:06,933: - 	Remaining Targets: 18
2022-05-18 16:32:12,445: - 	Tile contains 10 galaxies, of which 7 are repeats
2022-05-18 16:32:12,445: - FINISHED TILE 57


2022-05-18 16:32:12,493: - Tile 58:
2022-05-18 16:32:12,493: - 	Remaining Targets: 15
2022-05-18 16:32:16,843: - 	Tile contains 16 galaxies, of which 15 are repeats
2022-05-18 16:32:16,843: - FINISHED TILE 58


2022-05-18 16:32:16,890: - Tile 59:
2022-05-18 16:32:16,891: - 	Remaining Targets: 14
2022-05-18 16:32:20,716: - 	Tile contains 5 galaxies, of which 3 are repeats
2022-05-18 16:32:20,716: - FINISHED TILE 59


2022-05-18 16:32:20,766: - Tile 60:
2022-05-18 16:32:20,766: - 	Remaining Targets: 12
2022-05-18 16:32:24,821: - 	Tile contains 6 galaxies, of which 4 are repeats
2022-05-18 16:32:24,822: - FINISHED TILE 60


2022-05-18 16:32:25,001: - Tile 61:
2022-05-18 16:32:25,001: - 	Remaining Targets: 10
2022-05-18 16:32:30,613: - 	Tile contains 6 galaxies, of which 4 are repeats
2022-05-18 16:32:30,614: - FINISHED TILE 61


2022-05-18 16:32:30,667: - Tile 62:
2022-05-18 16:32:30,668: - 	Remaining Targets: 8
2022-05-18 16:32:33,405: - 	Tile contains 2 galaxies, of which 0 are repeats
2022-05-18 16:32:33,405: - FINISHED TILE 62


2022-05-18 16:32:33,456: - Tile 63:
2022-05-18 16:32:33,456: - 	Remaining Targets: 6
2022-05-18 16:32:36,946: - 	Tile contains 2 galaxies, of which 0 are repeats
2022-05-18 16:32:36,947: - FINISHED TILE 63


2022-05-18 16:32:36,993: - Tile 64:
2022-05-18 16:32:36,993: - 	Remaining Targets: 4
2022-05-18 16:32:42,563: - 	Tile contains 1 galaxies, of which 0 are repeats
2022-05-18 16:32:42,563: - FINISHED TILE 64


2022-05-18 16:32:42,618: - Tile 65:
2022-05-18 16:32:42,618: - 	Remaining Targets: 3
2022-05-18 16:32:47,970: - 	Tile contains 9 galaxies, of which 8 are repeats
2022-05-18 16:32:47,971: - FINISHED TILE 65


2022-05-18 16:32:48,019: - Tile 66:
2022-05-18 16:32:48,020: - 	Remaining Targets: 2
2022-05-18 16:32:52,683: - 	Tile contains 18 galaxies, of which 17 are repeats
2022-05-18 16:32:52,683: - FINISHED TILE 66


2022-05-18 16:32:52,735: - Tile 67:
2022-05-18 16:32:52,735: - 	Remaining Targets: 1
2022-05-18 16:32:56,285: - 	Tile contains 4 galaxies, of which 3 are repeats
2022-05-18 16:32:56,285: - FINISHED TILE 67


2022-05-18 16:32:56,335: - 


2022-05-18 16:32:56,335: - Done!
